# JRE version: OpenJDK Runtime Environment (8.0_222-b10) (build 1.8.0_222-8u222-b10-1ubuntu1~16.04.1-b10)
# Java VM: OpenJDK 64-Bit Server VM (25.222-b10 mixed mode linux-amd64 compressed oops)
Heap:
 PSYoungGen      total 168960K, used 96K [0x00000000e6600000, 0x00000000f2b80000, 0x0000000100000000)
  eden space 137728K, 0% used [0x00000000e6600000,0x00000000e6600000,0x00000000eec80000)
  from space 31232K, 0% used [0x00000000eec80000,0x00000000eec98000,0x00000000f0b00000)
  to   space 32768K, 0% used [0x00000000f0b00000,0x00000000f0b00000,0x00000000f2b00000)
 ParOldGen       total 86528K, used 13022K [0x00000000b3200000, 0x00000000b8680000, 0x00000000e6600000)
  object space 86528K, 15% used [0x00000000b3200000,0x00000000b3eb7b50,0x00000000b8680000)
 Metaspace       used 13635K, capacity 13804K, committed 14208K, reserved 1062912K
  class space    used 1473K, capacity 1546K, committed 1664K, reserved 1048576K
GC Heap History (10 events):
Event: 4.594 GC heap after
Heap after GC invocations=7 (full 1):
 PSYoungGen      total 88064K, used 654K [0x00000000e6600000, 0x00000000ee500000, 0x0000000100000000)
  eden space 52224K, 0% used [0x00000000e6600000,0x00000000e6600000,0x00000000e9900000)
  from space 35840K, 1% used [0x00000000ec200000,0x00000000ec2a3920,0x00000000ee500000)
  to   space 38912K, 0% used [0x00000000e9900000,0x00000000e9900000,0x00000000ebf00000)
 ParOldGen       total 86528K, used 12371K [0x00000000b3200000, 0x00000000b8680000, 0x00000000e6600000)
  object space 86528K, 14% used [0x00000000b3200000,0x00000000b3e14c20,0x00000000b8680000)
 Metaspace       used 13542K, capacity 13740K, committed 13952K, reserved 1060864K
  class space    used 1473K, capacity 1546K, committed 1664K, reserved 1048576K
}
Event: 4.719 GC heap before
{Heap before GC invocations=8 (full 1):
 PSYoungGen      total 88064K, used 52878K [0x00000000e6600000, 0x00000000ee500000, 0x0000000100000000)
  eden space 52224K, 100% used [0x00000000e6600000,0x00000000e9900000,0x00000000e9900000)
  from space 35840K, 1% used [0x00000000ec200000,0x00000000ec2a3920,0x00000000ee500000)
  to   space 38912K, 0% used [0x00000000e9900000,0x00000000e9900000,0x00000000ebf00000)
 ParOldGen       total 86528K, used 12371K [0x00000000b3200000, 0x00000000b8680000, 0x00000000e6600000)
  object space 86528K, 14% used [0x00000000b3200000,0x00000000b3e14c20,0x00000000b8680000)
 Metaspace       used 13550K, capacity 13740K, committed 13952K, reserved 1060864K
  class space    used 1473K, capacity 1546K, committed 1664K, reserved 1048576K
Event: 4.726 GC heap after
Heap after GC invocations=8 (full 1):
 PSYoungGen      total 91136K, used 676K [0x00000000e6600000, 0x00000000f0900000, 0x0000000100000000)
  eden space 52224K, 0% used [0x00000000e6600000,0x00000000e6600000,0x00000000e9900000)
  from space 38912K, 1% used [0x00000000e9900000,0x00000000e99a9338,0x00000000ebf00000)
  to   space 36352K, 0% used [0x00000000ee580000,0x00000000ee580000,0x00000000f0900000)
 ParOldGen       total 86528K, used 12379K [0x00000000b3200000, 0x00000000b8680000, 0x00000000e6600000)
  object space 86528K, 14% used [0x00000000b3200000,0x00000000b3e16c20,0x00000000b8680000)
 Metaspace       used 13550K, capacity 13740K, committed 13952K, reserved 1060864K
  class space    used 1473K, capacity 1546K, committed 1664K, reserved 1048576K
}
Event: 4.869 GC heap before
{Heap before GC invocations=9 (full 1):
 PSYoungGen      total 91136K, used 52900K [0x00000000e6600000, 0x00000000f0900000, 0x0000000100000000)
  eden space 52224K, 100% used [0x00000000e6600000,0x00000000e9900000,0x00000000e9900000)
  from space 38912K, 1% used [0x00000000e9900000,0x00000000e99a9338,0x00000000ebf00000)
  to   space 36352K, 0% used [0x00000000ee580000,0x00000000ee580000,0x00000000f0900000)
 ParOldGen       total 86528K, used 12379K [0x00000000b3200000, 0x00000000b8680000, 0x00000000e6600000)
  object space 86528K, 14% used [0x00000000b3200000,0x00000000b3e16c20,0x00000000b8680000)
 Metaspace       used 13561K, capacity 13740K, committed 13952K, reserved 1060864K
  class space    used 1473K, capacity 1546K, committed 1664K, reserved 1048576K
Event: 4.876 GC heap after
Heap after GC invocations=9 (full 1):
 PSYoungGen      total 125440K, used 96K [0x00000000e6600000, 0x00000000f0480000, 0x0000000100000000)
  eden space 93696K, 0% used [0x00000000e6600000,0x00000000e6600000,0x00000000ec180000)
  from space 31744K, 0% used [0x00000000ee580000,0x00000000ee598000,0x00000000f0480000)
  to   space 34304K, 0% used [0x00000000ec180000,0x00000000ec180000,0x00000000ee300000)
 ParOldGen       total 86528K, used 12942K [0x00000000b3200000, 0x00000000b8680000, 0x00000000e6600000)
  object space 86528K, 14% used [0x00000000b3200000,0x00000000b3ea3b50,0x00000000b8680000)
 Metaspace       used 13561K, capacity 13740K, committed 13952K, reserved 1060864K
  class space    used 1473K, capacity 1546K, committed 1664K, reserved 1048576K
}
Event: 5.224 GC heap before
{Heap before GC invocations=10 (full 1):
 PSYoungGen      total 125440K, used 93792K [0x00000000e6600000, 0x00000000f0480000, 0x0000000100000000)
  eden space 93696K, 100% used [0x00000000e6600000,0x00000000ec180000,0x00000000ec180000)
  from space 31744K, 0% used [0x00000000ee580000,0x00000000ee598000,0x00000000f0480000)
  to   space 34304K, 0% used [0x00000000ec180000,0x00000000ec180000,0x00000000ee300000)
 ParOldGen       total 86528K, used 12942K [0x00000000b3200000, 0x00000000b8680000, 0x00000000e6600000)
  object space 86528K, 14% used [0x00000000b3200000,0x00000000b3ea3b50,0x00000000b8680000)
 Metaspace       used 13593K, capacity 13804K, committed 14208K, reserved 1062912K
  class space    used 1473K, capacity 1546K, committed 1664K, reserved 1048576K
Event: 5.226 GC heap after
Heap after GC invocations=10 (full 1):
 PSYoungGen      total 128000K, used 96K [0x00000000e6600000, 0x00000000f2b00000, 0x0000000100000000)
  eden space 93696K, 0% used [0x00000000e6600000,0x00000000e6600000,0x00000000ec180000)
  from space 34304K, 0% used [0x00000000ec180000,0x00000000ec198000,0x00000000ee300000)
  to   space 32768K, 0% used [0x00000000f0b00000,0x00000000f0b00000,0x00000000f2b00000)
 ParOldGen       total 86528K, used 12990K [0x00000000b3200000, 0x00000000b8680000, 0x00000000e6600000)
  object space 86528K, 15% used [0x00000000b3200000,0x00000000b3eafb50,0x00000000b8680000)
 Metaspace       used 13593K, capacity 13804K, committed 14208K, reserved 1062912K
  class space    used 1473K, capacity 1546K, committed 1664K, reserved 1048576K
}
Event: 5.599 GC heap before
{Heap before GC invocations=11 (full 1):
 PSYoungGen      total 128000K, used 93792K [0x00000000e6600000, 0x00000000f2b00000, 0x0000000100000000)
  eden space 93696K, 100% used [0x00000000e6600000,0x00000000ec180000,0x00000000ec180000)
  from space 34304K, 0% used [0x00000000ec180000,0x00000000ec198000,0x00000000ee300000)
  to   space 32768K, 0% used [0x00000000f0b00000,0x00000000f0b00000,0x00000000f2b00000)
 ParOldGen       total 86528K, used 12990K [0x00000000b3200000, 0x00000000b8680000, 0x00000000e6600000)
  object space 86528K, 15% used [0x00000000b3200000,0x00000000b3eafb50,0x00000000b8680000)
 Metaspace       used 13601K, capacity 13804K, committed 14208K, reserved 1062912K
  class space    used 1473K, capacity 1546K, committed 1664K, reserved 1048576K
Event: 5.638 GC heap after
Heap after GC invocations=11 (full 1):
 PSYoungGen      total 170496K, used 64K [0x00000000e6600000, 0x00000000f2b80000, 0x0000000100000000)
  eden space 137728K, 0% used [0x00000000e6600000,0x00000000e6600000,0x00000000eec80000)
  from space 32768K, 0% used [0x00000000f0b00000,0x00000000f0b10000,0x00000000f2b00000)
  to   space 31232K, 0% used [0x00000000eec80000,0x00000000eec80000,0x00000000f0b00000)
 ParOldGen       total 86528K, used 12998K [0x00000000b3200000, 0x00000000b8680000, 0x00000000e6600000)
  object space 86528K, 15% used [0x00000000b3200000,0x00000000b3eb1b50,0x00000000b8680000)
 Metaspace       used 13601K, capacity 13804K, committed 14208K, reserved 1062912K
  class space    used 1473K, capacity 1546K, committed 1664K, reserved 1048576K
}
Event: 6.163 GC heap before
{Heap before GC invocations=12 (full 1):
 PSYoungGen      total 170496K, used 137792K [0x00000000e6600000, 0x00000000f2b80000, 0x0000000100000000)
  eden space 137728K, 100% used [0x00000000e6600000,0x00000000eec80000,0x00000000eec80000)
  from space 32768K, 0% used [0x00000000f0b00000,0x00000000f0b10000,0x00000000f2b00000)
  to   space 31232K, 0% used [0x00000000eec80000,0x00000000eec80000,0x00000000f0b00000)
 ParOldGen       total 86528K, used 12998K [0x00000000b3200000, 0x00000000b8680000, 0x00000000e6600000)
  object space 86528K, 15% used [0x00000000b3200000,0x00000000b3eb1b50,0x00000000b8680000)
 Metaspace       used 13635K, capacity 13804K, committed 14208K, reserved 1062912K
  class space    used 1473K, capacity 1546K, committed 1664K, reserved 1048576K

