# JRE version: OpenJDK Runtime Environment (8.0_222-b10) (build 1.8.0_222-8u222-b10-1ubuntu1~16.04.1-b10)
# Java VM: OpenJDK 64-Bit Server VM (25.222-b10 mixed mode linux-amd64 compressed oops)
Heap:
 PSYoungGen      total 419328K, used 259702K [0x00000000e6600000, 0x0000000100000000, 0x0000000100000000)
  eden space 418816K, 62% used [0x00000000e6600000,0x00000000f6395838,0x00000000fff00000)
  from space 512K, 6% used [0x00000000fff80000,0x00000000fff88000,0x0000000100000000)
  to   space 512K, 0% used [0x00000000fff00000,0x00000000fff00000,0x00000000fff80000)
 ParOldGen       total 121344K, used 53814K [0x00000000b3200000, 0x00000000ba880000, 0x00000000e6600000)
  object space 121344K, 44% used [0x00000000b3200000,0x00000000b668d918,0x00000000ba880000)
 Metaspace       used 16243K, capacity 16532K, committed 16768K, reserved 1064960K
  class space    used 1735K, capacity 1816K, committed 1920K, reserved 1048576K
GC Heap History (10 events):
Event: 183.426 GC heap before
{Heap before GC invocations=252 (full 2):
 PSYoungGen      total 419328K, used 418848K [0x00000000e6600000, 0x0000000100000000, 0x0000000100000000)
  eden space 418816K, 100% used [0x00000000e6600000,0x00000000fff00000,0x00000000fff00000)
  from space 512K, 6% used [0x00000000fff00000,0x00000000fff08000,0x00000000fff80000)
  to   space 512K, 0% used [0x00000000fff80000,0x00000000fff80000,0x0000000100000000)
 ParOldGen       total 121344K, used 53798K [0x00000000b3200000, 0x00000000ba880000, 0x00000000e6600000)
  object space 121344K, 44% used [0x00000000b3200000,0x00000000b6689918,0x00000000ba880000)
 Metaspace       used 16193K, capacity 16462K, committed 16768K, reserved 1064960K
  class space    used 1734K, capacity 1815K, committed 1920K, reserved 1048576K
Event: 183.453 GC heap after
Heap after GC invocations=252 (full 2):
 PSYoungGen      total 419328K, used 96K [0x00000000e6600000, 0x0000000100000000, 0x0000000100000000)
  eden space 418816K, 0% used [0x00000000e6600000,0x00000000e6600000,0x00000000fff00000)
  from space 512K, 18% used [0x00000000fff80000,0x00000000fff98000,0x0000000100000000)
  to   space 512K, 0% used [0x00000000fff00000,0x00000000fff00000,0x00000000fff80000)
 ParOldGen       total 121344K, used 53806K [0x00000000b3200000, 0x00000000ba880000, 0x00000000e6600000)
  object space 121344K, 44% used [0x00000000b3200000,0x00000000b668b918,0x00000000ba880000)
 Metaspace       used 16193K, capacity 16462K, committed 16768K, reserved 1064960K
  class space    used 1734K, capacity 1815K, committed 1920K, reserved 1048576K
}
Event: 184.298 GC heap before
{Heap before GC invocations=253 (full 2):
 PSYoungGen      total 419328K, used 418912K [0x00000000e6600000, 0x0000000100000000, 0x0000000100000000)
  eden space 418816K, 100% used [0x00000000e6600000,0x00000000fff00000,0x00000000fff00000)
  from space 512K, 18% used [0x00000000fff80000,0x00000000fff98000,0x0000000100000000)
  to   space 512K, 0% used [0x00000000fff00000,0x00000000fff00000,0x00000000fff80000)
 ParOldGen       total 121344K, used 53806K [0x00000000b3200000, 0x00000000ba880000, 0x00000000e6600000)
  object space 121344K, 44% used [0x00000000b3200000,0x00000000b668b918,0x00000000ba880000)
 Metaspace       used 16195K, capacity 16462K, committed 16768K, reserved 1064960K
  class space    used 1734K, capacity 1815K, committed 1920K, reserved 1048576K
Event: 184.345 GC heap after
Heap after GC invocations=253 (full 2):
 PSYoungGen      total 419328K, used 128K [0x00000000e6600000, 0x0000000100000000, 0x0000000100000000)
  eden space 418816K, 0% used [0x00000000e6600000,0x00000000e6600000,0x00000000fff00000)
  from space 512K, 25% used [0x00000000fff00000,0x00000000fff20000,0x00000000fff80000)
  to   space 512K, 0% used [0x00000000fff80000,0x00000000fff80000,0x0000000100000000)
 ParOldGen       total 121344K, used 53806K [0x00000000b3200000, 0x00000000ba880000, 0x00000000e6600000)
  object space 121344K, 44% used [0x00000000b3200000,0x00000000b668b918,0x00000000ba880000)
 Metaspace       used 16195K, capacity 16462K, committed 16768K, reserved 1064960K
  class space    used 1734K, capacity 1815K, committed 1920K, reserved 1048576K
}
Event: 185.314 GC heap before
{Heap before GC invocations=254 (full 2):
 PSYoungGen      total 419328K, used 418944K [0x00000000e6600000, 0x0000000100000000, 0x0000000100000000)
  eden space 418816K, 100% used [0x00000000e6600000,0x00000000fff00000,0x00000000fff00000)
  from space 512K, 25% used [0x00000000fff00000,0x00000000fff20000,0x00000000fff80000)
  to   space 512K, 0% used [0x00000000fff80000,0x00000000fff80000,0x0000000100000000)
 ParOldGen       total 121344K, used 53806K [0x00000000b3200000, 0x00000000ba880000, 0x00000000e6600000)
  object space 121344K, 44% used [0x00000000b3200000,0x00000000b668b918,0x00000000ba880000)
 Metaspace       used 16196K, capacity 16462K, committed 16768K, reserved 1064960K
  class space    used 1734K, capacity 1815K, committed 1920K, reserved 1048576K
Event: 185.351 GC heap after
Heap after GC invocations=254 (full 2):
 PSYoungGen      total 419328K, used 96K [0x00000000e6600000, 0x0000000100000000, 0x0000000100000000)
  eden space 418816K, 0% used [0x00000000e6600000,0x00000000e6600000,0x00000000fff00000)
  from space 512K, 18% used [0x00000000fff80000,0x00000000fff98000,0x0000000100000000)
  to   space 512K, 0% used [0x00000000fff00000,0x00000000fff00000,0x00000000fff80000)
 ParOldGen       total 121344K, used 53806K [0x00000000b3200000, 0x00000000ba880000, 0x00000000e6600000)
  object space 121344K, 44% used [0x00000000b3200000,0x00000000b668b918,0x00000000ba880000)
 Metaspace       used 16196K, capacity 16462K, committed 16768K, reserved 1064960K
  class space    used 1734K, capacity 1815K, committed 1920K, reserved 1048576K
}
Event: 186.166 GC heap before
{Heap before GC invocations=255 (full 2):
 PSYoungGen      total 419328K, used 418912K [0x00000000e6600000, 0x0000000100000000, 0x0000000100000000)
  eden space 418816K, 100% used [0x00000000e6600000,0x00000000fff00000,0x00000000fff00000)
  from space 512K, 18% used [0x00000000fff80000,0x00000000fff98000,0x0000000100000000)
  to   space 512K, 0% used [0x00000000fff00000,0x00000000fff00000,0x00000000fff80000)
 ParOldGen       total 121344K, used 53806K [0x00000000b3200000, 0x00000000ba880000, 0x00000000e6600000)
  object space 121344K, 44% used [0x00000000b3200000,0x00000000b668b918,0x00000000ba880000)
 Metaspace       used 16196K, capacity 16462K, committed 16768K, reserved 1064960K
  class space    used 1734K, capacity 1815K, committed 1920K, reserved 1048576K
Event: 186.172 GC heap after
Heap after GC invocations=255 (full 2):
 PSYoungGen      total 419328K, used 32K [0x00000000e6600000, 0x0000000100000000, 0x0000000100000000)
  eden space 418816K, 0% used [0x00000000e6600000,0x00000000e6600000,0x00000000fff00000)
  from space 512K, 6% used [0x00000000fff00000,0x00000000fff08000,0x00000000fff80000)
  to   space 512K, 0% used [0x00000000fff80000,0x00000000fff80000,0x0000000100000000)
 ParOldGen       total 121344K, used 53814K [0x00000000b3200000, 0x00000000ba880000, 0x00000000e6600000)
  object space 121344K, 44% used [0x00000000b3200000,0x00000000b668d918,0x00000000ba880000)
 Metaspace       used 16196K, capacity 16462K, committed 16768K, reserved 1064960K
  class space    used 1734K, capacity 1815K, committed 1920K, reserved 1048576K
}
Event: 186.790 GC heap before
{Heap before GC invocations=256 (full 2):
 PSYoungGen      total 419328K, used 418848K [0x00000000e6600000, 0x0000000100000000, 0x0000000100000000)
  eden space 418816K, 100% used [0x00000000e6600000,0x00000000fff00000,0x00000000fff00000)
  from space 512K, 6% used [0x00000000fff00000,0x00000000fff08000,0x00000000fff80000)
  to   space 512K, 0% used [0x00000000fff80000,0x00000000fff80000,0x0000000100000000)
 ParOldGen       total 121344K, used 53814K [0x00000000b3200000, 0x00000000ba880000, 0x00000000e6600000)
  object space 121344K, 44% used [0x00000000b3200000,0x00000000b668d918,0x00000000ba880000)
 Metaspace       used 16197K, capacity 16462K, committed 16768K, reserved 1064960K
  class space    used 1734K, capacity 1815K, committed 1920K, reserved 1048576K
Event: 186.793 GC heap after
Heap after GC invocations=256 (full 2):
 PSYoungGen      total 419328K, used 32K [0x00000000e6600000, 0x0000000100000000, 0x0000000100000000)
  eden space 418816K, 0% used [0x00000000e6600000,0x00000000e6600000,0x00000000fff00000)
  from space 512K, 6% used [0x00000000fff80000,0x00000000fff88000,0x0000000100000000)
  to   space 512K, 0% used [0x00000000fff00000,0x00000000fff00000,0x00000000fff80000)
 ParOldGen       total 121344K, used 53814K [0x00000000b3200000, 0x00000000ba880000, 0x00000000e6600000)
  object space 121344K, 44% used [0x00000000b3200000,0x00000000b668d918,0x00000000ba880000)
 Metaspace       used 16197K, capacity 16462K, committed 16768K, reserved 1064960K
  class space    used 1734K, capacity 1815K, committed 1920K, reserved 1048576K
}

