# JRE version: OpenJDK Runtime Environment (8.0_222-b10) (build 1.8.0_222-8u222-b10-1ubuntu1~16.04.1-b10)
# Java VM: OpenJDK 64-Bit Server VM (25.222-b10 mixed mode linux-amd64 compressed oops)
Heap:
 PSYoungGen      total 230400K, used 64K [0x00000000e6600000, 0x00000000f4d00000, 0x0000000100000000)
  eden space 224256K, 0% used [0x00000000e6600000,0x00000000e6600000,0x00000000f4100000)
  from space 6144K, 1% used [0x00000000f4100000,0x00000000f4110000,0x00000000f4700000)
  to   space 1024K, 0% used [0x00000000f4c00000,0x00000000f4c00000,0x00000000f4d00000)
 ParOldGen       total 95232K, used 53188K [0x00000000b3200000, 0x00000000b8f00000, 0x00000000e6600000)
  object space 95232K, 55% used [0x00000000b3200000,0x00000000b65f1208,0x00000000b8f00000)
 Metaspace       used 14367K, capacity 14592K, committed 14720K, reserved 1062912K
  class space    used 1539K, capacity 1622K, committed 1664K, reserved 1048576K
GC Heap History (10 events):
Event: 29.955 GC heap after
Heap after GC invocations=13 (full 1):
 PSYoungGen      total 136192K, used 64K [0x00000000e6600000, 0x00000000ef580000, 0x0000000100000000)
  eden space 128000K, 0% used [0x00000000e6600000,0x00000000e6600000,0x00000000ee300000)
  from space 8192K, 0% used [0x00000000eea80000,0x00000000eea90000,0x00000000ef280000)
  to   space 7680K, 0% used [0x00000000ee300000,0x00000000ee300000,0x00000000eea80000)
 ParOldGen       total 95232K, used 53156K [0x00000000b3200000, 0x00000000b8f00000, 0x00000000e6600000)
  object space 95232K, 55% used [0x00000000b3200000,0x00000000b65e9208,0x00000000b8f00000)
 Metaspace       used 14191K, capacity 14464K, committed 14720K, reserved 1062912K
  class space    used 1539K, capacity 1622K, committed 1664K, reserved 1048576K
}
Event: 31.571 GC heap before
{Heap before GC invocations=14 (full 1):
 PSYoungGen      total 136192K, used 128064K [0x00000000e6600000, 0x00000000ef580000, 0x0000000100000000)
  eden space 128000K, 100% used [0x00000000e6600000,0x00000000ee300000,0x00000000ee300000)
  from space 8192K, 0% used [0x00000000eea80000,0x00000000eea90000,0x00000000ef280000)
  to   space 7680K, 0% used [0x00000000ee300000,0x00000000ee300000,0x00000000eea80000)
 ParOldGen       total 95232K, used 53156K [0x00000000b3200000, 0x00000000b8f00000, 0x00000000e6600000)
  object space 95232K, 55% used [0x00000000b3200000,0x00000000b65e9208,0x00000000b8f00000)
 Metaspace       used 14221K, capacity 14464K, committed 14720K, reserved 1062912K
  class space    used 1539K, capacity 1622K, committed 1664K, reserved 1048576K
Event: 31.587 GC heap after
Heap after GC invocations=14 (full 1):
 PSYoungGen      total 135680K, used 32K [0x00000000e6600000, 0x00000000f1880000, 0x0000000100000000)
  eden space 128000K, 0% used [0x00000000e6600000,0x00000000e6600000,0x00000000ee300000)
  from space 7680K, 0% used [0x00000000ee300000,0x00000000ee308000,0x00000000eea80000)
  to   space 7168K, 0% used [0x00000000f1180000,0x00000000f1180000,0x00000000f1880000)
 ParOldGen       total 95232K, used 53164K [0x00000000b3200000, 0x00000000b8f00000, 0x00000000e6600000)
  object space 95232K, 55% used [0x00000000b3200000,0x00000000b65eb208,0x00000000b8f00000)
 Metaspace       used 14221K, capacity 14464K, committed 14720K, reserved 1062912K
  class space    used 1539K, capacity 1622K, committed 1664K, reserved 1048576K
}
Event: 32.993 GC heap before
{Heap before GC invocations=15 (full 1):
 PSYoungGen      total 135680K, used 128032K [0x00000000e6600000, 0x00000000f1880000, 0x0000000100000000)
  eden space 128000K, 100% used [0x00000000e6600000,0x00000000ee300000,0x00000000ee300000)
  from space 7680K, 0% used [0x00000000ee300000,0x00000000ee308000,0x00000000eea80000)
  to   space 7168K, 0% used [0x00000000f1180000,0x00000000f1180000,0x00000000f1880000)
 ParOldGen       total 95232K, used 53164K [0x00000000b3200000, 0x00000000b8f00000, 0x00000000e6600000)
  object space 95232K, 55% used [0x00000000b3200000,0x00000000b65eb208,0x00000000b8f00000)
 Metaspace       used 14246K, capacity 14528K, committed 14720K, reserved 1062912K
  class space    used 1539K, capacity 1622K, committed 1664K, reserved 1048576K
Event: 33.038 GC heap after
Heap after GC invocations=15 (full 1):
 PSYoungGen      total 176128K, used 32K [0x00000000e6600000, 0x00000000f1b00000, 0x0000000100000000)
  eden space 168960K, 0% used [0x00000000e6600000,0x00000000e6600000,0x00000000f0b00000)
  from space 7168K, 0% used [0x00000000f1180000,0x00000000f1188000,0x00000000f1880000)
  to   space 6656K, 0% used [0x00000000f0b00000,0x00000000f0b00000,0x00000000f1180000)
 ParOldGen       total 95232K, used 53164K [0x00000000b3200000, 0x00000000b8f00000, 0x00000000e6600000)
  object space 95232K, 55% used [0x00000000b3200000,0x00000000b65eb208,0x00000000b8f00000)
 Metaspace       used 14246K, capacity 14528K, committed 14720K, reserved 1062912K
  class space    used 1539K, capacity 1622K, committed 1664K, reserved 1048576K
}
Event: 35.053 GC heap before
{Heap before GC invocations=16 (full 1):
 PSYoungGen      total 176128K, used 168992K [0x00000000e6600000, 0x00000000f1b00000, 0x0000000100000000)
  eden space 168960K, 100% used [0x00000000e6600000,0x00000000f0b00000,0x00000000f0b00000)
  from space 7168K, 0% used [0x00000000f1180000,0x00000000f1188000,0x00000000f1880000)
  to   space 6656K, 0% used [0x00000000f0b00000,0x00000000f0b00000,0x00000000f1180000)
 ParOldGen       total 95232K, used 53164K [0x00000000b3200000, 0x00000000b8f00000, 0x00000000e6600000)
  object space 95232K, 55% used [0x00000000b3200000,0x00000000b65eb208,0x00000000b8f00000)
 Metaspace       used 14290K, capacity 14528K, committed 14720K, reserved 1062912K
  class space    used 1539K, capacity 1622K, committed 1664K, reserved 1048576K
Event: 35.110 GC heap after
Heap after GC invocations=16 (full 1):
 PSYoungGen      total 175616K, used 32K [0x00000000e6600000, 0x00000000f5200000, 0x0000000100000000)
  eden space 168960K, 0% used [0x00000000e6600000,0x00000000e6600000,0x00000000f0b00000)
  from space 6656K, 0% used [0x00000000f0b00000,0x00000000f0b08000,0x00000000f1180000)
  to   space 6144K, 0% used [0x00000000f4c00000,0x00000000f4c00000,0x00000000f5200000)
 ParOldGen       total 95232K, used 53172K [0x00000000b3200000, 0x00000000b8f00000, 0x00000000e6600000)
  object space 95232K, 55% used [0x00000000b3200000,0x00000000b65ed208,0x00000000b8f00000)
 Metaspace       used 14290K, capacity 14528K, committed 14720K, reserved 1062912K
  class space    used 1539K, capacity 1622K, committed 1664K, reserved 1048576K
}
Event: 36.098 GC heap before
{Heap before GC invocations=17 (full 1):
 PSYoungGen      total 175616K, used 168992K [0x00000000e6600000, 0x00000000f5200000, 0x0000000100000000)
  eden space 168960K, 100% used [0x00000000e6600000,0x00000000f0b00000,0x00000000f0b00000)
  from space 6656K, 0% used [0x00000000f0b00000,0x00000000f0b08000,0x00000000f1180000)
  to   space 6144K, 0% used [0x00000000f4c00000,0x00000000f4c00000,0x00000000f5200000)
 ParOldGen       total 95232K, used 53172K [0x00000000b3200000, 0x00000000b8f00000, 0x00000000e6600000)
  object space 95232K, 55% used [0x00000000b3200000,0x00000000b65ed208,0x00000000b8f00000)
 Metaspace       used 14316K, capacity 14592K, committed 14720K, reserved 1062912K
  class space    used 1539K, capacity 1622K, committed 1664K, reserved 1048576K
Event: 36.104 GC heap after
Heap after GC invocations=17 (full 1):
 PSYoungGen      total 225280K, used 32K [0x00000000e6600000, 0x00000000f4d00000, 0x0000000100000000)
  eden space 224256K, 0% used [0x00000000e6600000,0x00000000e6600000,0x00000000f4100000)
  from space 1024K, 3% used [0x00000000f4c00000,0x00000000f4c08000,0x00000000f4d00000)
  to   space 6144K, 0% used [0x00000000f4100000,0x00000000f4100000,0x00000000f4700000)
 ParOldGen       total 95232K, used 53180K [0x00000000b3200000, 0x00000000b8f00000, 0x00000000e6600000)
  object space 95232K, 55% used [0x00000000b3200000,0x00000000b65ef208,0x00000000b8f00000)
 Metaspace       used 14316K, capacity 14592K, committed 14720K, reserved 1062912K
  class space    used 1539K, capacity 1622K, committed 1664K, reserved 1048576K
}
Event: 38.988 GC heap before
{Heap before GC invocations=18 (full 1):
 PSYoungGen      total 225280K, used 224288K [0x00000000e6600000, 0x00000000f4d00000, 0x0000000100000000)
  eden space 224256K, 100% used [0x00000000e6600000,0x00000000f4100000,0x00000000f4100000)
  from space 1024K, 3% used [0x00000000f4c00000,0x00000000f4c08000,0x00000000f4d00000)
  to   space 6144K, 0% used [0x00000000f4100000,0x00000000f4100000,0x00000000f4700000)
 ParOldGen       total 95232K, used 53180K [0x00000000b3200000, 0x00000000b8f00000, 0x00000000e6600000)
  object space 95232K, 55% used [0x00000000b3200000,0x00000000b65ef208,0x00000000b8f00000)
 Metaspace       used 14367K, capacity 14592K, committed 14720K, reserved 1062912K
  class space    used 1539K, capacity 1622K, committed 1664K, reserved 1048576K

