# JRE version: OpenJDK Runtime Environment (8.0_222-b10) (build 1.8.0_222-8u222-b10-1ubuntu1~16.04.1-b10)
# Java VM: OpenJDK 64-Bit Server VM (25.222-b10 mixed mode linux-amd64 compressed oops)
Heap:
 PSYoungGen      total 382976K, used 0K [0x00000000e6600000, 0x0000000100000000, 0x0000000100000000)
  eden space 365056K, 0% used [0x00000000e6600000,0x00000000e6600000,0x00000000fca80000)
  from space 17920K, 0% used [0x00000000fca80000,0x00000000fca80000,0x00000000fdc00000)
  to   space 16896K, 0% used [0x00000000fef80000,0x00000000fef80000,0x0000000100000000)
 ParOldGen       total 286208K, used 250298K [0x00000000b3200000, 0x00000000c4980000, 0x00000000e6600000)
  object space 286208K, 87% used [0x00000000b3200000,0x00000000c266e8e8,0x00000000c4980000)
 Metaspace       used 14565K, capacity 14816K, committed 14976K, reserved 1062912K
  class space    used 1542K, capacity 1648K, committed 1664K, reserved 1048576K
GC Heap History (10 events):
Event: 17.748 GC heap after
Heap after GC invocations=18 (full 2):
 PSYoungGen      total 391680K, used 32K [0x00000000e6600000, 0x00000000ffb80000, 0x0000000100000000)
  eden space 374272K, 0% used [0x00000000e6600000,0x00000000e6600000,0x00000000fd380000)
  from space 17408K, 0% used [0x00000000fea80000,0x00000000fea88000,0x00000000ffb80000)
  to   space 20480K, 0% used [0x00000000fd380000,0x00000000fd380000,0x00000000fe780000)
 ParOldGen       total 123904K, used 53086K [0x00000000b3200000, 0x00000000bab00000, 0x00000000e6600000)
  object space 123904K, 42% used [0x00000000b3200000,0x00000000b65d7aa8,0x00000000bab00000)
 Metaspace       used 14435K, capacity 14700K, committed 14976K, reserved 1062912K
  class space    used 1541K, capacity 1654K, committed 1664K, reserved 1048576K
}
Event: 18.843 GC heap before
{Heap before GC invocations=19 (full 2):
 PSYoungGen      total 391680K, used 374304K [0x00000000e6600000, 0x00000000ffb80000, 0x0000000100000000)
  eden space 374272K, 100% used [0x00000000e6600000,0x00000000fd380000,0x00000000fd380000)
  from space 17408K, 0% used [0x00000000fea80000,0x00000000fea88000,0x00000000ffb80000)
  to   space 20480K, 0% used [0x00000000fd380000,0x00000000fd380000,0x00000000fe780000)
 ParOldGen       total 123904K, used 53086K [0x00000000b3200000, 0x00000000bab00000, 0x00000000e6600000)
  object space 123904K, 42% used [0x00000000b3200000,0x00000000b65d7aa8,0x00000000bab00000)
 Metaspace       used 14482K, capacity 14764K, committed 14976K, reserved 1062912K
  class space    used 1541K, capacity 1654K, committed 1664K, reserved 1048576K
Event: 18.848 GC heap after
Heap after GC invocations=19 (full 2):
 PSYoungGen      total 394752K, used 32K [0x00000000e6600000, 0x0000000100000000, 0x0000000100000000)
  eden space 374272K, 0% used [0x00000000e6600000,0x00000000e6600000,0x00000000fd380000)
  from space 20480K, 0% used [0x00000000fd380000,0x00000000fd388000,0x00000000fe780000)
  to   space 19456K, 0% used [0x00000000fed00000,0x00000000fed00000,0x0000000100000000)
 ParOldGen       total 123904K, used 53094K [0x00000000b3200000, 0x00000000bab00000, 0x00000000e6600000)
  object space 123904K, 42% used [0x00000000b3200000,0x00000000b65d9aa8,0x00000000bab00000)
 Metaspace       used 14482K, capacity 14764K, committed 14976K, reserved 1062912K
  class space    used 1541K, capacity 1654K, committed 1664K, reserved 1048576K
}
Event: 387.319 GC heap before
{Heap before GC invocations=20 (full 2):
 PSYoungGen      total 394752K, used 353710K [0x00000000e6600000, 0x0000000100000000, 0x0000000100000000)
  eden space 374272K, 94% used [0x00000000e6600000,0x00000000fbf63968,0x00000000fd380000)
  from space 20480K, 0% used [0x00000000fd380000,0x00000000fd388000,0x00000000fe780000)
  to   space 19456K, 0% used [0x00000000fed00000,0x00000000fed00000,0x0000000100000000)
 ParOldGen       total 123904K, used 53094K [0x00000000b3200000, 0x00000000bab00000, 0x00000000e6600000)
  object space 123904K, 42% used [0x00000000b3200000,0x00000000b65d9aa8,0x00000000bab00000)
 Metaspace       used 14554K, capacity 14828K, committed 14976K, reserved 1062912K
  class space    used 1545K, capacity 1654K, committed 1664K, reserved 1048576K
Event: 387.333 GC heap after
Heap after GC invocations=20 (full 2):
 PSYoungGen      total 357888K, used 450K [0x00000000e6600000, 0x00000000fed80000, 0x0000000100000000)
  eden space 357376K, 0% used [0x00000000e6600000,0x00000000e6600000,0x00000000fc300000)
  from space 512K, 87% used [0x00000000fed00000,0x00000000fed70960,0x00000000fed80000)
  to   space 17920K, 0% used [0x00000000fca80000,0x00000000fca80000,0x00000000fdc00000)
 ParOldGen       total 123904K, used 92895K [0x00000000b3200000, 0x00000000bab00000, 0x00000000e6600000)
  object space 123904K, 74% used [0x00000000b3200000,0x00000000b8cb7f50,0x00000000bab00000)
 Metaspace       used 14554K, capacity 14828K, committed 14976K, reserved 1062912K
  class space    used 1545K, capacity 1654K, committed 1664K, reserved 1048576K
}
Event: 387.333 GC heap before
{Heap before GC invocations=21 (full 3):
 PSYoungGen      total 357888K, used 450K [0x00000000e6600000, 0x00000000fed80000, 0x0000000100000000)
  eden space 357376K, 0% used [0x00000000e6600000,0x00000000e6600000,0x00000000fc300000)
  from space 512K, 87% used [0x00000000fed00000,0x00000000fed70960,0x00000000fed80000)
  to   space 17920K, 0% used [0x00000000fca80000,0x00000000fca80000,0x00000000fdc00000)
 ParOldGen       total 123904K, used 92895K [0x00000000b3200000, 0x00000000bab00000, 0x00000000e6600000)
  object space 123904K, 74% used [0x00000000b3200000,0x00000000b8cb7f50,0x00000000bab00000)
 Metaspace       used 14554K, capacity 14828K, committed 14976K, reserved 1062912K
  class space    used 1545K, capacity 1654K, committed 1664K, reserved 1048576K
Event: 387.472 GC heap after
Heap after GC invocations=21 (full 3):
 PSYoungGen      total 357888K, used 0K [0x00000000e6600000, 0x00000000fed80000, 0x0000000100000000)
  eden space 357376K, 0% used [0x00000000e6600000,0x00000000e6600000,0x00000000fc300000)
  from space 512K, 0% used [0x00000000fed00000,0x00000000fed00000,0x00000000fed80000)
  to   space 17920K, 0% used [0x00000000fca80000,0x00000000fca80000,0x00000000fdc00000)
 ParOldGen       total 166400K, used 92906K [0x00000000b3200000, 0x00000000bd480000, 0x00000000e6600000)
  object space 166400K, 55% used [0x00000000b3200000,0x00000000b8cbaa18,0x00000000bd480000)
 Metaspace       used 14554K, capacity 14828K, committed 14976K, reserved 1062912K
  class space    used 1545K, capacity 1654K, committed 1664K, reserved 1048576K
}
Event: 1156.051 GC heap before
{Heap before GC invocations=22 (full 3):
 PSYoungGen      total 357888K, used 345903K [0x00000000e6600000, 0x00000000fed80000, 0x0000000100000000)
  eden space 357376K, 96% used [0x00000000e6600000,0x00000000fb7cbce8,0x00000000fc300000)
  from space 512K, 0% used [0x00000000fed00000,0x00000000fed00000,0x00000000fed80000)
  to   space 17920K, 0% used [0x00000000fca80000,0x00000000fca80000,0x00000000fdc00000)
 ParOldGen       total 166400K, used 92906K [0x00000000b3200000, 0x00000000bd480000, 0x00000000e6600000)
  object space 166400K, 55% used [0x00000000b3200000,0x00000000b8cbaa18,0x00000000bd480000)
 Metaspace       used 14572K, capacity 14828K, committed 14976K, reserved 1062912K
  class space    used 1545K, capacity 1654K, committed 1664K, reserved 1048576K
Event: 1156.443 GC heap after
Heap after GC invocations=22 (full 3):
 PSYoungGen      total 382976K, used 160K [0x00000000e6600000, 0x0000000100000000, 0x0000000100000000)
  eden space 365056K, 0% used [0x00000000e6600000,0x00000000e6600000,0x00000000fca80000)
  from space 17920K, 0% used [0x00000000fca80000,0x00000000fcaa8000,0x00000000fdc00000)
  to   space 16896K, 0% used [0x00000000fef80000,0x00000000fef80000,0x0000000100000000)
 ParOldGen       total 286208K, used 252087K [0x00000000b3200000, 0x00000000c4980000, 0x00000000e6600000)
  object space 286208K, 88% used [0x00000000b3200000,0x00000000c282dcb8,0x00000000c4980000)
 Metaspace       used 14572K, capacity 14828K, committed 14976K, reserved 1062912K
  class space    used 1545K, capacity 1654K, committed 1664K, reserved 1048576K
}
Event: 1156.443 GC heap before
{Heap before GC invocations=23 (full 4):
 PSYoungGen      total 382976K, used 160K [0x00000000e6600000, 0x0000000100000000, 0x0000000100000000)
  eden space 365056K, 0% used [0x00000000e6600000,0x00000000e6600000,0x00000000fca80000)
  from space 17920K, 0% used [0x00000000fca80000,0x00000000fcaa8000,0x00000000fdc00000)
  to   space 16896K, 0% used [0x00000000fef80000,0x00000000fef80000,0x0000000100000000)
 ParOldGen       total 286208K, used 252087K [0x00000000b3200000, 0x00000000c4980000, 0x00000000e6600000)
  object space 286208K, 88% used [0x00000000b3200000,0x00000000c282dcb8,0x00000000c4980000)
 Metaspace       used 14572K, capacity 14828K, committed 14976K, reserved 1062912K
  class space    used 1545K, capacity 1654K, committed 1664K, reserved 1048576K

