# JRE version: OpenJDK Runtime Environment (8.0_222-b10) (build 1.8.0_222-8u222-b10-1ubuntu1~16.04.1-b10)
# Java VM: OpenJDK 64-Bit Server VM (25.222-b10 mixed mode linux-amd64 compressed oops)
Heap:
 PSYoungGen      total 414720K, used 0K [0x00000000e6600000, 0x0000000100000000, 0x0000000100000000)
  eden space 412160K, 0% used [0x00000000e6600000,0x00000000e6600000,0x00000000ff880000)
  from space 2560K, 0% used [0x00000000ff880000,0x00000000ff880000,0x00000000ffb00000)
  to   space 2560K, 0% used [0x00000000ffd80000,0x00000000ffd80000,0x0000000100000000)
 ParOldGen       total 489472K, used 370908K [0x00000000b3200000, 0x00000000d1000000, 0x00000000e6600000)
  object space 489472K, 75% used [0x00000000b3200000,0x00000000c9c37100,0x00000000d1000000)
 Metaspace       used 14639K, capacity 14880K, committed 14976K, reserved 1062912K
  class space    used 1554K, capacity 1648K, committed 1664K, reserved 1048576K
GC Heap History (10 events):
Event: 17.037 GC heap after
Heap after GC invocations=26 (full 2):
 PSYoungGen      total 380416K, used 80K [0x00000000e6600000, 0x00000000fde00000, 0x0000000100000000)
  eden space 378880K, 0% used [0x00000000e6600000,0x00000000e6600000,0x00000000fd800000)
  from space 1536K, 5% used [0x00000000fdc80000,0x00000000fdc94268,0x00000000fde00000)
  to   space 3072K, 0% used [0x00000000fd800000,0x00000000fd800000,0x00000000fdb00000)
 ParOldGen       total 128000K, used 52705K [0x00000000b3200000, 0x00000000baf00000, 0x00000000e6600000)
  object space 128000K, 41% used [0x00000000b3200000,0x00000000b6578530,0x00000000baf00000)
 Metaspace       used 14546K, capacity 14828K, committed 14976K, reserved 1062912K
  class space    used 1553K, capacity 1654K, committed 1664K, reserved 1048576K
}
Event: 18.059 GC heap before
{Heap before GC invocations=27 (full 2):
 PSYoungGen      total 380416K, used 378960K [0x00000000e6600000, 0x00000000fde00000, 0x0000000100000000)
  eden space 378880K, 100% used [0x00000000e6600000,0x00000000fd800000,0x00000000fd800000)
  from space 1536K, 5% used [0x00000000fdc80000,0x00000000fdc94268,0x00000000fde00000)
  to   space 3072K, 0% used [0x00000000fd800000,0x00000000fd800000,0x00000000fdb00000)
 ParOldGen       total 128000K, used 52705K [0x00000000b3200000, 0x00000000baf00000, 0x00000000e6600000)
  object space 128000K, 41% used [0x00000000b3200000,0x00000000b6578530,0x00000000baf00000)
 Metaspace       used 14547K, capacity 14828K, committed 14976K, reserved 1062912K
  class space    used 1553K, capacity 1654K, committed 1664K, reserved 1048576K
Event: 18.068 GC heap after
Heap after GC invocations=27 (full 2):
 PSYoungGen      total 381952K, used 96K [0x00000000e6600000, 0x0000000100000000, 0x0000000100000000)
  eden space 378880K, 0% used [0x00000000e6600000,0x00000000e6600000,0x00000000fd800000)
  from space 3072K, 3% used [0x00000000fd800000,0x00000000fd818000,0x00000000fdb00000)
  to   space 3072K, 0% used [0x00000000ffd00000,0x00000000ffd00000,0x0000000100000000)
 ParOldGen       total 128000K, used 52713K [0x00000000b3200000, 0x00000000baf00000, 0x00000000e6600000)
  object space 128000K, 41% used [0x00000000b3200000,0x00000000b657a530,0x00000000baf00000)
 Metaspace       used 14547K, capacity 14828K, committed 14976K, reserved 1062912K
  class space    used 1553K, capacity 1654K, committed 1664K, reserved 1048576K
}
Event: 774.860 GC heap before
{Heap before GC invocations=28 (full 2):
 PSYoungGen      total 381952K, used 376224K [0x00000000e6600000, 0x0000000100000000, 0x0000000100000000)
  eden space 378880K, 99% used [0x00000000e6600000,0x00000000fd5500f0,0x00000000fd800000)
  from space 3072K, 3% used [0x00000000fd800000,0x00000000fd818000,0x00000000fdb00000)
  to   space 3072K, 0% used [0x00000000ffd00000,0x00000000ffd00000,0x0000000100000000)
 ParOldGen       total 128000K, used 52713K [0x00000000b3200000, 0x00000000baf00000, 0x00000000e6600000)
  object space 128000K, 41% used [0x00000000b3200000,0x00000000b657a530,0x00000000baf00000)
 Metaspace       used 14585K, capacity 14828K, committed 14976K, reserved 1062912K
  class space    used 1557K, capacity 1654K, committed 1664K, reserved 1048576K
Event: 775.064 GC heap after
Heap after GC invocations=28 (full 2):
 PSYoungGen      total 410624K, used 160K [0x00000000e6600000, 0x00000000ffd80000, 0x0000000100000000)
  eden space 410112K, 0% used [0x00000000e6600000,0x00000000e6600000,0x00000000ff680000)
  from space 512K, 31% used [0x00000000ffd00000,0x00000000ffd28000,0x00000000ffd80000)
  to   space 2560K, 0% used [0x00000000ff880000,0x00000000ff880000,0x00000000ffb00000)
 ParOldGen       total 247808K, used 211885K [0x00000000b3200000, 0x00000000c2400000, 0x00000000e6600000)
  object space 247808K, 85% used [0x00000000b3200000,0x00000000c00eb7d0,0x00000000c2400000)
 Metaspace       used 14585K, capacity 14828K, committed 14976K, reserved 1062912K
  class space    used 1557K, capacity 1654K, committed 1664K, reserved 1048576K
}
Event: 775.064 GC heap before
{Heap before GC invocations=29 (full 3):
 PSYoungGen      total 410624K, used 160K [0x00000000e6600000, 0x00000000ffd80000, 0x0000000100000000)
  eden space 410112K, 0% used [0x00000000e6600000,0x00000000e6600000,0x00000000ff680000)
  from space 512K, 31% used [0x00000000ffd00000,0x00000000ffd28000,0x00000000ffd80000)
  to   space 2560K, 0% used [0x00000000ff880000,0x00000000ff880000,0x00000000ffb00000)
 ParOldGen       total 247808K, used 211885K [0x00000000b3200000, 0x00000000c2400000, 0x00000000e6600000)
  object space 247808K, 85% used [0x00000000b3200000,0x00000000c00eb7d0,0x00000000c2400000)
 Metaspace       used 14585K, capacity 14828K, committed 14976K, reserved 1062912K
  class space    used 1557K, capacity 1654K, committed 1664K, reserved 1048576K
Event: 775.547 GC heap after
Heap after GC invocations=29 (full 3):
 PSYoungGen      total 410624K, used 0K [0x00000000e6600000, 0x00000000ffd80000, 0x0000000100000000)
  eden space 410112K, 0% used [0x00000000e6600000,0x00000000e6600000,0x00000000ff680000)
  from space 512K, 0% used [0x00000000ffd00000,0x00000000ffd00000,0x00000000ffd80000)
  to   space 2560K, 0% used [0x00000000ff880000,0x00000000ff880000,0x00000000ffb00000)
 ParOldGen       total 369664K, used 211726K [0x00000000b3200000, 0x00000000c9b00000, 0x00000000e6600000)
  object space 369664K, 57% used [0x00000000b3200000,0x00000000c00c3aa0,0x00000000c9b00000)
 Metaspace       used 14585K, capacity 14828K, committed 14976K, reserved 1062912K
  class space    used 1557K, capacity 1654K, committed 1664K, reserved 1048576K
}
Event: 1738.641 GC heap before
{Heap before GC invocations=30 (full 3):
 PSYoungGen      total 410624K, used 400344K [0x00000000e6600000, 0x00000000ffd80000, 0x0000000100000000)
  eden space 410112K, 97% used [0x00000000e6600000,0x00000000fecf6290,0x00000000ff680000)
  from space 512K, 0% used [0x00000000ffd00000,0x00000000ffd00000,0x00000000ffd80000)
  to   space 2560K, 0% used [0x00000000ff880000,0x00000000ff880000,0x00000000ffb00000)
 ParOldGen       total 369664K, used 211726K [0x00000000b3200000, 0x00000000c9b00000, 0x00000000e6600000)
  object space 369664K, 57% used [0x00000000b3200000,0x00000000c00c3aa0,0x00000000c9b00000)
 Metaspace       used 14646K, capacity 14892K, committed 14976K, reserved 1062912K
  class space    used 1557K, capacity 1654K, committed 1664K, reserved 1048576K
Event: 1739.184 GC heap after
Heap after GC invocations=30 (full 3):
 PSYoungGen      total 414720K, used 160K [0x00000000e6600000, 0x0000000100000000, 0x0000000100000000)
  eden space 412160K, 0% used [0x00000000e6600000,0x00000000e6600000,0x00000000ff880000)
  from space 2560K, 6% used [0x00000000ff880000,0x00000000ff8a8000,0x00000000ffb00000)
  to   space 2560K, 0% used [0x00000000ffd80000,0x00000000ffd80000,0x0000000100000000)
 ParOldGen       total 489472K, used 450493K [0x00000000b3200000, 0x00000000d1000000, 0x00000000e6600000)
  object space 489472K, 92% used [0x00000000b3200000,0x00000000ce9ef690,0x00000000d1000000)
 Metaspace       used 14646K, capacity 14892K, committed 14976K, reserved 1062912K
  class space    used 1557K, capacity 1654K, committed 1664K, reserved 1048576K
}
Event: 1739.185 GC heap before
{Heap before GC invocations=31 (full 4):
 PSYoungGen      total 414720K, used 160K [0x00000000e6600000, 0x0000000100000000, 0x0000000100000000)
  eden space 412160K, 0% used [0x00000000e6600000,0x00000000e6600000,0x00000000ff880000)
  from space 2560K, 6% used [0x00000000ff880000,0x00000000ff8a8000,0x00000000ffb00000)
  to   space 2560K, 0% used [0x00000000ffd80000,0x00000000ffd80000,0x0000000100000000)
 ParOldGen       total 489472K, used 450493K [0x00000000b3200000, 0x00000000d1000000, 0x00000000e6600000)
  object space 489472K, 92% used [0x00000000b3200000,0x00000000ce9ef690,0x00000000d1000000)
 Metaspace       used 14646K, capacity 14892K, committed 14976K, reserved 1062912K
  class space    used 1557K, capacity 1654K, committed 1664K, reserved 1048576K

