# JRE version: OpenJDK Runtime Environment (8.0_222-b10) (build 1.8.0_222-8u222-b10-1ubuntu1~16.04.1-b10)
# Java VM: OpenJDK 64-Bit Server VM (25.222-b10 mixed mode linux-amd64 compressed oops)
Heap:
 PSYoungGen      total 56320K, used 278K [0x00000000e6600000, 0x00000000eac00000, 0x0000000100000000)
  eden space 40960K, 0% used [0x00000000e6600000,0x00000000e6600000,0x00000000e8e00000)
  from space 15360K, 1% used [0x00000000e8e00000,0x00000000e8e45a10,0x00000000e9d00000)
  to   space 14848K, 0% used [0x00000000e9d80000,0x00000000e9d80000,0x00000000eac00000)
 ParOldGen       total 53248K, used 20962K [0x00000000b3200000, 0x00000000b6600000, 0x00000000e6600000)
  object space 53248K, 39% used [0x00000000b3200000,0x00000000b46789a8,0x00000000b6600000)
 Metaspace       used 13774K, capacity 13990K, committed 14208K, reserved 1062912K
  class space    used 1529K, capacity 1611K, committed 1664K, reserved 1048576K
GC Heap History (10 events):
Event: 3.152 GC heap after
Heap after GC invocations=2 (full 0):
 PSYoungGen      total 23552K, used 3045K [0x00000000e6600000, 0x00000000e9400000, 0x0000000100000000)
  eden space 20480K, 0% used [0x00000000e6600000,0x00000000e6600000,0x00000000e7a00000)
  from space 3072K, 99% used [0x00000000e7d00000,0x00000000e7ff97b0,0x00000000e8000000)
  to   space 3072K, 0% used [0x00000000e7a00000,0x00000000e7a00000,0x00000000e7d00000)
 ParOldGen       total 53248K, used 17774K [0x00000000b3200000, 0x00000000b6600000, 0x00000000e6600000)
  object space 53248K, 33% used [0x00000000b3200000,0x00000000b435ba70,0x00000000b6600000)
 Metaspace       used 12876K, capacity 13050K, committed 13312K, reserved 1060864K
  class space    used 1431K, capacity 1513K, committed 1536K, reserved 1048576K
}
Event: 5.697 GC heap before
{Heap before GC invocations=3 (full 0):
 PSYoungGen      total 23552K, used 23525K [0x00000000e6600000, 0x00000000e9400000, 0x0000000100000000)
  eden space 20480K, 100% used [0x00000000e6600000,0x00000000e7a00000,0x00000000e7a00000)
  from space 3072K, 99% used [0x00000000e7d00000,0x00000000e7ff97b0,0x00000000e8000000)
  to   space 3072K, 0% used [0x00000000e7a00000,0x00000000e7a00000,0x00000000e7d00000)
 ParOldGen       total 53248K, used 17774K [0x00000000b3200000, 0x00000000b6600000, 0x00000000e6600000)
  object space 53248K, 33% used [0x00000000b3200000,0x00000000b435ba70,0x00000000b6600000)
 Metaspace       used 13631K, capacity 13830K, committed 14208K, reserved 1062912K
  class space    used 1511K, capacity 1579K, committed 1664K, reserved 1048576K
Event: 5.703 GC heap after
Heap after GC invocations=3 (full 0):
 PSYoungGen      total 23552K, used 3043K [0x00000000e6600000, 0x00000000e8000000, 0x0000000100000000)
  eden space 20480K, 0% used [0x00000000e6600000,0x00000000e6600000,0x00000000e7a00000)
  from space 3072K, 99% used [0x00000000e7a00000,0x00000000e7cf8f80,0x00000000e7d00000)
  to   space 3072K, 0% used [0x00000000e7d00000,0x00000000e7d00000,0x00000000e8000000)
 ParOldGen       total 53248K, used 18063K [0x00000000b3200000, 0x00000000b6600000, 0x00000000e6600000)
  object space 53248K, 33% used [0x00000000b3200000,0x00000000b43a3cf0,0x00000000b6600000)
 Metaspace       used 13631K, capacity 13830K, committed 14208K, reserved 1062912K
  class space    used 1511K, capacity 1579K, committed 1664K, reserved 1048576K
}
Event: 5.798 GC heap before
{Heap before GC invocations=4 (full 0):
 PSYoungGen      total 23552K, used 23502K [0x00000000e6600000, 0x00000000e8000000, 0x0000000100000000)
  eden space 20480K, 99% used [0x00000000e6600000,0x00000000e79fab88,0x00000000e7a00000)
  from space 3072K, 99% used [0x00000000e7a00000,0x00000000e7cf8f80,0x00000000e7d00000)
  to   space 3072K, 0% used [0x00000000e7d00000,0x00000000e7d00000,0x00000000e8000000)
 ParOldGen       total 53248K, used 18063K [0x00000000b3200000, 0x00000000b6600000, 0x00000000e6600000)
  object space 53248K, 33% used [0x00000000b3200000,0x00000000b43a3cf0,0x00000000b6600000)
 Metaspace       used 13734K, capacity 13926K, committed 14208K, reserved 1062912K
  class space    used 1528K, capacity 1611K, committed 1664K, reserved 1048576K
Event: 5.859 GC heap after
Heap after GC invocations=4 (full 0):
 PSYoungGen      total 23552K, used 3050K [0x00000000e6600000, 0x00000000e9400000, 0x0000000100000000)
  eden space 20480K, 0% used [0x00000000e6600000,0x00000000e6600000,0x00000000e7a00000)
  from space 3072K, 99% used [0x00000000e7d00000,0x00000000e7ffa9a0,0x00000000e8000000)
  to   space 3072K, 0% used [0x00000000e7a00000,0x00000000e7a00000,0x00000000e7d00000)
 ParOldGen       total 53248K, used 18079K [0x00000000b3200000, 0x00000000b6600000, 0x00000000e6600000)
  object space 53248K, 33% used [0x00000000b3200000,0x00000000b43a7cf0,0x00000000b6600000)
 Metaspace       used 13734K, capacity 13926K, committed 14208K, reserved 1062912K
  class space    used 1528K, capacity 1611K, committed 1664K, reserved 1048576K
}
Event: 5.930 GC heap before
{Heap before GC invocations=5 (full 0):
 PSYoungGen      total 23552K, used 23530K [0x00000000e6600000, 0x00000000e9400000, 0x0000000100000000)
  eden space 20480K, 100% used [0x00000000e6600000,0x00000000e7a00000,0x00000000e7a00000)
  from space 3072K, 99% used [0x00000000e7d00000,0x00000000e7ffa9a0,0x00000000e8000000)
  to   space 3072K, 0% used [0x00000000e7a00000,0x00000000e7a00000,0x00000000e7d00000)
 ParOldGen       total 53248K, used 18079K [0x00000000b3200000, 0x00000000b6600000, 0x00000000e6600000)
  object space 53248K, 33% used [0x00000000b3200000,0x00000000b43a7cf0,0x00000000b6600000)
 Metaspace       used 13745K, capacity 13926K, committed 14208K, reserved 1062912K
  class space    used 1529K, capacity 1611K, committed 1664K, reserved 1048576K
Event: 5.939 GC heap after
Heap after GC invocations=5 (full 0):
 PSYoungGen      total 23552K, used 3066K [0x00000000e6600000, 0x00000000ead00000, 0x0000000100000000)
  eden space 20480K, 0% used [0x00000000e6600000,0x00000000e6600000,0x00000000e7a00000)
  from space 3072K, 99% used [0x00000000e7a00000,0x00000000e7cfe990,0x00000000e7d00000)
  to   space 15872K, 0% used [0x00000000e9d80000,0x00000000e9d80000,0x00000000ead00000)
 ParOldGen       total 53248K, used 18127K [0x00000000b3200000, 0x00000000b6600000, 0x00000000e6600000)
  object space 53248K, 34% used [0x00000000b3200000,0x00000000b43b3d20,0x00000000b6600000)
 Metaspace       used 13745K, capacity 13926K, committed 14208K, reserved 1062912K
  class space    used 1529K, capacity 1611K, committed 1664K, reserved 1048576K
}
Event: 6.007 GC heap before
{Heap before GC invocations=6 (full 0):
 PSYoungGen      total 23552K, used 23546K [0x00000000e6600000, 0x00000000ead00000, 0x0000000100000000)
  eden space 20480K, 100% used [0x00000000e6600000,0x00000000e7a00000,0x00000000e7a00000)
  from space 3072K, 99% used [0x00000000e7a00000,0x00000000e7cfe990,0x00000000e7d00000)
  to   space 15872K, 0% used [0x00000000e9d80000,0x00000000e9d80000,0x00000000ead00000)
 ParOldGen       total 53248K, used 18127K [0x00000000b3200000, 0x00000000b6600000, 0x00000000e6600000)
  object space 53248K, 34% used [0x00000000b3200000,0x00000000b43b3d20,0x00000000b6600000)
 Metaspace       used 13765K, capacity 13990K, committed 14208K, reserved 1062912K
  class space    used 1529K, capacity 1611K, committed 1664K, reserved 1048576K
Event: 6.027 GC heap after
Heap after GC invocations=6 (full 0):
 PSYoungGen      total 55808K, used 3034K [0x00000000e6600000, 0x00000000eac00000, 0x0000000100000000)
  eden space 40960K, 0% used [0x00000000e6600000,0x00000000e6600000,0x00000000e8e00000)
  from space 14848K, 20% used [0x00000000e9d80000,0x00000000ea076990,0x00000000eac00000)
  to   space 15360K, 0% used [0x00000000e8e00000,0x00000000e8e00000,0x00000000e9d00000)
 ParOldGen       total 53248K, used 18135K [0x00000000b3200000, 0x00000000b6600000, 0x00000000e6600000)
  object space 53248K, 34% used [0x00000000b3200000,0x00000000b43b5d20,0x00000000b6600000)
 Metaspace       used 13765K, capacity 13990K, committed 14208K, reserved 1062912K
  class space    used 1529K, capacity 1611K, committed 1664K, reserved 1048576K
}
Event: 6.083 GC heap before
{Heap before GC invocations=7 (full 0):
 PSYoungGen      total 55808K, used 43994K [0x00000000e6600000, 0x00000000eac00000, 0x0000000100000000)
  eden space 40960K, 100% used [0x00000000e6600000,0x00000000e8e00000,0x00000000e8e00000)
  from space 14848K, 20% used [0x00000000e9d80000,0x00000000ea076990,0x00000000eac00000)
  to   space 15360K, 0% used [0x00000000e8e00000,0x00000000e8e00000,0x00000000e9d00000)
 ParOldGen       total 53248K, used 18135K [0x00000000b3200000, 0x00000000b6600000, 0x00000000e6600000)
  object space 53248K, 34% used [0x00000000b3200000,0x00000000b43b5d20,0x00000000b6600000)
 Metaspace       used 13774K, capacity 13990K, committed 14208K, reserved 1062912K
  class space    used 1529K, capacity 1611K, committed 1664K, reserved 1048576K

