# JRE version: OpenJDK Runtime Environment (8.0_222-b10) (build 1.8.0_222-8u222-b10-1ubuntu1~16.04.1-b10)
# Java VM: OpenJDK 64-Bit Server VM (25.222-b10 mixed mode linux-amd64 compressed oops)
Heap:
 PSYoungGen      total 382464K, used 0K [0x00000000e6600000, 0x00000000fff80000, 0x0000000100000000)
  eden space 381440K, 0% used [0x00000000e6600000,0x00000000e6600000,0x00000000fda80000)
  from space 1024K, 0% used [0x00000000ffd80000,0x00000000ffd80000,0x00000000ffe80000)
  to   space 1024K, 0% used [0x00000000ffe80000,0x00000000ffe80000,0x00000000fff80000)
 ParOldGen       total 555520K, used 529319K [0x00000000b3200000, 0x00000000d5080000, 0x00000000e6600000)
  object space 555520K, 95% used [0x00000000b3200000,0x00000000d36e9f70,0x00000000d5080000)
 Metaspace       used 16924K, capacity 17166K, committed 17408K, reserved 1064960K
  class space    used 1860K, capacity 1941K, committed 2048K, reserved 1048576K
GC Heap History (10 events):
Event: 771.433 GC heap after
Heap after GC invocations=108 (full 1):
 PSYoungGen      total 380928K, used 545K [0x00000000e6600000, 0x00000000fff80000, 0x0000000100000000)
  eden space 379904K, 0% used [0x00000000e6600000,0x00000000e6600000,0x00000000fd900000)
  from space 1024K, 53% used [0x00000000ffe00000,0x00000000ffe88420,0x00000000fff00000)
  to   space 512K, 0% used [0x00000000fff00000,0x00000000fff00000,0x00000000fff80000)
 ParOldGen       total 206848K, used 173321K [0x00000000b3200000, 0x00000000bfc00000, 0x00000000e6600000)
  object space 206848K, 83% used [0x00000000b3200000,0x00000000bdb42520,0x00000000bfc00000)
 Metaspace       used 16856K, capacity 17090K, committed 17408K, reserved 1064960K
  class space    used 1861K, capacity 1943K, committed 2048K, reserved 1048576K
}
Event: 771.433 GC heap before
{Heap before GC invocations=109 (full 2):
 PSYoungGen      total 380928K, used 545K [0x00000000e6600000, 0x00000000fff80000, 0x0000000100000000)
  eden space 379904K, 0% used [0x00000000e6600000,0x00000000e6600000,0x00000000fd900000)
  from space 1024K, 53% used [0x00000000ffe00000,0x00000000ffe88420,0x00000000fff00000)
  to   space 512K, 0% used [0x00000000fff00000,0x00000000fff00000,0x00000000fff80000)
 ParOldGen       total 206848K, used 173321K [0x00000000b3200000, 0x00000000bfc00000, 0x00000000e6600000)
  object space 206848K, 83% used [0x00000000b3200000,0x00000000bdb42520,0x00000000bfc00000)
 Metaspace       used 16856K, capacity 17090K, committed 17408K, reserved 1064960K
  class space    used 1861K, capacity 1943K, committed 2048K, reserved 1048576K
Event: 771.488 GC heap after
Heap after GC invocations=109 (full 2):
 PSYoungGen      total 380928K, used 0K [0x00000000e6600000, 0x00000000fff80000, 0x0000000100000000)
  eden space 379904K, 0% used [0x00000000e6600000,0x00000000e6600000,0x00000000fd900000)
  from space 1024K, 0% used [0x00000000ffe00000,0x00000000ffe00000,0x00000000fff00000)
  to   space 512K, 0% used [0x00000000fff00000,0x00000000fff00000,0x00000000fff80000)
 ParOldGen       total 267264K, used 173000K [0x00000000b3200000, 0x00000000c3700000, 0x00000000e6600000)
  object space 267264K, 64% used [0x00000000b3200000,0x00000000bdaf22b8,0x00000000c3700000)
 Metaspace       used 16856K, capacity 17090K, committed 17408K, reserved 1064960K
  class space    used 1861K, capacity 1943K, committed 2048K, reserved 1048576K
}
Event: 1540.333 GC heap before
{Heap before GC invocations=110 (full 2):
 PSYoungGen      total 380928K, used 354493K [0x00000000e6600000, 0x00000000fff80000, 0x0000000100000000)
  eden space 379904K, 93% used [0x00000000e6600000,0x00000000fc02f798,0x00000000fd900000)
  from space 1024K, 0% used [0x00000000ffe00000,0x00000000ffe00000,0x00000000fff00000)
  to   space 512K, 0% used [0x00000000fff00000,0x00000000fff00000,0x00000000fff80000)
 ParOldGen       total 267264K, used 173000K [0x00000000b3200000, 0x00000000c3700000, 0x00000000e6600000)
  object space 267264K, 64% used [0x00000000b3200000,0x00000000bdaf22b8,0x00000000c3700000)
 Metaspace       used 16891K, capacity 17154K, committed 17408K, reserved 1064960K
  class space    used 1861K, capacity 1943K, committed 2048K, reserved 1048576K
Event: 1540.468 GC heap after
Heap after GC invocations=110 (full 2):
 PSYoungGen      total 399872K, used 160K [0x00000000e6600000, 0x00000000fff80000, 0x0000000100000000)
  eden space 399360K, 0% used [0x00000000e6600000,0x00000000e6600000,0x00000000fec00000)
  from space 512K, 31% used [0x00000000fff00000,0x00000000fff28000,0x00000000fff80000)
  to   space 1024K, 0% used [0x00000000ffd80000,0x00000000ffd80000,0x00000000ffe80000)
 ParOldGen       total 347136K, used 332181K [0x00000000b3200000, 0x00000000c8500000, 0x00000000e6600000)
  object space 347136K, 95% used [0x00000000b3200000,0x00000000c7665558,0x00000000c8500000)
 Metaspace       used 16891K, capacity 17154K, committed 17408K, reserved 1064960K
  class space    used 1861K, capacity 1943K, committed 2048K, reserved 1048576K
}
Event: 1540.468 GC heap before
{Heap before GC invocations=111 (full 3):
 PSYoungGen      total 399872K, used 160K [0x00000000e6600000, 0x00000000fff80000, 0x0000000100000000)
  eden space 399360K, 0% used [0x00000000e6600000,0x00000000e6600000,0x00000000fec00000)
  from space 512K, 31% used [0x00000000fff00000,0x00000000fff28000,0x00000000fff80000)
  to   space 1024K, 0% used [0x00000000ffd80000,0x00000000ffd80000,0x00000000ffe80000)
 ParOldGen       total 347136K, used 332181K [0x00000000b3200000, 0x00000000c8500000, 0x00000000e6600000)
  object space 347136K, 95% used [0x00000000b3200000,0x00000000c7665558,0x00000000c8500000)
 Metaspace       used 16891K, capacity 17154K, committed 17408K, reserved 1064960K
  class space    used 1861K, capacity 1943K, committed 2048K, reserved 1048576K
Event: 1540.600 GC heap after
Heap after GC invocations=111 (full 3):
 PSYoungGen      total 399872K, used 0K [0x00000000e6600000, 0x00000000fff80000, 0x0000000100000000)
  eden space 399360K, 0% used [0x00000000e6600000,0x00000000e6600000,0x00000000fec00000)
  from space 512K, 0% used [0x00000000fff00000,0x00000000fff00000,0x00000000fff80000)
  to   space 1024K, 0% used [0x00000000ffd80000,0x00000000ffd80000,0x00000000ffe80000)
 ParOldGen       total 475648K, used 330340K [0x00000000b3200000, 0x00000000d0280000, 0x00000000e6600000)
  object space 475648K, 69% used [0x00000000b3200000,0x00000000c7499060,0x00000000d0280000)
 Metaspace       used 16879K, capacity 17136K, committed 17408K, reserved 1064960K
  class space    used 1858K, capacity 1936K, committed 2048K, reserved 1048576K
}
Event: 2308.946 GC heap before
{Heap before GC invocations=112 (full 3):
 PSYoungGen      total 399872K, used 390432K [0x00000000e6600000, 0x00000000fff80000, 0x0000000100000000)
  eden space 399360K, 97% used [0x00000000e6600000,0x00000000fe348218,0x00000000fec00000)
  from space 512K, 0% used [0x00000000fff00000,0x00000000fff00000,0x00000000fff80000)
  to   space 1024K, 0% used [0x00000000ffd80000,0x00000000ffd80000,0x00000000ffe80000)
 ParOldGen       total 475648K, used 330340K [0x00000000b3200000, 0x00000000d0280000, 0x00000000e6600000)
  object space 475648K, 69% used [0x00000000b3200000,0x00000000c7499060,0x00000000d0280000)
 Metaspace       used 16924K, capacity 17166K, committed 17408K, reserved 1064960K
  class space    used 1860K, capacity 1941K, committed 2048K, reserved 1048576K
Event: 2309.173 GC heap after
Heap after GC invocations=112 (full 3):
 PSYoungGen      total 382464K, used 160K [0x00000000e6600000, 0x00000000fff80000, 0x0000000100000000)
  eden space 381440K, 0% used [0x00000000e6600000,0x00000000e6600000,0x00000000fda80000)
  from space 1024K, 15% used [0x00000000ffd80000,0x00000000ffda8000,0x00000000ffe80000)
  to   space 1024K, 0% used [0x00000000ffe80000,0x00000000ffe80000,0x00000000fff80000)
 ParOldGen       total 555520K, used 529313K [0x00000000b3200000, 0x00000000d5080000, 0x00000000e6600000)
  object space 555520K, 95% used [0x00000000b3200000,0x00000000d36e87a8,0x00000000d5080000)
 Metaspace       used 16924K, capacity 17166K, committed 17408K, reserved 1064960K
  class space    used 1860K, capacity 1941K, committed 2048K, reserved 1048576K
}
Event: 2309.173 GC heap before
{Heap before GC invocations=113 (full 4):
 PSYoungGen      total 382464K, used 160K [0x00000000e6600000, 0x00000000fff80000, 0x0000000100000000)
  eden space 381440K, 0% used [0x00000000e6600000,0x00000000e6600000,0x00000000fda80000)
  from space 1024K, 15% used [0x00000000ffd80000,0x00000000ffda8000,0x00000000ffe80000)
  to   space 1024K, 0% used [0x00000000ffe80000,0x00000000ffe80000,0x00000000fff80000)
 ParOldGen       total 555520K, used 529313K [0x00000000b3200000, 0x00000000d5080000, 0x00000000e6600000)
  object space 555520K, 95% used [0x00000000b3200000,0x00000000d36e87a8,0x00000000d5080000)
 Metaspace       used 16924K, capacity 17166K, committed 17408K, reserved 1064960K
  class space    used 1860K, capacity 1941K, committed 2048K, reserved 1048576K

