# JRE version: OpenJDK Runtime Environment (8.0_222-b10) (build 1.8.0_222-8u222-b10-1ubuntu1~16.04.1-b10)
# Java VM: OpenJDK 64-Bit Server VM (25.222-b10 mixed mode linux-amd64 compressed oops)
Heap:
 PSYoungGen      total 317952K, used 192K [0x00000000e6600000, 0x00000000fa980000, 0x0000000100000000)
  eden space 313344K, 0% used [0x00000000e6600000,0x00000000e6600000,0x00000000f9800000)
  from space 4608K, 4% used [0x00000000fa500000,0x00000000fa530000,0x00000000fa980000)
  to   space 5120K, 0% used [0x00000000f9800000,0x00000000f9800000,0x00000000f9d00000)
 ParOldGen       total 109568K, used 85127K [0x00000000b3200000, 0x00000000b9d00000, 0x00000000e6600000)
  object space 109568K, 77% used [0x00000000b3200000,0x00000000b8521ce8,0x00000000b9d00000)
 Metaspace       used 14310K, capacity 14482K, committed 14720K, reserved 1062912K
  class space    used 1510K, capacity 1579K, committed 1664K, reserved 1048576K
GC Heap History (10 events):
Event: 20.829 GC heap after
Heap after GC invocations=57 (full 2):
 PSYoungGen      total 307712K, used 64K [0x00000000e6600000, 0x00000000f9e80000, 0x0000000100000000)
  eden space 300544K, 0% used [0x00000000e6600000,0x00000000e6600000,0x00000000f8b80000)
  from space 7168K, 0% used [0x00000000f8b80000,0x00000000f8b90000,0x00000000f9280000)
  to   space 6656K, 0% used [0x00000000f9800000,0x00000000f9800000,0x00000000f9e80000)
 ParOldGen       total 109568K, used 76079K [0x00000000b3200000, 0x00000000b9d00000, 0x00000000e6600000)
  object space 109568K, 69% used [0x00000000b3200000,0x00000000b7c4bcd8,0x00000000b9d00000)
 Metaspace       used 14241K, capacity 14412K, committed 14720K, reserved 1062912K
  class space    used 1509K, capacity 1578K, committed 1664K, reserved 1048576K
}
Event: 21.289 GC heap before
{Heap before GC invocations=58 (full 2):
 PSYoungGen      total 307712K, used 300608K [0x00000000e6600000, 0x00000000f9e80000, 0x0000000100000000)
  eden space 300544K, 100% used [0x00000000e6600000,0x00000000f8b80000,0x00000000f8b80000)
  from space 7168K, 0% used [0x00000000f8b80000,0x00000000f8b90000,0x00000000f9280000)
  to   space 6656K, 0% used [0x00000000f9800000,0x00000000f9800000,0x00000000f9e80000)
 ParOldGen       total 109568K, used 76079K [0x00000000b3200000, 0x00000000b9d00000, 0x00000000e6600000)
  object space 109568K, 69% used [0x00000000b3200000,0x00000000b7c4bcd8,0x00000000b9d00000)
 Metaspace       used 14257K, capacity 14412K, committed 14720K, reserved 1062912K
  class space    used 1509K, capacity 1578K, committed 1664K, reserved 1048576K
Event: 21.295 GC heap after
Heap after GC invocations=58 (full 2):
 PSYoungGen      total 311296K, used 96K [0x00000000e6600000, 0x00000000f9d00000, 0x0000000100000000)
  eden space 306176K, 0% used [0x00000000e6600000,0x00000000e6600000,0x00000000f9100000)
  from space 5120K, 1% used [0x00000000f9800000,0x00000000f9818000,0x00000000f9d00000)
  to   space 6144K, 0% used [0x00000000f9100000,0x00000000f9100000,0x00000000f9700000)
 ParOldGen       total 109568K, used 76087K [0x00000000b3200000, 0x00000000b9d00000, 0x00000000e6600000)
  object space 109568K, 69% used [0x00000000b3200000,0x00000000b7c4dcd8,0x00000000b9d00000)
 Metaspace       used 14257K, capacity 14412K, committed 14720K, reserved 1062912K
  class space    used 1509K, capacity 1578K, committed 1664K, reserved 1048576K
}
Event: 21.743 GC heap before
{Heap before GC invocations=59 (full 2):
 PSYoungGen      total 311296K, used 306272K [0x00000000e6600000, 0x00000000f9d00000, 0x0000000100000000)
  eden space 306176K, 100% used [0x00000000e6600000,0x00000000f9100000,0x00000000f9100000)
  from space 5120K, 1% used [0x00000000f9800000,0x00000000f9818000,0x00000000f9d00000)
  to   space 6144K, 0% used [0x00000000f9100000,0x00000000f9100000,0x00000000f9700000)
 ParOldGen       total 109568K, used 76087K [0x00000000b3200000, 0x00000000b9d00000, 0x00000000e6600000)
  object space 109568K, 69% used [0x00000000b3200000,0x00000000b7c4dcd8,0x00000000b9d00000)
 Metaspace       used 14270K, capacity 14412K, committed 14720K, reserved 1062912K
  class space    used 1509K, capacity 1578K, committed 1664K, reserved 1048576K
Event: 21.761 GC heap after
Heap after GC invocations=59 (full 2):
 PSYoungGen      total 312320K, used 64K [0x00000000e6600000, 0x00000000fa300000, 0x0000000100000000)
  eden space 306176K, 0% used [0x00000000e6600000,0x00000000e6600000,0x00000000f9100000)
  from space 6144K, 1% used [0x00000000f9100000,0x00000000f9110000,0x00000000f9700000)
  to   space 5632K, 0% used [0x00000000f9d80000,0x00000000f9d80000,0x00000000fa300000)
 ParOldGen       total 109568K, used 76095K [0x00000000b3200000, 0x00000000b9d00000, 0x00000000e6600000)
  object space 109568K, 69% used [0x00000000b3200000,0x00000000b7c4fcd8,0x00000000b9d00000)
 Metaspace       used 14270K, capacity 14412K, committed 14720K, reserved 1062912K
  class space    used 1509K, capacity 1578K, committed 1664K, reserved 1048576K
}
Event: 22.686 GC heap before
{Heap before GC invocations=60 (full 2):
 PSYoungGen      total 312320K, used 306240K [0x00000000e6600000, 0x00000000fa300000, 0x0000000100000000)
  eden space 306176K, 100% used [0x00000000e6600000,0x00000000f9100000,0x00000000f9100000)
  from space 6144K, 1% used [0x00000000f9100000,0x00000000f9110000,0x00000000f9700000)
  to   space 5632K, 0% used [0x00000000f9d80000,0x00000000f9d80000,0x00000000fa300000)
 ParOldGen       total 109568K, used 76095K [0x00000000b3200000, 0x00000000b9d00000, 0x00000000e6600000)
  object space 109568K, 69% used [0x00000000b3200000,0x00000000b7c4fcd8,0x00000000b9d00000)
 Metaspace       used 14270K, capacity 14412K, committed 14720K, reserved 1062912K
  class space    used 1509K, capacity 1578K, committed 1664K, reserved 1048576K
Event: 22.714 GC heap after
Heap after GC invocations=60 (full 2):
 PSYoungGen      total 317952K, used 118K [0x00000000e6600000, 0x00000000fa200000, 0x0000000100000000)
  eden space 313344K, 0% used [0x00000000e6600000,0x00000000e6600000,0x00000000f9800000)
  from space 4608K, 2% used [0x00000000f9d80000,0x00000000f9d9da18,0x00000000fa200000)
  to   space 5120K, 0% used [0x00000000f9800000,0x00000000f9800000,0x00000000f9d00000)
 ParOldGen       total 109568K, used 76103K [0x00000000b3200000, 0x00000000b9d00000, 0x00000000e6600000)
  object space 109568K, 69% used [0x00000000b3200000,0x00000000b7c51cd8,0x00000000b9d00000)
 Metaspace       used 14270K, capacity 14412K, committed 14720K, reserved 1062912K
  class space    used 1509K, capacity 1578K, committed 1664K, reserved 1048576K
}
Event: 23.524 GC heap before
{Heap before GC invocations=61 (full 2):
 PSYoungGen      total 317952K, used 313462K [0x00000000e6600000, 0x00000000fa200000, 0x0000000100000000)
  eden space 313344K, 100% used [0x00000000e6600000,0x00000000f9800000,0x00000000f9800000)
  from space 4608K, 2% used [0x00000000f9d80000,0x00000000f9d9da18,0x00000000fa200000)
  to   space 5120K, 0% used [0x00000000f9800000,0x00000000f9800000,0x00000000f9d00000)
 ParOldGen       total 109568K, used 76103K [0x00000000b3200000, 0x00000000b9d00000, 0x00000000e6600000)
  object space 109568K, 69% used [0x00000000b3200000,0x00000000b7c51cd8,0x00000000b9d00000)
 Metaspace       used 14274K, capacity 14412K, committed 14720K, reserved 1062912K
  class space    used 1509K, capacity 1578K, committed 1664K, reserved 1048576K
Event: 23.576 GC heap after
Heap after GC invocations=61 (full 2):
 PSYoungGen      total 318464K, used 64K [0x00000000e6600000, 0x00000000fa980000, 0x0000000100000000)
  eden space 313344K, 0% used [0x00000000e6600000,0x00000000e6600000,0x00000000f9800000)
  from space 5120K, 1% used [0x00000000f9800000,0x00000000f9810000,0x00000000f9d00000)
  to   space 4608K, 0% used [0x00000000fa500000,0x00000000fa500000,0x00000000fa980000)
 ParOldGen       total 109568K, used 76111K [0x00000000b3200000, 0x00000000b9d00000, 0x00000000e6600000)
  object space 109568K, 69% used [0x00000000b3200000,0x00000000b7c53cd8,0x00000000b9d00000)
 Metaspace       used 14274K, capacity 14412K, committed 14720K, reserved 1062912K
  class space    used 1509K, capacity 1578K, committed 1664K, reserved 1048576K
}
Event: 24.941 GC heap before
{Heap before GC invocations=62 (full 2):
 PSYoungGen      total 318464K, used 313213K [0x00000000e6600000, 0x00000000fa980000, 0x0000000100000000)
  eden space 313344K, 99% used [0x00000000e6600000,0x00000000f97cf610,0x00000000f9800000)
  from space 5120K, 1% used [0x00000000f9800000,0x00000000f9810000,0x00000000f9d00000)
  to   space 4608K, 0% used [0x00000000fa500000,0x00000000fa500000,0x00000000fa980000)
 ParOldGen       total 109568K, used 76111K [0x00000000b3200000, 0x00000000b9d00000, 0x00000000e6600000)
  object space 109568K, 69% used [0x00000000b3200000,0x00000000b7c53cd8,0x00000000b9d00000)
 Metaspace       used 14310K, capacity 14482K, committed 14720K, reserved 1062912K
  class space    used 1510K, capacity 1579K, committed 1664K, reserved 1048576K

