# JRE version: OpenJDK Runtime Environment (8.0_222-b10) (build 1.8.0_222-8u222-b10-1ubuntu1~16.04.1-b10)
# Java VM: OpenJDK 64-Bit Server VM (25.222-b10 mixed mode linux-amd64 compressed oops)
Heap:
 PSYoungGen      total 84992K, used 2976K [0x00000000e6600000, 0x00000000ebc00000, 0x0000000100000000)
  eden space 81920K, 0% used [0x00000000e6600000,0x00000000e6600000,0x00000000eb600000)
  from space 3072K, 96% used [0x00000000eb600000,0x00000000eb8e8100,0x00000000eb900000)
  to   space 3072K, 0% used [0x00000000eb900000,0x00000000eb900000,0x00000000ebc00000)
 ParOldGen       total 53248K, used 18474K [0x00000000b3200000, 0x00000000b6600000, 0x00000000e6600000)
  object space 53248K, 34% used [0x00000000b3200000,0x00000000b440aa60,0x00000000b6600000)
 Metaspace       used 13535K, capacity 13744K, committed 13952K, reserved 1060864K
  class space    used 1469K, capacity 1546K, committed 1664K, reserved 1048576K
GC Heap History (9 events):
Event: 0.889 GC heap before
{Heap before GC invocations=1 (full 0):
 PSYoungGen      total 23552K, used 14162K [0x00000000e6600000, 0x00000000e8000000, 0x0000000100000000)
  eden space 20480K, 69% used [0x00000000e6600000,0x00000000e73d48e0,0x00000000e7a00000)
  from space 3072K, 0% used [0x00000000e7d00000,0x00000000e7d00000,0x00000000e8000000)
  to   space 3072K, 0% used [0x00000000e7a00000,0x00000000e7a00000,0x00000000e7d00000)
 ParOldGen       total 53248K, used 0K [0x00000000b3200000, 0x00000000b6600000, 0x00000000e6600000)
  object space 53248K, 0% used [0x00000000b3200000,0x00000000b3200000,0x00000000b6600000)
 Metaspace       used 8147K, capacity 8364K, committed 8448K, reserved 1056768K
  class space    used 904K, capacity 996K, committed 1024K, reserved 1048576K
Event: 0.904 GC heap after
Heap after GC invocations=1 (full 0):
 PSYoungGen      total 23552K, used 3041K [0x00000000e6600000, 0x00000000e9400000, 0x0000000100000000)
  eden space 20480K, 0% used [0x00000000e6600000,0x00000000e6600000,0x00000000e7a00000)
  from space 3072K, 99% used [0x00000000e7a00000,0x00000000e7cf8620,0x00000000e7d00000)
  to   space 3072K, 0% used [0x00000000e9100000,0x00000000e9100000,0x00000000e9400000)
 ParOldGen       total 53248K, used 8124K [0x00000000b3200000, 0x00000000b6600000, 0x00000000e6600000)
  object space 53248K, 15% used [0x00000000b3200000,0x00000000b39ef010,0x00000000b6600000)
 Metaspace       used 8147K, capacity 8364K, committed 8448K, reserved 1056768K
  class space    used 904K, capacity 996K, committed 1024K, reserved 1048576K
}
Event: 2.048 GC heap before
{Heap before GC invocations=2 (full 0):
 PSYoungGen      total 23552K, used 23521K [0x00000000e6600000, 0x00000000e9400000, 0x0000000100000000)
  eden space 20480K, 99% used [0x00000000e6600000,0x00000000e79ffee8,0x00000000e7a00000)
  from space 3072K, 99% used [0x00000000e7a00000,0x00000000e7cf8620,0x00000000e7d00000)
  to   space 3072K, 0% used [0x00000000e9100000,0x00000000e9100000,0x00000000e9400000)
 ParOldGen       total 53248K, used 8124K [0x00000000b3200000, 0x00000000b6600000, 0x00000000e6600000)
  object space 53248K, 15% used [0x00000000b3200000,0x00000000b39ef010,0x00000000b6600000)
 Metaspace       used 12472K, capacity 12678K, committed 13056K, reserved 1060864K
  class space    used 1377K, capacity 1449K, committed 1536K, reserved 1048576K
Event: 2.066 GC heap after
Heap after GC invocations=2 (full 0):
 PSYoungGen      total 44032K, used 3048K [0x00000000e6600000, 0x00000000e9400000, 0x0000000100000000)
  eden space 40960K, 0% used [0x00000000e6600000,0x00000000e6600000,0x00000000e8e00000)
  from space 3072K, 99% used [0x00000000e9100000,0x00000000e93fa170,0x00000000e9400000)
  to   space 3072K, 0% used [0x00000000e8e00000,0x00000000e8e00000,0x00000000e9100000)
 ParOldGen       total 53248K, used 17669K [0x00000000b3200000, 0x00000000b6600000, 0x00000000e6600000)
  object space 53248K, 33% used [0x00000000b3200000,0x00000000b43414a0,0x00000000b6600000)
 Metaspace       used 12472K, capacity 12678K, committed 13056K, reserved 1060864K
  class space    used 1377K, capacity 1449K, committed 1536K, reserved 1048576K
}
Event: 3.959 GC heap before
{Heap before GC invocations=3 (full 0):
 PSYoungGen      total 44032K, used 44008K [0x00000000e6600000, 0x00000000e9400000, 0x0000000100000000)
  eden space 40960K, 100% used [0x00000000e6600000,0x00000000e8e00000,0x00000000e8e00000)
  from space 3072K, 99% used [0x00000000e9100000,0x00000000e93fa170,0x00000000e9400000)
  to   space 3072K, 0% used [0x00000000e8e00000,0x00000000e8e00000,0x00000000e9100000)
 ParOldGen       total 53248K, used 17669K [0x00000000b3200000, 0x00000000b6600000, 0x00000000e6600000)
  object space 53248K, 33% used [0x00000000b3200000,0x00000000b43414a0,0x00000000b6600000)
 Metaspace       used 13460K, capacity 13676K, committed 13952K, reserved 1060864K
  class space    used 1468K, capacity 1546K, committed 1664K, reserved 1048576K
Event: 3.999 GC heap after
Heap after GC invocations=3 (full 0):
 PSYoungGen      total 44032K, used 3048K [0x00000000e6600000, 0x00000000ebc00000, 0x0000000100000000)
  eden space 40960K, 0% used [0x00000000e6600000,0x00000000e6600000,0x00000000e8e00000)
  from space 3072K, 99% used [0x00000000e8e00000,0x00000000e90fa2f0,0x00000000e9100000)
  to   space 3072K, 0% used [0x00000000eb900000,0x00000000eb900000,0x00000000ebc00000)
 ParOldGen       total 53248K, used 18062K [0x00000000b3200000, 0x00000000b6600000, 0x00000000e6600000)
  object space 53248K, 33% used [0x00000000b3200000,0x00000000b43a3ae0,0x00000000b6600000)
 Metaspace       used 13460K, capacity 13676K, committed 13952K, reserved 1060864K
  class space    used 1468K, capacity 1546K, committed 1664K, reserved 1048576K
}
Event: 4.099 GC heap before
{Heap before GC invocations=4 (full 0):
 PSYoungGen      total 44032K, used 44008K [0x00000000e6600000, 0x00000000ebc00000, 0x0000000100000000)
  eden space 40960K, 100% used [0x00000000e6600000,0x00000000e8e00000,0x00000000e8e00000)
  from space 3072K, 99% used [0x00000000e8e00000,0x00000000e90fa2f0,0x00000000e9100000)
  to   space 3072K, 0% used [0x00000000eb900000,0x00000000eb900000,0x00000000ebc00000)
 ParOldGen       total 53248K, used 18062K [0x00000000b3200000, 0x00000000b6600000, 0x00000000e6600000)
  object space 53248K, 33% used [0x00000000b3200000,0x00000000b43a3ae0,0x00000000b6600000)
 Metaspace       used 13495K, capacity 13676K, committed 13952K, reserved 1060864K
  class space    used 1469K, capacity 1546K, committed 1664K, reserved 1048576K
Event: 4.133 GC heap after
Heap after GC invocations=4 (full 0):
 PSYoungGen      total 84992K, used 3048K [0x00000000e6600000, 0x00000000ebc00000, 0x0000000100000000)
  eden space 81920K, 0% used [0x00000000e6600000,0x00000000e6600000,0x00000000eb600000)
  from space 3072K, 99% used [0x00000000eb900000,0x00000000ebbfa2b0,0x00000000ebc00000)
  to   space 3072K, 0% used [0x00000000eb600000,0x00000000eb600000,0x00000000eb900000)
 ParOldGen       total 53248K, used 18313K [0x00000000b3200000, 0x00000000b6600000, 0x00000000e6600000)
  object space 53248K, 34% used [0x00000000b3200000,0x00000000b43e2500,0x00000000b6600000)
 Metaspace       used 13495K, capacity 13676K, committed 13952K, reserved 1060864K
  class space    used 1469K, capacity 1546K, committed 1664K, reserved 1048576K
}
Event: 4.361 GC heap before
{Heap before GC invocations=5 (full 0):
 PSYoungGen      total 84992K, used 84968K [0x00000000e6600000, 0x00000000ebc00000, 0x0000000100000000)
  eden space 81920K, 100% used [0x00000000e6600000,0x00000000eb600000,0x00000000eb600000)
  from space 3072K, 99% used [0x00000000eb900000,0x00000000ebbfa2b0,0x00000000ebc00000)
  to   space 3072K, 0% used [0x00000000eb600000,0x00000000eb600000,0x00000000eb900000)
 ParOldGen       total 53248K, used 18313K [0x00000000b3200000, 0x00000000b6600000, 0x00000000e6600000)
  object space 53248K, 34% used [0x00000000b3200000,0x00000000b43e2500,0x00000000b6600000)
 Metaspace       used 13535K, capacity 13744K, committed 13952K, reserved 1060864K
  class space    used 1469K, capacity 1546K, committed 1664K, reserved 1048576K

