# JRE version: OpenJDK Runtime Environment (8.0_222-b10) (build 1.8.0_222-8u222-b10-1ubuntu1~16.04.1-b10)
# Java VM: OpenJDK 64-Bit Server VM (25.222-b10 mixed mode linux-amd64 compressed oops)
Heap:
 PSYoungGen      total 69632K, used 638K [0x00000000e6600000, 0x00000000eb080000, 0x0000000100000000)
  eden space 66560K, 0% used [0x00000000e6600000,0x00000000e6600000,0x00000000ea700000)
  from space 3072K, 20% used [0x00000000ea700000,0x00000000ea79f930,0x00000000eaa00000)
  to   space 3072K, 0% used [0x00000000eaa00000,0x00000000eaa00000,0x00000000ead00000)
 ParOldGen       total 69632K, used 12380K [0x00000000b3200000, 0x00000000b7600000, 0x00000000e6600000)
  object space 69632K, 17% used [0x00000000b3200000,0x00000000b3e171c0,0x00000000b7600000)
 Metaspace       used 13496K, capacity 13672K, committed 13952K, reserved 1060864K
  class space    used 1473K, capacity 1546K, committed 1664K, reserved 1048576K
GC Heap History (10 events):
Event: 1.497 GC heap after
Heap after GC invocations=1 (full 0):
 PSYoungGen      total 23552K, used 3041K [0x00000000e6600000, 0x00000000e9400000, 0x0000000100000000)
  eden space 20480K, 0% used [0x00000000e6600000,0x00000000e6600000,0x00000000e7a00000)
  from space 3072K, 99% used [0x00000000e7a00000,0x00000000e7cf8620,0x00000000e7d00000)
  to   space 3072K, 0% used [0x00000000e9100000,0x00000000e9100000,0x00000000e9400000)
 ParOldGen       total 53248K, used 8124K [0x00000000b3200000, 0x00000000b6600000, 0x00000000e6600000)
  object space 53248K, 15% used [0x00000000b3200000,0x00000000b39ef010,0x00000000b6600000)
 Metaspace       used 8158K, capacity 8360K, committed 8448K, reserved 1056768K
  class space    used 902K, capacity 996K, committed 1024K, reserved 1048576K
}
Event: 3.067 GC heap before
{Heap before GC invocations=2 (full 0):
 PSYoungGen      total 23552K, used 23521K [0x00000000e6600000, 0x00000000e9400000, 0x0000000100000000)
  eden space 20480K, 100% used [0x00000000e6600000,0x00000000e7a00000,0x00000000e7a00000)
  from space 3072K, 99% used [0x00000000e7a00000,0x00000000e7cf8620,0x00000000e7d00000)
  to   space 3072K, 0% used [0x00000000e9100000,0x00000000e9100000,0x00000000e9400000)
 ParOldGen       total 53248K, used 8124K [0x00000000b3200000, 0x00000000b6600000, 0x00000000e6600000)
  object space 53248K, 15% used [0x00000000b3200000,0x00000000b39ef010,0x00000000b6600000)
 Metaspace       used 10666K, capacity 10882K, committed 11008K, reserved 1058816K
  class space    used 1160K, capacity 1257K, committed 1280K, reserved 1048576K
Event: 3.113 GC heap after
Heap after GC invocations=2 (full 0):
 PSYoungGen      total 44032K, used 3060K [0x00000000e6600000, 0x00000000e9400000, 0x0000000100000000)
  eden space 40960K, 0% used [0x00000000e6600000,0x00000000e6600000,0x00000000e8e00000)
  from space 3072K, 99% used [0x00000000e9100000,0x00000000e93fd2c0,0x00000000e9400000)
  to   space 3072K, 0% used [0x00000000e8e00000,0x00000000e8e00000,0x00000000e9100000)
 ParOldGen       total 53248K, used 33652K [0x00000000b3200000, 0x00000000b6600000, 0x00000000e6600000)
  object space 53248K, 63% used [0x00000000b3200000,0x00000000b52dd390,0x00000000b6600000)
 Metaspace       used 10666K, capacity 10882K, committed 11008K, reserved 1058816K
  class space    used 1160K, capacity 1257K, committed 1280K, reserved 1048576K
}
Event: 3.113 GC heap before
{Heap before GC invocations=3 (full 1):
 PSYoungGen      total 44032K, used 3060K [0x00000000e6600000, 0x00000000e9400000, 0x0000000100000000)
  eden space 40960K, 0% used [0x00000000e6600000,0x00000000e6600000,0x00000000e8e00000)
  from space 3072K, 99% used [0x00000000e9100000,0x00000000e93fd2c0,0x00000000e9400000)
  to   space 3072K, 0% used [0x00000000e8e00000,0x00000000e8e00000,0x00000000e9100000)
 ParOldGen       total 53248K, used 33652K [0x00000000b3200000, 0x00000000b6600000, 0x00000000e6600000)
  object space 53248K, 63% used [0x00000000b3200000,0x00000000b52dd390,0x00000000b6600000)
 Metaspace       used 10666K, capacity 10882K, committed 11008K, reserved 1058816K
  class space    used 1160K, capacity 1257K, committed 1280K, reserved 1048576K
Event: 3.141 GC heap after
Heap after GC invocations=3 (full 1):
 PSYoungGen      total 44032K, used 0K [0x00000000e6600000, 0x00000000e9400000, 0x0000000100000000)
  eden space 40960K, 0% used [0x00000000e6600000,0x00000000e6600000,0x00000000e8e00000)
  from space 3072K, 0% used [0x00000000e9100000,0x00000000e9100000,0x00000000e9400000)
  to   space 3072K, 0% used [0x00000000e8e00000,0x00000000e8e00000,0x00000000e9100000)
 ParOldGen       total 69632K, used 12300K [0x00000000b3200000, 0x00000000b7600000, 0x00000000e6600000)
  object space 69632K, 17% used [0x00000000b3200000,0x00000000b3e031b0,0x00000000b7600000)
 Metaspace       used 10666K, capacity 10882K, committed 11008K, reserved 1058816K
  class space    used 1160K, capacity 1257K, committed 1280K, reserved 1048576K
}
Event: 5.235 GC heap before
{Heap before GC invocations=4 (full 1):
 PSYoungGen      total 44032K, used 40960K [0x00000000e6600000, 0x00000000e9400000, 0x0000000100000000)
  eden space 40960K, 100% used [0x00000000e6600000,0x00000000e8e00000,0x00000000e8e00000)
  from space 3072K, 0% used [0x00000000e9100000,0x00000000e9100000,0x00000000e9400000)
  to   space 3072K, 0% used [0x00000000e8e00000,0x00000000e8e00000,0x00000000e9100000)
 ParOldGen       total 69632K, used 12300K [0x00000000b3200000, 0x00000000b7600000, 0x00000000e6600000)
  object space 69632K, 17% used [0x00000000b3200000,0x00000000b3e031b0,0x00000000b7600000)
 Metaspace       used 13461K, capacity 13672K, committed 13952K, reserved 1060864K
  class space    used 1473K, capacity 1546K, committed 1664K, reserved 1048576K
Event: 5.243 GC heap after
Heap after GC invocations=4 (full 1):
 PSYoungGen      total 44032K, used 702K [0x00000000e6600000, 0x00000000ead00000, 0x0000000100000000)
  eden space 40960K, 0% used [0x00000000e6600000,0x00000000e6600000,0x00000000e8e00000)
  from space 3072K, 22% used [0x00000000e8e00000,0x00000000e8eaf940,0x00000000e9100000)
  to   space 3072K, 0% used [0x00000000eaa00000,0x00000000eaa00000,0x00000000ead00000)
 ParOldGen       total 69632K, used 12308K [0x00000000b3200000, 0x00000000b7600000, 0x00000000e6600000)
  object space 69632K, 17% used [0x00000000b3200000,0x00000000b3e051b0,0x00000000b7600000)
 Metaspace       used 13461K, capacity 13672K, committed 13952K, reserved 1060864K
  class space    used 1473K, capacity 1546K, committed 1664K, reserved 1048576K
}
Event: 5.420 GC heap before
{Heap before GC invocations=5 (full 1):
 PSYoungGen      total 44032K, used 41662K [0x00000000e6600000, 0x00000000ead00000, 0x0000000100000000)
  eden space 40960K, 100% used [0x00000000e6600000,0x00000000e8e00000,0x00000000e8e00000)
  from space 3072K, 22% used [0x00000000e8e00000,0x00000000e8eaf940,0x00000000e9100000)
  to   space 3072K, 0% used [0x00000000eaa00000,0x00000000eaa00000,0x00000000ead00000)
 ParOldGen       total 69632K, used 12308K [0x00000000b3200000, 0x00000000b7600000, 0x00000000e6600000)
  object space 69632K, 17% used [0x00000000b3200000,0x00000000b3e051b0,0x00000000b7600000)
 Metaspace       used 13481K, capacity 13672K, committed 13952K, reserved 1060864K
  class space    used 1473K, capacity 1546K, committed 1664K, reserved 1048576K
Event: 5.428 GC heap after
Heap after GC invocations=5 (full 1):
 PSYoungGen      total 69632K, used 660K [0x00000000e6600000, 0x00000000eb080000, 0x0000000100000000)
  eden space 66560K, 0% used [0x00000000e6600000,0x00000000e6600000,0x00000000ea700000)
  from space 3072K, 21% used [0x00000000eaa00000,0x00000000eaaa5340,0x00000000ead00000)
  to   space 3072K, 0% used [0x00000000ea700000,0x00000000ea700000,0x00000000eaa00000)
 ParOldGen       total 69632K, used 12380K [0x00000000b3200000, 0x00000000b7600000, 0x00000000e6600000)
  object space 69632K, 17% used [0x00000000b3200000,0x00000000b3e171c0,0x00000000b7600000)
 Metaspace       used 13481K, capacity 13672K, committed 13952K, reserved 1060864K
  class space    used 1473K, capacity 1546K, committed 1664K, reserved 1048576K
}
Event: 5.753 GC heap before
{Heap before GC invocations=6 (full 1):
 PSYoungGen      total 69632K, used 67220K [0x00000000e6600000, 0x00000000eb080000, 0x0000000100000000)
  eden space 66560K, 100% used [0x00000000e6600000,0x00000000ea700000,0x00000000ea700000)
  from space 3072K, 21% used [0x00000000eaa00000,0x00000000eaaa5340,0x00000000ead00000)
  to   space 3072K, 0% used [0x00000000ea700000,0x00000000ea700000,0x00000000eaa00000)
 ParOldGen       total 69632K, used 12380K [0x00000000b3200000, 0x00000000b7600000, 0x00000000e6600000)
  object space 69632K, 17% used [0x00000000b3200000,0x00000000b3e171c0,0x00000000b7600000)
 Metaspace       used 13496K, capacity 13672K, committed 13952K, reserved 1060864K
  class space    used 1473K, capacity 1546K, committed 1664K, reserved 1048576K

