# JRE version: OpenJDK Runtime Environment (8.0_222-b10) (build 1.8.0_222-8u222-b10-1ubuntu1~16.04.1-b10)
# Java VM: OpenJDK 64-Bit Server VM (25.222-b10 mixed mode linux-amd64 compressed oops)
Heap:
 PSYoungGen      total 84992K, used 3060K [0x00000000e6600000, 0x00000000ebc00000, 0x0000000100000000)
  eden space 81920K, 0% used [0x00000000e6600000,0x00000000e6600000,0x00000000eb600000)
  from space 3072K, 99% used [0x00000000eb600000,0x00000000eb8fd0d0,0x00000000eb900000)
  to   space 3072K, 0% used [0x00000000eb900000,0x00000000eb900000,0x00000000ebc00000)
 ParOldGen       total 53248K, used 18133K [0x00000000b3200000, 0x00000000b6600000, 0x00000000e6600000)
  object space 53248K, 34% used [0x00000000b3200000,0x00000000b43b5460,0x00000000b6600000)
 Metaspace       used 13756K, capacity 13924K, committed 14208K, reserved 1062912K
  class space    used 1476K, capacity 1546K, committed 1664K, reserved 1048576K
GC Heap History (9 events):
Event: 1.481 GC heap before
{Heap before GC invocations=1 (full 0):
 PSYoungGen      total 23552K, used 14162K [0x00000000e6600000, 0x00000000e8000000, 0x0000000100000000)
  eden space 20480K, 69% used [0x00000000e6600000,0x00000000e73d48e0,0x00000000e7a00000)
  from space 3072K, 0% used [0x00000000e7d00000,0x00000000e7d00000,0x00000000e8000000)
  to   space 3072K, 0% used [0x00000000e7a00000,0x00000000e7a00000,0x00000000e7d00000)
 ParOldGen       total 53248K, used 0K [0x00000000b3200000, 0x00000000b6600000, 0x00000000e6600000)
  object space 53248K, 0% used [0x00000000b3200000,0x00000000b3200000,0x00000000b6600000)
 Metaspace       used 8159K, capacity 8416K, committed 8448K, reserved 1056768K
  class space    used 904K, capacity 996K, committed 1024K, reserved 1048576K
Event: 1.511 GC heap after
Heap after GC invocations=1 (full 0):
 PSYoungGen      total 23552K, used 3041K [0x00000000e6600000, 0x00000000e9400000, 0x0000000100000000)
  eden space 20480K, 0% used [0x00000000e6600000,0x00000000e6600000,0x00000000e7a00000)
  from space 3072K, 99% used [0x00000000e7a00000,0x00000000e7cf8620,0x00000000e7d00000)
  to   space 3072K, 0% used [0x00000000e9100000,0x00000000e9100000,0x00000000e9400000)
 ParOldGen       total 53248K, used 8124K [0x00000000b3200000, 0x00000000b6600000, 0x00000000e6600000)
  object space 53248K, 15% used [0x00000000b3200000,0x00000000b39ef010,0x00000000b6600000)
 Metaspace       used 8159K, capacity 8416K, committed 8448K, reserved 1056768K
  class space    used 904K, capacity 996K, committed 1024K, reserved 1048576K
}
Event: 3.899 GC heap before
{Heap before GC invocations=2 (full 0):
 PSYoungGen      total 23552K, used 23521K [0x00000000e6600000, 0x00000000e9400000, 0x0000000100000000)
  eden space 20480K, 100% used [0x00000000e6600000,0x00000000e7a00000,0x00000000e7a00000)
  from space 3072K, 99% used [0x00000000e7a00000,0x00000000e7cf8620,0x00000000e7d00000)
  to   space 3072K, 0% used [0x00000000e9100000,0x00000000e9100000,0x00000000e9400000)
 ParOldGen       total 53248K, used 8124K [0x00000000b3200000, 0x00000000b6600000, 0x00000000e6600000)
  object space 53248K, 15% used [0x00000000b3200000,0x00000000b39ef010,0x00000000b6600000)
 Metaspace       used 12529K, capacity 12730K, committed 13056K, reserved 1060864K
  class space    used 1381K, capacity 1449K, committed 1536K, reserved 1048576K
Event: 3.923 GC heap after
Heap after GC invocations=2 (full 0):
 PSYoungGen      total 44032K, used 3055K [0x00000000e6600000, 0x00000000e9400000, 0x0000000100000000)
  eden space 40960K, 0% used [0x00000000e6600000,0x00000000e6600000,0x00000000e8e00000)
  from space 3072K, 99% used [0x00000000e9100000,0x00000000e93fbf90,0x00000000e9400000)
  to   space 3072K, 0% used [0x00000000e8e00000,0x00000000e8e00000,0x00000000e9100000)
 ParOldGen       total 53248K, used 17658K [0x00000000b3200000, 0x00000000b6600000, 0x00000000e6600000)
  object space 53248K, 33% used [0x00000000b3200000,0x00000000b433ebd0,0x00000000b6600000)
 Metaspace       used 12529K, capacity 12730K, committed 13056K, reserved 1060864K
  class space    used 1381K, capacity 1449K, committed 1536K, reserved 1048576K
}
Event: 11.016 GC heap before
{Heap before GC invocations=3 (full 0):
 PSYoungGen      total 44032K, used 44015K [0x00000000e6600000, 0x00000000e9400000, 0x0000000100000000)
  eden space 40960K, 100% used [0x00000000e6600000,0x00000000e8e00000,0x00000000e8e00000)
  from space 3072K, 99% used [0x00000000e9100000,0x00000000e93fbf90,0x00000000e9400000)
  to   space 3072K, 0% used [0x00000000e8e00000,0x00000000e8e00000,0x00000000e9100000)
 ParOldGen       total 53248K, used 17658K [0x00000000b3200000, 0x00000000b6600000, 0x00000000e6600000)
  object space 53248K, 33% used [0x00000000b3200000,0x00000000b433ebd0,0x00000000b6600000)
 Metaspace       used 13743K, capacity 13924K, committed 14208K, reserved 1062912K
  class space    used 1476K, capacity 1546K, committed 1664K, reserved 1048576K
Event: 11.024 GC heap after
Heap after GC invocations=3 (full 0):
 PSYoungGen      total 44032K, used 3060K [0x00000000e6600000, 0x00000000ebc00000, 0x0000000100000000)
  eden space 40960K, 0% used [0x00000000e6600000,0x00000000e6600000,0x00000000e8e00000)
  from space 3072K, 99% used [0x00000000e8e00000,0x00000000e90fd0b0,0x00000000e9100000)
  to   space 3072K, 0% used [0x00000000eb900000,0x00000000eb900000,0x00000000ebc00000)
 ParOldGen       total 53248K, used 18085K [0x00000000b3200000, 0x00000000b6600000, 0x00000000e6600000)
  object space 53248K, 33% used [0x00000000b3200000,0x00000000b43a9460,0x00000000b6600000)
 Metaspace       used 13743K, capacity 13924K, committed 14208K, reserved 1062912K
  class space    used 1476K, capacity 1546K, committed 1664K, reserved 1048576K
}
Event: 11.190 GC heap before
{Heap before GC invocations=4 (full 0):
 PSYoungGen      total 44032K, used 44019K [0x00000000e6600000, 0x00000000ebc00000, 0x0000000100000000)
  eden space 40960K, 99% used [0x00000000e6600000,0x00000000e8dffbe0,0x00000000e8e00000)
  from space 3072K, 99% used [0x00000000e8e00000,0x00000000e90fd0b0,0x00000000e9100000)
  to   space 3072K, 0% used [0x00000000eb900000,0x00000000eb900000,0x00000000ebc00000)
 ParOldGen       total 53248K, used 18085K [0x00000000b3200000, 0x00000000b6600000, 0x00000000e6600000)
  object space 53248K, 33% used [0x00000000b3200000,0x00000000b43a9460,0x00000000b6600000)
 Metaspace       used 13749K, capacity 13924K, committed 14208K, reserved 1062912K
  class space    used 1476K, capacity 1546K, committed 1664K, reserved 1048576K
Event: 11.195 GC heap after
Heap after GC invocations=4 (full 0):
 PSYoungGen      total 84992K, used 3060K [0x00000000e6600000, 0x00000000ebc00000, 0x0000000100000000)
  eden space 81920K, 0% used [0x00000000e6600000,0x00000000e6600000,0x00000000eb600000)
  from space 3072K, 99% used [0x00000000eb900000,0x00000000ebbfd0b0,0x00000000ebc00000)
  to   space 3072K, 0% used [0x00000000eb600000,0x00000000eb600000,0x00000000eb900000)
 ParOldGen       total 53248K, used 18109K [0x00000000b3200000, 0x00000000b6600000, 0x00000000e6600000)
  object space 53248K, 34% used [0x00000000b3200000,0x00000000b43af460,0x00000000b6600000)
 Metaspace       used 13749K, capacity 13924K, committed 14208K, reserved 1062912K
  class space    used 1476K, capacity 1546K, committed 1664K, reserved 1048576K
}
Event: 11.449 GC heap before
{Heap before GC invocations=5 (full 0):
 PSYoungGen      total 84992K, used 84980K [0x00000000e6600000, 0x00000000ebc00000, 0x0000000100000000)
  eden space 81920K, 100% used [0x00000000e6600000,0x00000000eb600000,0x00000000eb600000)
  from space 3072K, 99% used [0x00000000eb900000,0x00000000ebbfd0b0,0x00000000ebc00000)
  to   space 3072K, 0% used [0x00000000eb600000,0x00000000eb600000,0x00000000eb900000)
 ParOldGen       total 53248K, used 18109K [0x00000000b3200000, 0x00000000b6600000, 0x00000000e6600000)
  object space 53248K, 34% used [0x00000000b3200000,0x00000000b43af460,0x00000000b6600000)
 Metaspace       used 13756K, capacity 13924K, committed 14208K, reserved 1062912K
  class space    used 1476K, capacity 1546K, committed 1664K, reserved 1048576K

