# JRE version: OpenJDK Runtime Environment (8.0_222-b10) (build 1.8.0_222-8u222-b10-1ubuntu1~16.04.1-b10)
# Java VM: OpenJDK 64-Bit Server VM (25.222-b10 mixed mode linux-amd64 compressed oops)
Heap:
 PSYoungGen      total 210432K, used 32K [0x00000000e6600000, 0x00000000f5080000, 0x0000000100000000)
  eden space 180736K, 0% used [0x00000000e6600000,0x00000000e6600000,0x00000000f1680000)
  from space 29696K, 0% used [0x00000000f1680000,0x00000000f1688000,0x00000000f3380000)
  to   space 28672K, 0% used [0x00000000f3480000,0x00000000f3480000,0x00000000f5080000)
 ParOldGen       total 137728K, used 53040K [0x00000000b3200000, 0x00000000bb880000, 0x00000000e6600000)
  object space 137728K, 38% used [0x00000000b3200000,0x00000000b65cc220,0x00000000bb880000)
 Metaspace       used 14253K, capacity 14540K, committed 14720K, reserved 1062912K
  class space    used 1539K, capacity 1622K, committed 1664K, reserved 1048576K
GC Heap History (10 events):
Event: 8.439 GC heap after
Heap after GC invocations=8 (full 2):
 PSYoungGen      total 120832K, used 64K [0x00000000e6600000, 0x00000000f0500000, 0x0000000100000000)
  eden space 88064K, 0% used [0x00000000e6600000,0x00000000e6600000,0x00000000ebc00000)
  from space 32768K, 0% used [0x00000000ee500000,0x00000000ee510000,0x00000000f0500000)
  to   space 37376K, 0% used [0x00000000ebc00000,0x00000000ebc00000,0x00000000ee080000)
 ParOldGen       total 137728K, used 52962K [0x00000000b3200000, 0x00000000bb880000, 0x00000000e6600000)
  object space 137728K, 38% used [0x00000000b3200000,0x00000000b65b8808,0x00000000bb880000)
 Metaspace       used 14132K, capacity 14412K, committed 14720K, reserved 1062912K
  class space    used 1539K, capacity 1622K, committed 1664K, reserved 1048576K
}
Event: 8.898 GC heap before
{Heap before GC invocations=9 (full 2):
 PSYoungGen      total 120832K, used 88128K [0x00000000e6600000, 0x00000000f0500000, 0x0000000100000000)
  eden space 88064K, 100% used [0x00000000e6600000,0x00000000ebc00000,0x00000000ebc00000)
  from space 32768K, 0% used [0x00000000ee500000,0x00000000ee510000,0x00000000f0500000)
  to   space 37376K, 0% used [0x00000000ebc00000,0x00000000ebc00000,0x00000000ee080000)
 ParOldGen       total 137728K, used 52962K [0x00000000b3200000, 0x00000000bb880000, 0x00000000e6600000)
  object space 137728K, 38% used [0x00000000b3200000,0x00000000b65b8808,0x00000000bb880000)
 Metaspace       used 14150K, capacity 14412K, committed 14720K, reserved 1062912K
  class space    used 1539K, capacity 1622K, committed 1664K, reserved 1048576K
Event: 8.918 GC heap after
Heap after GC invocations=9 (full 2):
 PSYoungGen      total 125440K, used 86K [0x00000000e6600000, 0x00000000f2f80000, 0x0000000100000000)
  eden space 88064K, 0% used [0x00000000e6600000,0x00000000e6600000,0x00000000ebc00000)
  from space 37376K, 0% used [0x00000000ebc00000,0x00000000ebc15a10,0x00000000ee080000)
  to   space 35328K, 0% used [0x00000000f0d00000,0x00000000f0d00000,0x00000000f2f80000)
 ParOldGen       total 137728K, used 52962K [0x00000000b3200000, 0x00000000bb880000, 0x00000000e6600000)
  object space 137728K, 38% used [0x00000000b3200000,0x00000000b65b8808,0x00000000bb880000)
 Metaspace       used 14150K, capacity 14412K, committed 14720K, reserved 1062912K
  class space    used 1539K, capacity 1622K, committed 1664K, reserved 1048576K
}
Event: 9.126 GC heap before
{Heap before GC invocations=10 (full 2):
 PSYoungGen      total 125440K, used 88150K [0x00000000e6600000, 0x00000000f2f80000, 0x0000000100000000)
  eden space 88064K, 100% used [0x00000000e6600000,0x00000000ebc00000,0x00000000ebc00000)
  from space 37376K, 0% used [0x00000000ebc00000,0x00000000ebc15a10,0x00000000ee080000)
  to   space 35328K, 0% used [0x00000000f0d00000,0x00000000f0d00000,0x00000000f2f80000)
 ParOldGen       total 137728K, used 52962K [0x00000000b3200000, 0x00000000bb880000, 0x00000000e6600000)
  object space 137728K, 38% used [0x00000000b3200000,0x00000000b65b8808,0x00000000bb880000)
 Metaspace       used 14173K, capacity 14412K, committed 14720K, reserved 1062912K
  class space    used 1539K, capacity 1622K, committed 1664K, reserved 1048576K
Event: 9.134 GC heap after
Heap after GC invocations=10 (full 2):
 PSYoungGen      total 167936K, used 128K [0x00000000e6600000, 0x00000000f2c00000, 0x0000000100000000)
  eden space 136192K, 0% used [0x00000000e6600000,0x00000000e6600000,0x00000000eeb00000)
  from space 31744K, 0% used [0x00000000f0d00000,0x00000000f0d20000,0x00000000f2c00000)
  to   space 33280K, 0% used [0x00000000eeb00000,0x00000000eeb00000,0x00000000f0b80000)
 ParOldGen       total 137728K, used 52970K [0x00000000b3200000, 0x00000000bb880000, 0x00000000e6600000)
  object space 137728K, 38% used [0x00000000b3200000,0x00000000b65ba808,0x00000000bb880000)
 Metaspace       used 14173K, capacity 14412K, committed 14720K, reserved 1062912K
  class space    used 1539K, capacity 1622K, committed 1664K, reserved 1048576K
}
Event: 9.831 GC heap before
{Heap before GC invocations=11 (full 2):
 PSYoungGen      total 167936K, used 136320K [0x00000000e6600000, 0x00000000f2c00000, 0x0000000100000000)
  eden space 136192K, 100% used [0x00000000e6600000,0x00000000eeb00000,0x00000000eeb00000)
  from space 31744K, 0% used [0x00000000f0d00000,0x00000000f0d20000,0x00000000f2c00000)
  to   space 33280K, 0% used [0x00000000eeb00000,0x00000000eeb00000,0x00000000f0b80000)
 ParOldGen       total 137728K, used 52970K [0x00000000b3200000, 0x00000000bb880000, 0x00000000e6600000)
  object space 137728K, 38% used [0x00000000b3200000,0x00000000b65ba808,0x00000000bb880000)
 Metaspace       used 14205K, capacity 14476K, committed 14720K, reserved 1062912K
  class space    used 1539K, capacity 1622K, committed 1664K, reserved 1048576K
Event: 9.880 GC heap after
Heap after GC invocations=11 (full 2):
 PSYoungGen      total 169472K, used 96K [0x00000000e6600000, 0x00000000f5300000, 0x0000000100000000)
  eden space 136192K, 0% used [0x00000000e6600000,0x00000000e6600000,0x00000000eeb00000)
  from space 33280K, 0% used [0x00000000eeb00000,0x00000000eeb18000,0x00000000f0b80000)
  to   space 31232K, 0% used [0x00000000f3480000,0x00000000f3480000,0x00000000f5300000)
 ParOldGen       total 137728K, used 53016K [0x00000000b3200000, 0x00000000bb880000, 0x00000000e6600000)
  object space 137728K, 38% used [0x00000000b3200000,0x00000000b65c6220,0x00000000bb880000)
 Metaspace       used 14205K, capacity 14476K, committed 14720K, reserved 1062912K
  class space    used 1539K, capacity 1622K, committed 1664K, reserved 1048576K
}
Event: 10.392 GC heap before
{Heap before GC invocations=12 (full 2):
 PSYoungGen      total 169472K, used 136288K [0x00000000e6600000, 0x00000000f5300000, 0x0000000100000000)
  eden space 136192K, 100% used [0x00000000e6600000,0x00000000eeb00000,0x00000000eeb00000)
  from space 33280K, 0% used [0x00000000eeb00000,0x00000000eeb18000,0x00000000f0b80000)
  to   space 31232K, 0% used [0x00000000f3480000,0x00000000f3480000,0x00000000f5300000)
 ParOldGen       total 137728K, used 53016K [0x00000000b3200000, 0x00000000bb880000, 0x00000000e6600000)
  object space 137728K, 38% used [0x00000000b3200000,0x00000000b65c6220,0x00000000bb880000)
 Metaspace       used 14220K, capacity 14476K, committed 14720K, reserved 1062912K
  class space    used 1539K, capacity 1622K, committed 1664K, reserved 1048576K
Event: 10.410 GC heap after
Heap after GC invocations=12 (full 2):
 PSYoungGen      total 209408K, used 32K [0x00000000e6600000, 0x00000000f5080000, 0x0000000100000000)
  eden space 180736K, 0% used [0x00000000e6600000,0x00000000e6600000,0x00000000f1680000)
  from space 28672K, 0% used [0x00000000f3480000,0x00000000f3488000,0x00000000f5080000)
  to   space 29696K, 0% used [0x00000000f1680000,0x00000000f1680000,0x00000000f3380000)
 ParOldGen       total 137728K, used 53024K [0x00000000b3200000, 0x00000000bb880000, 0x00000000e6600000)
  object space 137728K, 38% used [0x00000000b3200000,0x00000000b65c8220,0x00000000bb880000)
 Metaspace       used 14220K, capacity 14476K, committed 14720K, reserved 1062912K
  class space    used 1539K, capacity 1622K, committed 1664K, reserved 1048576K
}
Event: 11.246 GC heap before
{Heap before GC invocations=13 (full 2):
 PSYoungGen      total 209408K, used 180768K [0x00000000e6600000, 0x00000000f5080000, 0x0000000100000000)
  eden space 180736K, 100% used [0x00000000e6600000,0x00000000f1680000,0x00000000f1680000)
  from space 28672K, 0% used [0x00000000f3480000,0x00000000f3488000,0x00000000f5080000)
  to   space 29696K, 0% used [0x00000000f1680000,0x00000000f1680000,0x00000000f3380000)
 ParOldGen       total 137728K, used 53024K [0x00000000b3200000, 0x00000000bb880000, 0x00000000e6600000)
  object space 137728K, 38% used [0x00000000b3200000,0x00000000b65c8220,0x00000000bb880000)
 Metaspace       used 14253K, capacity 14540K, committed 14720K, reserved 1062912K
  class space    used 1539K, capacity 1622K, committed 1664K, reserved 1048576K

