# JRE version: OpenJDK Runtime Environment (8.0_222-b10) (build 1.8.0_222-8u222-b10-1ubuntu1~16.04.1-b10)
# Java VM: OpenJDK 64-Bit Server VM (25.222-b10 mixed mode linux-amd64 compressed oops)
Heap:
 PSYoungGen      total 34304K, used 494K [0x00000000e6600000, 0x00000000e8e00000, 0x0000000100000000)
  eden space 31232K, 0% used [0x00000000e6600000,0x00000000e6600000,0x00000000e8480000)
  from space 3072K, 16% used [0x00000000e8480000,0x00000000e84fb920,0x00000000e8780000)
  to   space 3072K, 0% used [0x00000000e8780000,0x00000000e8780000,0x00000000e8a80000)
 ParOldGen       total 83456K, used 12509K [0x00000000b3200000, 0x00000000b8380000, 0x00000000e6600000)
  object space 83456K, 14% used [0x00000000b3200000,0x00000000b3e37638,0x00000000b8380000)
 Metaspace       used 13666K, capacity 13872K, committed 14208K, reserved 1062912K
  class space    used 1471K, capacity 1546K, committed 1664K, reserved 1048576K
GC Heap History (10 events):
Event: 2.421 GC heap after
Heap after GC invocations=1 (full 0):
 PSYoungGen      total 23552K, used 3041K [0x00000000e6600000, 0x00000000e8000000, 0x0000000100000000)
  eden space 20480K, 0% used [0x00000000e6600000,0x00000000e6600000,0x00000000e7a00000)
  from space 3072K, 99% used [0x00000000e7a00000,0x00000000e7cf8620,0x00000000e7d00000)
  to   space 3072K, 0% used [0x00000000e7d00000,0x00000000e7d00000,0x00000000e8000000)
 ParOldGen       total 53248K, used 8124K [0x00000000b3200000, 0x00000000b6600000, 0x00000000e6600000)
  object space 53248K, 15% used [0x00000000b3200000,0x00000000b39ef010,0x00000000b6600000)
 Metaspace       used 8157K, capacity 8364K, committed 8448K, reserved 1056768K
  class space    used 902K, capacity 996K, committed 1024K, reserved 1048576K
}
Event: 4.257 GC heap before
{Heap before GC invocations=2 (full 0):
 PSYoungGen      total 23552K, used 23521K [0x00000000e6600000, 0x00000000e8000000, 0x0000000100000000)
  eden space 20480K, 100% used [0x00000000e6600000,0x00000000e7a00000,0x00000000e7a00000)
  from space 3072K, 99% used [0x00000000e7a00000,0x00000000e7cf8620,0x00000000e7d00000)
  to   space 3072K, 0% used [0x00000000e7d00000,0x00000000e7d00000,0x00000000e8000000)
 ParOldGen       total 53248K, used 8124K [0x00000000b3200000, 0x00000000b6600000, 0x00000000e6600000)
  object space 53248K, 15% used [0x00000000b3200000,0x00000000b39ef010,0x00000000b6600000)
 Metaspace       used 12522K, capacity 12678K, committed 13056K, reserved 1060864K
  class space    used 1377K, capacity 1449K, committed 1536K, reserved 1048576K
Event: 4.274 GC heap after
Heap after GC invocations=2 (full 0):
 PSYoungGen      total 23552K, used 3064K [0x00000000e6600000, 0x00000000e8000000, 0x0000000100000000)
  eden space 20480K, 0% used [0x00000000e6600000,0x00000000e6600000,0x00000000e7a00000)
  from space 3072K, 99% used [0x00000000e7d00000,0x00000000e7ffe180,0x00000000e8000000)
  to   space 3072K, 0% used [0x00000000e7a00000,0x00000000e7a00000,0x00000000e7d00000)
 ParOldGen       total 53248K, used 41941K [0x00000000b3200000, 0x00000000b6600000, 0x00000000e6600000)
  object space 53248K, 78% used [0x00000000b3200000,0x00000000b5af5630,0x00000000b6600000)
 Metaspace       used 12522K, capacity 12678K, committed 13056K, reserved 1060864K
  class space    used 1377K, capacity 1449K, committed 1536K, reserved 1048576K
}
Event: 4.274 GC heap before
{Heap before GC invocations=3 (full 1):
 PSYoungGen      total 23552K, used 3064K [0x00000000e6600000, 0x00000000e8000000, 0x0000000100000000)
  eden space 20480K, 0% used [0x00000000e6600000,0x00000000e6600000,0x00000000e7a00000)
  from space 3072K, 99% used [0x00000000e7d00000,0x00000000e7ffe180,0x00000000e8000000)
  to   space 3072K, 0% used [0x00000000e7a00000,0x00000000e7a00000,0x00000000e7d00000)
 ParOldGen       total 53248K, used 41941K [0x00000000b3200000, 0x00000000b6600000, 0x00000000e6600000)
  object space 53248K, 78% used [0x00000000b3200000,0x00000000b5af5630,0x00000000b6600000)
 Metaspace       used 12522K, capacity 12678K, committed 13056K, reserved 1060864K
  class space    used 1377K, capacity 1449K, committed 1536K, reserved 1048576K
Event: 4.301 GC heap after
Heap after GC invocations=3 (full 1):
 PSYoungGen      total 23552K, used 0K [0x00000000e6600000, 0x00000000e8000000, 0x0000000100000000)
  eden space 20480K, 0% used [0x00000000e6600000,0x00000000e6600000,0x00000000e7a00000)
  from space 3072K, 0% used [0x00000000e7d00000,0x00000000e7d00000,0x00000000e8000000)
  to   space 3072K, 0% used [0x00000000e7a00000,0x00000000e7a00000,0x00000000e7d00000)
 ParOldGen       total 83456K, used 12509K [0x00000000b3200000, 0x00000000b8380000, 0x00000000e6600000)
  object space 83456K, 14% used [0x00000000b3200000,0x00000000b3e37638,0x00000000b8380000)
 Metaspace       used 12522K, capacity 12678K, committed 13056K, reserved 1060864K
  class space    used 1377K, capacity 1449K, committed 1536K, reserved 1048576K
}
Event: 9.319 GC heap before
{Heap before GC invocations=4 (full 1):
 PSYoungGen      total 23552K, used 20475K [0x00000000e6600000, 0x00000000e8000000, 0x0000000100000000)
  eden space 20480K, 99% used [0x00000000e6600000,0x00000000e79fef30,0x00000000e7a00000)
  from space 3072K, 0% used [0x00000000e7d00000,0x00000000e7d00000,0x00000000e8000000)
  to   space 3072K, 0% used [0x00000000e7a00000,0x00000000e7a00000,0x00000000e7d00000)
 ParOldGen       total 83456K, used 12509K [0x00000000b3200000, 0x00000000b8380000, 0x00000000e6600000)
  object space 83456K, 14% used [0x00000000b3200000,0x00000000b3e37638,0x00000000b8380000)
 Metaspace       used 13569K, capacity 13808K, committed 14208K, reserved 1062912K
  class space    used 1463K, capacity 1546K, committed 1664K, reserved 1048576K
Event: 9.346 GC heap after
Heap after GC invocations=4 (full 1):
 PSYoungGen      total 23552K, used 563K [0x00000000e6600000, 0x00000000e8a80000, 0x0000000100000000)
  eden space 20480K, 0% used [0x00000000e6600000,0x00000000e6600000,0x00000000e7a00000)
  from space 3072K, 18% used [0x00000000e7a00000,0x00000000e7a8cf80,0x00000000e7d00000)
  to   space 3072K, 0% used [0x00000000e8780000,0x00000000e8780000,0x00000000e8a80000)
 ParOldGen       total 83456K, used 12509K [0x00000000b3200000, 0x00000000b8380000, 0x00000000e6600000)
  object space 83456K, 14% used [0x00000000b3200000,0x00000000b3e37638,0x00000000b8380000)
 Metaspace       used 13569K, capacity 13808K, committed 14208K, reserved 1062912K
  class space    used 1463K, capacity 1546K, committed 1664K, reserved 1048576K
}
Event: 9.533 GC heap before
{Heap before GC invocations=5 (full 1):
 PSYoungGen      total 23552K, used 21043K [0x00000000e6600000, 0x00000000e8a80000, 0x0000000100000000)
  eden space 20480K, 100% used [0x00000000e6600000,0x00000000e7a00000,0x00000000e7a00000)
  from space 3072K, 18% used [0x00000000e7a00000,0x00000000e7a8cf80,0x00000000e7d00000)
  to   space 3072K, 0% used [0x00000000e8780000,0x00000000e8780000,0x00000000e8a80000)
 ParOldGen       total 83456K, used 12509K [0x00000000b3200000, 0x00000000b8380000, 0x00000000e6600000)
  object space 83456K, 14% used [0x00000000b3200000,0x00000000b3e37638,0x00000000b8380000)
 Metaspace       used 13651K, capacity 13872K, committed 14208K, reserved 1062912K
  class space    used 1471K, capacity 1546K, committed 1664K, reserved 1048576K
Event: 9.540 GC heap after
Heap after GC invocations=5 (full 1):
 PSYoungGen      total 34304K, used 494K [0x00000000e6600000, 0x00000000e8e00000, 0x0000000100000000)
  eden space 31232K, 0% used [0x00000000e6600000,0x00000000e6600000,0x00000000e8480000)
  from space 3072K, 16% used [0x00000000e8780000,0x00000000e87fb920,0x00000000e8a80000)
  to   space 3072K, 0% used [0x00000000e8480000,0x00000000e8480000,0x00000000e8780000)
 ParOldGen       total 83456K, used 12509K [0x00000000b3200000, 0x00000000b8380000, 0x00000000e6600000)
  object space 83456K, 14% used [0x00000000b3200000,0x00000000b3e37638,0x00000000b8380000)
 Metaspace       used 13651K, capacity 13872K, committed 14208K, reserved 1062912K
  class space    used 1471K, capacity 1546K, committed 1664K, reserved 1048576K
}
Event: 9.642 GC heap before
{Heap before GC invocations=6 (full 1):
 PSYoungGen      total 34304K, used 31720K [0x00000000e6600000, 0x00000000e8e00000, 0x0000000100000000)
  eden space 31232K, 99% used [0x00000000e6600000,0x00000000e847ead8,0x00000000e8480000)
  from space 3072K, 16% used [0x00000000e8780000,0x00000000e87fb920,0x00000000e8a80000)
  to   space 3072K, 0% used [0x00000000e8480000,0x00000000e8480000,0x00000000e8780000)
 ParOldGen       total 83456K, used 12509K [0x00000000b3200000, 0x00000000b8380000, 0x00000000e6600000)
  object space 83456K, 14% used [0x00000000b3200000,0x00000000b3e37638,0x00000000b8380000)
 Metaspace       used 13666K, capacity 13872K, committed 14208K, reserved 1062912K
  class space    used 1471K, capacity 1546K, committed 1664K, reserved 1048576K

