# JRE version: OpenJDK Runtime Environment (8.0_222-b10) (build 1.8.0_222-8u222-b10-1ubuntu1~16.04.1-b10)
# Java VM: OpenJDK 64-Bit Server VM (25.222-b10 mixed mode linux-amd64 compressed oops)
Heap:
 PSYoungGen      total 291840K, used 27128K [0x00000000e6600000, 0x00000000fb000000, 0x0000000100000000)
  eden space 246272K, 0% used [0x00000000e6600000,0x00000000e6600000,0x00000000f5680000)
  from space 45568K, 59% used [0x00000000f5680000,0x00000000f70fe030,0x00000000f8300000)
  to   space 44544K, 0% used [0x00000000f8300000,0x00000000f8300000,0x00000000fae80000)
 ParOldGen       total 78336K, used 39695K [0x00000000b3200000, 0x00000000b7e80000, 0x00000000e6600000)
  object space 78336K, 50% used [0x00000000b3200000,0x00000000b58c3c28,0x00000000b7e80000)
 Metaspace       used 13068K, capacity 13254K, committed 13568K, reserved 1060864K
  class space    used 1429K, capacity 1513K, committed 1536K, reserved 1048576K
GC Heap History (10 events):
Event: 5.572 GC heap after
Heap after GC invocations=9 (full 1):
 PSYoungGen      total 146944K, used 18224K [0x00000000e6600000, 0x00000000f2400000, 0x0000000100000000)
  eden space 104448K, 0% used [0x00000000e6600000,0x00000000e6600000,0x00000000ecc00000)
  from space 42496K, 42% used [0x00000000efa80000,0x00000000f0c4c020,0x00000000f2400000)
  to   space 45056K, 0% used [0x00000000ecc00000,0x00000000ecc00000,0x00000000ef800000)
 ParOldGen       total 78336K, used 39519K [0x00000000b3200000, 0x00000000b7e80000, 0x00000000e6600000)
  object space 78336K, 50% used [0x00000000b3200000,0x00000000b5897c08,0x00000000b7e80000)
 Metaspace       used 12890K, capacity 13062K, committed 13312K, reserved 1060864K
  class space    used 1429K, capacity 1513K, committed 1536K, reserved 1048576K
}
Event: 5.867 GC heap before
{Heap before GC invocations=10 (full 1):
 PSYoungGen      total 146944K, used 119409K [0x00000000e6600000, 0x00000000f2400000, 0x0000000100000000)
  eden space 104448K, 96% used [0x00000000e6600000,0x00000000ec8d0420,0x00000000ecc00000)
  from space 42496K, 42% used [0x00000000efa80000,0x00000000f0c4c020,0x00000000f2400000)
  to   space 45056K, 0% used [0x00000000ecc00000,0x00000000ecc00000,0x00000000ef800000)
 ParOldGen       total 78336K, used 39519K [0x00000000b3200000, 0x00000000b7e80000, 0x00000000e6600000)
  object space 78336K, 50% used [0x00000000b3200000,0x00000000b5897c08,0x00000000b7e80000)
 Metaspace       used 12939K, capacity 13126K, committed 13312K, reserved 1060864K
  class space    used 1429K, capacity 1513K, committed 1536K, reserved 1048576K
Event: 5.885 GC heap after
Heap after GC invocations=10 (full 1):
 PSYoungGen      total 149504K, used 27160K [0x00000000e6600000, 0x00000000f5f00000, 0x0000000100000000)
  eden space 104448K, 0% used [0x00000000e6600000,0x00000000e6600000,0x00000000ecc00000)
  from space 45056K, 60% used [0x00000000ecc00000,0x00000000ee686030,0x00000000ef800000)
  to   space 46592K, 0% used [0x00000000f3180000,0x00000000f3180000,0x00000000f5f00000)
 ParOldGen       total 78336K, used 39599K [0x00000000b3200000, 0x00000000b7e80000, 0x00000000e6600000)
  object space 78336K, 50% used [0x00000000b3200000,0x00000000b58abc28,0x00000000b7e80000)
 Metaspace       used 12939K, capacity 13126K, committed 13312K, reserved 1060864K
  class space    used 1429K, capacity 1513K, committed 1536K, reserved 1048576K
}
Event: 6.151 GC heap before
{Heap before GC invocations=11 (full 1):
 PSYoungGen      total 149504K, used 128296K [0x00000000e6600000, 0x00000000f5f00000, 0x0000000100000000)
  eden space 104448K, 96% used [0x00000000e6600000,0x00000000ec8c41a8,0x00000000ecc00000)
  from space 45056K, 60% used [0x00000000ecc00000,0x00000000ee686030,0x00000000ef800000)
  to   space 46592K, 0% used [0x00000000f3180000,0x00000000f3180000,0x00000000f5f00000)
 ParOldGen       total 78336K, used 39599K [0x00000000b3200000, 0x00000000b7e80000, 0x00000000e6600000)
  object space 78336K, 50% used [0x00000000b3200000,0x00000000b58abc28,0x00000000b7e80000)
 Metaspace       used 12986K, capacity 13190K, committed 13312K, reserved 1060864K
  class space    used 1429K, capacity 1513K, committed 1536K, reserved 1048576K
Event: 6.176 GC heap after
Heap after GC invocations=11 (full 1):
 PSYoungGen      total 207360K, used 27160K [0x00000000e6600000, 0x00000000f6100000, 0x0000000100000000)
  eden space 160768K, 0% used [0x00000000e6600000,0x00000000e6600000,0x00000000f0300000)
  from space 46592K, 58% used [0x00000000f3180000,0x00000000f4c06030,0x00000000f5f00000)
  to   space 47616K, 0% used [0x00000000f0300000,0x00000000f0300000,0x00000000f3180000)
 ParOldGen       total 78336K, used 39655K [0x00000000b3200000, 0x00000000b7e80000, 0x00000000e6600000)
  object space 78336K, 50% used [0x00000000b3200000,0x00000000b58b9c28,0x00000000b7e80000)
 Metaspace       used 12986K, capacity 13190K, committed 13312K, reserved 1060864K
  class space    used 1429K, capacity 1513K, committed 1536K, reserved 1048576K
}
Event: 6.551 GC heap before
{Heap before GC invocations=12 (full 1):
 PSYoungGen      total 207360K, used 183401K [0x00000000e6600000, 0x00000000f6100000, 0x0000000100000000)
  eden space 160768K, 97% used [0x00000000e6600000,0x00000000efe94598,0x00000000f0300000)
  from space 46592K, 58% used [0x00000000f3180000,0x00000000f4c06030,0x00000000f5f00000)
  to   space 47616K, 0% used [0x00000000f0300000,0x00000000f0300000,0x00000000f3180000)
 ParOldGen       total 78336K, used 39655K [0x00000000b3200000, 0x00000000b7e80000, 0x00000000e6600000)
  object space 78336K, 50% used [0x00000000b3200000,0x00000000b58b9c28,0x00000000b7e80000)
 Metaspace       used 13021K, capacity 13190K, committed 13312K, reserved 1060864K
  class space    used 1429K, capacity 1513K, committed 1536K, reserved 1048576K
Event: 6.579 GC heap after
Heap after GC invocations=12 (full 1):
 PSYoungGen      total 208384K, used 18096K [0x00000000e6600000, 0x00000000fae80000, 0x0000000100000000)
  eden space 160768K, 0% used [0x00000000e6600000,0x00000000e6600000,0x00000000f0300000)
  from space 47616K, 38% used [0x00000000f0300000,0x00000000f14ac020,0x00000000f3180000)
  to   space 44544K, 0% used [0x00000000f8300000,0x00000000f8300000,0x00000000fae80000)
 ParOldGen       total 78336K, used 39671K [0x00000000b3200000, 0x00000000b7e80000, 0x00000000e6600000)
  object space 78336K, 50% used [0x00000000b3200000,0x00000000b58bdc28,0x00000000b7e80000)
 Metaspace       used 13021K, capacity 13190K, committed 13312K, reserved 1060864K
  class space    used 1429K, capacity 1513K, committed 1536K, reserved 1048576K
}
Event: 6.953 GC heap before
{Heap before GC invocations=13 (full 1):
 PSYoungGen      total 208384K, used 174185K [0x00000000e6600000, 0x00000000fae80000, 0x0000000100000000)
  eden space 160768K, 97% used [0x00000000e6600000,0x00000000efe6e478,0x00000000f0300000)
  from space 47616K, 38% used [0x00000000f0300000,0x00000000f14ac020,0x00000000f3180000)
  to   space 44544K, 0% used [0x00000000f8300000,0x00000000f8300000,0x00000000fae80000)
 ParOldGen       total 78336K, used 39671K [0x00000000b3200000, 0x00000000b7e80000, 0x00000000e6600000)
  object space 78336K, 50% used [0x00000000b3200000,0x00000000b58bdc28,0x00000000b7e80000)
 Metaspace       used 13037K, capacity 13254K, committed 13568K, reserved 1060864K
  class space    used 1429K, capacity 1513K, committed 1536K, reserved 1048576K
Event: 6.981 GC heap after
Heap after GC invocations=13 (full 1):
 PSYoungGen      total 290816K, used 27128K [0x00000000e6600000, 0x00000000fb000000, 0x0000000100000000)
  eden space 246272K, 0% used [0x00000000e6600000,0x00000000e6600000,0x00000000f5680000)
  from space 44544K, 60% used [0x00000000f8300000,0x00000000f9d7e030,0x00000000fae80000)
  to   space 45568K, 0% used [0x00000000f5680000,0x00000000f5680000,0x00000000f8300000)
 ParOldGen       total 78336K, used 39679K [0x00000000b3200000, 0x00000000b7e80000, 0x00000000e6600000)
  object space 78336K, 50% used [0x00000000b3200000,0x00000000b58bfc28,0x00000000b7e80000)
 Metaspace       used 13037K, capacity 13254K, committed 13568K, reserved 1060864K
  class space    used 1429K, capacity 1513K, committed 1536K, reserved 1048576K
}
Event: 7.581 GC heap before
{Heap before GC invocations=14 (full 1):
 PSYoungGen      total 290816K, used 266083K [0x00000000e6600000, 0x00000000fb000000, 0x0000000100000000)
  eden space 246272K, 97% used [0x00000000e6600000,0x00000000f4f5ac10,0x00000000f5680000)
  from space 44544K, 60% used [0x00000000f8300000,0x00000000f9d7e030,0x00000000fae80000)
  to   space 45568K, 0% used [0x00000000f5680000,0x00000000f5680000,0x00000000f8300000)
 ParOldGen       total 78336K, used 39679K [0x00000000b3200000, 0x00000000b7e80000, 0x00000000e6600000)
  object space 78336K, 50% used [0x00000000b3200000,0x00000000b58bfc28,0x00000000b7e80000)
 Metaspace       used 13068K, capacity 13254K, committed 13568K, reserved 1060864K
  class space    used 1429K, capacity 1513K, committed 1536K, reserved 1048576K

