# JRE version: OpenJDK Runtime Environment (8.0_222-b10) (build 1.8.0_222-8u222-b10-1ubuntu1~16.04.1-b10)
# Java VM: OpenJDK 64-Bit Server VM (25.222-b10 mixed mode linux-amd64 compressed oops)
Heap:
 PSYoungGen      total 263168K, used 27160K [0x00000000e6600000, 0x00000000fa180000, 0x0000000100000000)
  eden space 225280K, 0% used [0x00000000e6600000,0x00000000e6600000,0x00000000f4200000)
  from space 37888K, 71% used [0x00000000f7c80000,0x00000000f9706030,0x00000000fa180000)
  to   space 37888K, 0% used [0x00000000f4200000,0x00000000f4200000,0x00000000f6700000)
 ParOldGen       total 103424K, used 48687K [0x00000000b3200000, 0x00000000b9700000, 0x00000000e6600000)
  object space 103424K, 47% used [0x00000000b3200000,0x00000000b618bdd8,0x00000000b9700000)
 Metaspace       used 13256K, capacity 13450K, committed 13568K, reserved 1060864K
  class space    used 1423K, capacity 1513K, committed 1536K, reserved 1048576K
GC Heap History (10 events):
Event: 7.129 GC heap after
Heap after GC invocations=23 (full 2):
 PSYoungGen      total 224256K, used 27128K [0x00000000e6600000, 0x00000000f7d00000, 0x0000000100000000)
  eden space 185344K, 0% used [0x00000000e6600000,0x00000000e6600000,0x00000000f1b00000)
  from space 38912K, 69% used [0x00000000f1b00000,0x00000000f357e030,0x00000000f4100000)
  to   space 39424K, 0% used [0x00000000f5680000,0x00000000f5680000,0x00000000f7d00000)
 ParOldGen       total 103424K, used 48639K [0x00000000b3200000, 0x00000000b9700000, 0x00000000e6600000)
  object space 103424K, 47% used [0x00000000b3200000,0x00000000b617fdd8,0x00000000b9700000)
 Metaspace       used 13138K, capacity 13322K, committed 13568K, reserved 1060864K
  class space    used 1422K, capacity 1513K, committed 1536K, reserved 1048576K
}
Event: 7.454 GC heap before
{Heap before GC invocations=24 (full 2):
 PSYoungGen      total 224256K, used 210768K [0x00000000e6600000, 0x00000000f7d00000, 0x0000000100000000)
  eden space 185344K, 99% used [0x00000000e6600000,0x00000000f19562d0,0x00000000f1b00000)
  from space 38912K, 69% used [0x00000000f1b00000,0x00000000f357e030,0x00000000f4100000)
  to   space 39424K, 0% used [0x00000000f5680000,0x00000000f5680000,0x00000000f7d00000)
 ParOldGen       total 103424K, used 48639K [0x00000000b3200000, 0x00000000b9700000, 0x00000000e6600000)
  object space 103424K, 47% used [0x00000000b3200000,0x00000000b617fdd8,0x00000000b9700000)
 Metaspace       used 13157K, capacity 13386K, committed 13568K, reserved 1060864K
  class space    used 1422K, capacity 1513K, committed 1536K, reserved 1048576K
Event: 7.470 GC heap after
Heap after GC invocations=24 (full 2):
 PSYoungGen      total 242176K, used 18096K [0x00000000e6600000, 0x00000000f7a00000, 0x0000000100000000)
  eden space 205824K, 0% used [0x00000000e6600000,0x00000000e6600000,0x00000000f2f00000)
  from space 36352K, 49% used [0x00000000f5680000,0x00000000f682c020,0x00000000f7a00000)
  to   space 38400K, 0% used [0x00000000f2f00000,0x00000000f2f00000,0x00000000f5480000)
 ParOldGen       total 103424K, used 48647K [0x00000000b3200000, 0x00000000b9700000, 0x00000000e6600000)
  object space 103424K, 47% used [0x00000000b3200000,0x00000000b6181dd8,0x00000000b9700000)
 Metaspace       used 13157K, capacity 13386K, committed 13568K, reserved 1060864K
  class space    used 1422K, capacity 1513K, committed 1536K, reserved 1048576K
}
Event: 7.801 GC heap before
{Heap before GC invocations=25 (full 2):
 PSYoungGen      total 242176K, used 220139K [0x00000000e6600000, 0x00000000f7a00000, 0x0000000100000000)
  eden space 205824K, 98% used [0x00000000e6600000,0x00000000f2b4ec90,0x00000000f2f00000)
  from space 36352K, 49% used [0x00000000f5680000,0x00000000f682c020,0x00000000f7a00000)
  to   space 38400K, 0% used [0x00000000f2f00000,0x00000000f2f00000,0x00000000f5480000)
 ParOldGen       total 103424K, used 48647K [0x00000000b3200000, 0x00000000b9700000, 0x00000000e6600000)
  object space 103424K, 47% used [0x00000000b3200000,0x00000000b6181dd8,0x00000000b9700000)
 Metaspace       used 13171K, capacity 13386K, committed 13568K, reserved 1060864K
  class space    used 1422K, capacity 1513K, committed 1536K, reserved 1048576K
Event: 7.811 GC heap after
Heap after GC invocations=25 (full 2):
 PSYoungGen      total 244224K, used 18096K [0x00000000e6600000, 0x00000000f8b80000, 0x0000000100000000)
  eden space 205824K, 0% used [0x00000000e6600000,0x00000000e6600000,0x00000000f2f00000)
  from space 38400K, 47% used [0x00000000f2f00000,0x00000000f40ac020,0x00000000f5480000)
  to   space 37376K, 0% used [0x00000000f6700000,0x00000000f6700000,0x00000000f8b80000)
 ParOldGen       total 103424K, used 48655K [0x00000000b3200000, 0x00000000b9700000, 0x00000000e6600000)
  object space 103424K, 47% used [0x00000000b3200000,0x00000000b6183dd8,0x00000000b9700000)
 Metaspace       used 13171K, capacity 13386K, committed 13568K, reserved 1060864K
  class space    used 1422K, capacity 1513K, committed 1536K, reserved 1048576K
}
Event: 8.202 GC heap before
{Heap before GC invocations=26 (full 2):
 PSYoungGen      total 244224K, used 220507K [0x00000000e6600000, 0x00000000f8b80000, 0x0000000100000000)
  eden space 205824K, 98% used [0x00000000e6600000,0x00000000f2baace8,0x00000000f2f00000)
  from space 38400K, 47% used [0x00000000f2f00000,0x00000000f40ac020,0x00000000f5480000)
  to   space 37376K, 0% used [0x00000000f6700000,0x00000000f6700000,0x00000000f8b80000)
 ParOldGen       total 103424K, used 48655K [0x00000000b3200000, 0x00000000b9700000, 0x00000000e6600000)
  object space 103424K, 47% used [0x00000000b3200000,0x00000000b6183dd8,0x00000000b9700000)
 Metaspace       used 13205K, capacity 13386K, committed 13568K, reserved 1060864K
  class space    used 1422K, capacity 1513K, committed 1536K, reserved 1048576K
Event: 8.303 GC heap after
Heap after GC invocations=26 (full 2):
 PSYoungGen      total 262656K, used 27128K [0x00000000e6600000, 0x00000000f9580000, 0x0000000100000000)
  eden space 225280K, 0% used [0x00000000e6600000,0x00000000e6600000,0x00000000f4200000)
  from space 37376K, 72% used [0x00000000f6700000,0x00000000f817e030,0x00000000f8b80000)
  to   space 37888K, 0% used [0x00000000f4200000,0x00000000f4200000,0x00000000f6700000)
 ParOldGen       total 103424K, used 48663K [0x00000000b3200000, 0x00000000b9700000, 0x00000000e6600000)
  object space 103424K, 47% used [0x00000000b3200000,0x00000000b6185dd8,0x00000000b9700000)
 Metaspace       used 13205K, capacity 13386K, committed 13568K, reserved 1060864K
  class space    used 1422K, capacity 1513K, committed 1536K, reserved 1048576K
}
Event: 8.800 GC heap before
{Heap before GC invocations=27 (full 2):
 PSYoungGen      total 262656K, used 250064K [0x00000000e6600000, 0x00000000f9580000, 0x0000000100000000)
  eden space 225280K, 98% used [0x00000000e6600000,0x00000000f3fb6220,0x00000000f4200000)
  from space 37376K, 72% used [0x00000000f6700000,0x00000000f817e030,0x00000000f8b80000)
  to   space 37888K, 0% used [0x00000000f4200000,0x00000000f4200000,0x00000000f6700000)
 ParOldGen       total 103424K, used 48663K [0x00000000b3200000, 0x00000000b9700000, 0x00000000e6600000)
  object space 103424K, 47% used [0x00000000b3200000,0x00000000b6185dd8,0x00000000b9700000)
 Metaspace       used 13253K, capacity 13450K, committed 13568K, reserved 1060864K
  class space    used 1422K, capacity 1513K, committed 1536K, reserved 1048576K
Event: 8.827 GC heap after
Heap after GC invocations=27 (full 2):
 PSYoungGen      total 263168K, used 27128K [0x00000000e6600000, 0x00000000fa180000, 0x0000000100000000)
  eden space 225280K, 0% used [0x00000000e6600000,0x00000000e6600000,0x00000000f4200000)
  from space 37888K, 71% used [0x00000000f4200000,0x00000000f5c7e030,0x00000000f6700000)
  to   space 37888K, 0% used [0x00000000f7c80000,0x00000000f7c80000,0x00000000fa180000)
 ParOldGen       total 103424K, used 48687K [0x00000000b3200000, 0x00000000b9700000, 0x00000000e6600000)
  object space 103424K, 47% used [0x00000000b3200000,0x00000000b618bdd8,0x00000000b9700000)
 Metaspace       used 13253K, capacity 13450K, committed 13568K, reserved 1060864K
  class space    used 1422K, capacity 1513K, committed 1536K, reserved 1048576K
}
Event: 9.473 GC heap before
{Heap before GC invocations=28 (full 2):
 PSYoungGen      total 263168K, used 247703K [0x00000000e6600000, 0x00000000fa180000, 0x0000000100000000)
  eden space 225280K, 97% used [0x00000000e6600000,0x00000000f3d67c00,0x00000000f4200000)
  from space 37888K, 71% used [0x00000000f4200000,0x00000000f5c7e030,0x00000000f6700000)
  to   space 37888K, 0% used [0x00000000f7c80000,0x00000000f7c80000,0x00000000fa180000)
 ParOldGen       total 103424K, used 48687K [0x00000000b3200000, 0x00000000b9700000, 0x00000000e6600000)
  object space 103424K, 47% used [0x00000000b3200000,0x00000000b618bdd8,0x00000000b9700000)
 Metaspace       used 13256K, capacity 13450K, committed 13568K, reserved 1060864K
  class space    used 1423K, capacity 1513K, committed 1536K, reserved 1048576K

