# JRE version: OpenJDK Runtime Environment (8.0_222-b10) (build 1.8.0_222-8u222-b10-1ubuntu1~16.04.1-b10)
# Java VM: OpenJDK 64-Bit Server VM (25.222-b10 mixed mode linux-amd64 compressed oops)
Heap:
 PSYoungGen      total 201728K, used 64K [0x00000000e6600000, 0x00000000f4880000, 0x0000000100000000)
  eden space 174592K, 0% used [0x00000000e6600000,0x00000000e6600000,0x00000000f1080000)
  from space 27136K, 0% used [0x00000000f1080000,0x00000000f1090000,0x00000000f2b00000)
  to   space 28672K, 0% used [0x00000000f2b00000,0x00000000f2b00000,0x00000000f4700000)
 ParOldGen       total 126464K, used 53019K [0x00000000b3200000, 0x00000000bad80000, 0x00000000e6600000)
  object space 126464K, 41% used [0x00000000b3200000,0x00000000b65c6f50,0x00000000bad80000)
 Metaspace       used 14166K, capacity 14440K, committed 14720K, reserved 1062912K
  class space    used 1544K, capacity 1654K, committed 1664K, reserved 1048576K
GC Heap History (10 events):
Event: 7.961 GC heap after
Heap after GC invocations=6 (full 2):
 PSYoungGen      total 62976K, used 77K [0x00000000e6600000, 0x00000000ea900000, 0x0000000100000000)
  eden space 59904K, 0% used [0x00000000e6600000,0x00000000e6600000,0x00000000ea080000)
  from space 3072K, 2% used [0x00000000ea380000,0x00000000ea393430,0x00000000ea680000)
  to   space 3072K, 0% used [0x00000000ea080000,0x00000000ea080000,0x00000000ea380000)
 ParOldGen       total 126464K, used 52973K [0x00000000b3200000, 0x00000000bad80000, 0x00000000e6600000)
  object space 126464K, 41% used [0x00000000b3200000,0x00000000b65bb538,0x00000000bad80000)
 Metaspace       used 14082K, capacity 14376K, committed 14720K, reserved 1062912K
  class space    used 1544K, capacity 1654K, committed 1664K, reserved 1048576K
}
Event: 8.120 GC heap before
{Heap before GC invocations=7 (full 2):
 PSYoungGen      total 62976K, used 59981K [0x00000000e6600000, 0x00000000ea900000, 0x0000000100000000)
  eden space 59904K, 100% used [0x00000000e6600000,0x00000000ea080000,0x00000000ea080000)
  from space 3072K, 2% used [0x00000000ea380000,0x00000000ea393430,0x00000000ea680000)
  to   space 3072K, 0% used [0x00000000ea080000,0x00000000ea080000,0x00000000ea380000)
 ParOldGen       total 126464K, used 52973K [0x00000000b3200000, 0x00000000bad80000, 0x00000000e6600000)
  object space 126464K, 41% used [0x00000000b3200000,0x00000000b65bb538,0x00000000bad80000)
 Metaspace       used 14092K, capacity 14376K, committed 14720K, reserved 1062912K
  class space    used 1544K, capacity 1654K, committed 1664K, reserved 1048576K
Event: 8.135 GC heap after
Heap after GC invocations=7 (full 2):
 PSYoungGen      total 62976K, used 64K [0x00000000e6600000, 0x00000000f0700000, 0x0000000100000000)
  eden space 59904K, 0% used [0x00000000e6600000,0x00000000e6600000,0x00000000ea080000)
  from space 3072K, 2% used [0x00000000ea080000,0x00000000ea090000,0x00000000ea380000)
  to   space 32256K, 0% used [0x00000000ee780000,0x00000000ee780000,0x00000000f0700000)
 ParOldGen       total 126464K, used 52973K [0x00000000b3200000, 0x00000000bad80000, 0x00000000e6600000)
  object space 126464K, 41% used [0x00000000b3200000,0x00000000b65bb538,0x00000000bad80000)
 Metaspace       used 14092K, capacity 14376K, committed 14720K, reserved 1062912K
  class space    used 1544K, capacity 1654K, committed 1664K, reserved 1048576K
}
Event: 8.289 GC heap before
{Heap before GC invocations=8 (full 2):
 PSYoungGen      total 62976K, used 59968K [0x00000000e6600000, 0x00000000f0700000, 0x0000000100000000)
  eden space 59904K, 100% used [0x00000000e6600000,0x00000000ea080000,0x00000000ea080000)
  from space 3072K, 2% used [0x00000000ea080000,0x00000000ea090000,0x00000000ea380000)
  to   space 32256K, 0% used [0x00000000ee780000,0x00000000ee780000,0x00000000f0700000)
 ParOldGen       total 126464K, used 52973K [0x00000000b3200000, 0x00000000bad80000, 0x00000000e6600000)
  object space 126464K, 41% used [0x00000000b3200000,0x00000000b65bb538,0x00000000bad80000)
 Metaspace       used 14104K, capacity 14376K, committed 14720K, reserved 1062912K
  class space    used 1544K, capacity 1654K, committed 1664K, reserved 1048576K
Event: 8.293 GC heap after
Heap after GC invocations=8 (full 2):
 PSYoungGen      total 126464K, used 64K [0x00000000e6600000, 0x00000000f0200000, 0x0000000100000000)
  eden space 99328K, 0% used [0x00000000e6600000,0x00000000e6600000,0x00000000ec700000)
  from space 27136K, 0% used [0x00000000ee780000,0x00000000ee790000,0x00000000f0200000)
  to   space 30208K, 0% used [0x00000000ec700000,0x00000000ec700000,0x00000000ee480000)
 ParOldGen       total 126464K, used 52973K [0x00000000b3200000, 0x00000000bad80000, 0x00000000e6600000)
  object space 126464K, 41% used [0x00000000b3200000,0x00000000b65bb538,0x00000000bad80000)
 Metaspace       used 14104K, capacity 14376K, committed 14720K, reserved 1062912K
  class space    used 1544K, capacity 1654K, committed 1664K, reserved 1048576K
}
Event: 8.631 GC heap before
{Heap before GC invocations=9 (full 2):
 PSYoungGen      total 126464K, used 99392K [0x00000000e6600000, 0x00000000f0200000, 0x0000000100000000)
  eden space 99328K, 100% used [0x00000000e6600000,0x00000000ec700000,0x00000000ec700000)
  from space 27136K, 0% used [0x00000000ee780000,0x00000000ee790000,0x00000000f0200000)
  to   space 30208K, 0% used [0x00000000ec700000,0x00000000ec700000,0x00000000ee480000)
 ParOldGen       total 126464K, used 52973K [0x00000000b3200000, 0x00000000bad80000, 0x00000000e6600000)
  object space 126464K, 41% used [0x00000000b3200000,0x00000000b65bb538,0x00000000bad80000)
 Metaspace       used 14133K, capacity 14440K, committed 14720K, reserved 1062912K
  class space    used 1544K, capacity 1654K, committed 1664K, reserved 1048576K
Event: 8.669 GC heap after
Heap after GC invocations=9 (full 2):
 PSYoungGen      total 129536K, used 64K [0x00000000e6600000, 0x00000000f4700000, 0x0000000100000000)
  eden space 99328K, 0% used [0x00000000e6600000,0x00000000e6600000,0x00000000ec700000)
  from space 30208K, 0% used [0x00000000ec700000,0x00000000ec710000,0x00000000ee480000)
  to   space 28672K, 0% used [0x00000000f2b00000,0x00000000f2b00000,0x00000000f4700000)
 ParOldGen       total 126464K, used 52981K [0x00000000b3200000, 0x00000000bad80000, 0x00000000e6600000)
  object space 126464K, 41% used [0x00000000b3200000,0x00000000b65bd538,0x00000000bad80000)
 Metaspace       used 14133K, capacity 14440K, committed 14720K, reserved 1062912K
  class space    used 1544K, capacity 1654K, committed 1664K, reserved 1048576K
}
Event: 8.911 GC heap before
{Heap before GC invocations=10 (full 2):
 PSYoungGen      total 129536K, used 99392K [0x00000000e6600000, 0x00000000f4700000, 0x0000000100000000)
  eden space 99328K, 100% used [0x00000000e6600000,0x00000000ec700000,0x00000000ec700000)
  from space 30208K, 0% used [0x00000000ec700000,0x00000000ec710000,0x00000000ee480000)
  to   space 28672K, 0% used [0x00000000f2b00000,0x00000000f2b00000,0x00000000f4700000)
 ParOldGen       total 126464K, used 52981K [0x00000000b3200000, 0x00000000bad80000, 0x00000000e6600000)
  object space 126464K, 41% used [0x00000000b3200000,0x00000000b65bd538,0x00000000bad80000)
 Metaspace       used 14150K, capacity 14440K, committed 14720K, reserved 1062912K
  class space    used 1544K, capacity 1654K, committed 1664K, reserved 1048576K
Event: 8.942 GC heap after
Heap after GC invocations=10 (full 2):
 PSYoungGen      total 203264K, used 32K [0x00000000e6600000, 0x00000000f4880000, 0x0000000100000000)
  eden space 174592K, 0% used [0x00000000e6600000,0x00000000e6600000,0x00000000f1080000)
  from space 28672K, 0% used [0x00000000f2b00000,0x00000000f2b08000,0x00000000f4700000)
  to   space 27136K, 0% used [0x00000000f1080000,0x00000000f1080000,0x00000000f2b00000)
 ParOldGen       total 126464K, used 53011K [0x00000000b3200000, 0x00000000bad80000, 0x00000000e6600000)
  object space 126464K, 41% used [0x00000000b3200000,0x00000000b65c4f50,0x00000000bad80000)
 Metaspace       used 14150K, capacity 14440K, committed 14720K, reserved 1062912K
  class space    used 1544K, capacity 1654K, committed 1664K, reserved 1048576K
}
Event: 10.395 GC heap before
{Heap before GC invocations=11 (full 2):
 PSYoungGen      total 203264K, used 174624K [0x00000000e6600000, 0x00000000f4880000, 0x0000000100000000)
  eden space 174592K, 100% used [0x00000000e6600000,0x00000000f1080000,0x00000000f1080000)
  from space 28672K, 0% used [0x00000000f2b00000,0x00000000f2b08000,0x00000000f4700000)
  to   space 27136K, 0% used [0x00000000f1080000,0x00000000f1080000,0x00000000f2b00000)
 ParOldGen       total 126464K, used 53011K [0x00000000b3200000, 0x00000000bad80000, 0x00000000e6600000)
  object space 126464K, 41% used [0x00000000b3200000,0x00000000b65c4f50,0x00000000bad80000)
 Metaspace       used 14166K, capacity 14440K, committed 14720K, reserved 1062912K
  class space    used 1544K, capacity 1654K, committed 1664K, reserved 1048576K

