# JRE version: OpenJDK Runtime Environment (8.0_222-b10) (build 1.8.0_222-8u222-b10-1ubuntu1~16.04.1-b10)
# Java VM: OpenJDK 64-Bit Server VM (25.222-b10 mixed mode linux-amd64 compressed oops)
Heap:
 PSYoungGen      total 223232K, used 128K [0x00000000e6600000, 0x00000000f4d00000, 0x0000000100000000)
  eden space 209920K, 0% used [0x00000000e6600000,0x00000000e6600000,0x00000000f3300000)
  from space 13312K, 0% used [0x00000000f3300000,0x00000000f3320000,0x00000000f4000000)
  to   space 12800K, 0% used [0x00000000f4080000,0x00000000f4080000,0x00000000f4d00000)
 ParOldGen       total 133120K, used 101155K [0x00000000b3200000, 0x00000000bb400000, 0x00000000e6600000)
  object space 133120K, 75% used [0x00000000b3200000,0x00000000b94c8c38,0x00000000bb400000)
 Metaspace       used 14356K, capacity 14604K, committed 14976K, reserved 1062912K
  class space    used 1540K, capacity 1622K, committed 1664K, reserved 1048576K
GC Heap History (10 events):
Event: 27.705 GC heap after
Heap after GC invocations=8 (full 0):
 PSYoungGen      total 96768K, used 32K [0x00000000e6600000, 0x00000000ed300000, 0x0000000100000000)
  eden space 81920K, 0% used [0x00000000e6600000,0x00000000e6600000,0x00000000eb600000)
  from space 14848K, 0% used [0x00000000ec480000,0x00000000ec488000,0x00000000ed300000)
  to   space 14848K, 0% used [0x00000000eb600000,0x00000000eb600000,0x00000000ec480000)
 ParOldGen       total 133120K, used 101099K [0x00000000b3200000, 0x00000000bb400000, 0x00000000e6600000)
  object space 133120K, 75% used [0x00000000b3200000,0x00000000b94bac38,0x00000000bb400000)
 Metaspace       used 14294K, capacity 14540K, committed 14720K, reserved 1062912K
  class space    used 1540K, capacity 1622K, committed 1664K, reserved 1048576K
}
Event: 28.622 GC heap before
{Heap before GC invocations=9 (full 0):
 PSYoungGen      total 96768K, used 81952K [0x00000000e6600000, 0x00000000ed300000, 0x0000000100000000)
  eden space 81920K, 100% used [0x00000000e6600000,0x00000000eb600000,0x00000000eb600000)
  from space 14848K, 0% used [0x00000000ec480000,0x00000000ec488000,0x00000000ed300000)
  to   space 14848K, 0% used [0x00000000eb600000,0x00000000eb600000,0x00000000ec480000)
 ParOldGen       total 133120K, used 101099K [0x00000000b3200000, 0x00000000bb400000, 0x00000000e6600000)
  object space 133120K, 75% used [0x00000000b3200000,0x00000000b94bac38,0x00000000bb400000)
 Metaspace       used 14304K, capacity 14540K, committed 14720K, reserved 1062912K
  class space    used 1540K, capacity 1622K, committed 1664K, reserved 1048576K
Event: 28.630 GC heap after
Heap after GC invocations=9 (full 0):
 PSYoungGen      total 96768K, used 32K [0x00000000e6600000, 0x00000000f0300000, 0x0000000100000000)
  eden space 81920K, 0% used [0x00000000e6600000,0x00000000e6600000,0x00000000eb600000)
  from space 14848K, 0% used [0x00000000eb600000,0x00000000eb608000,0x00000000ec480000)
  to   space 14848K, 0% used [0x00000000ef480000,0x00000000ef480000,0x00000000f0300000)
 ParOldGen       total 133120K, used 101107K [0x00000000b3200000, 0x00000000bb400000, 0x00000000e6600000)
  object space 133120K, 75% used [0x00000000b3200000,0x00000000b94bcc38,0x00000000bb400000)
 Metaspace       used 14304K, capacity 14540K, committed 14720K, reserved 1062912K
  class space    used 1540K, capacity 1622K, committed 1664K, reserved 1048576K
}
Event: 29.573 GC heap before
{Heap before GC invocations=10 (full 0):
 PSYoungGen      total 96768K, used 81952K [0x00000000e6600000, 0x00000000f0300000, 0x0000000100000000)
  eden space 81920K, 100% used [0x00000000e6600000,0x00000000eb600000,0x00000000eb600000)
  from space 14848K, 0% used [0x00000000eb600000,0x00000000eb608000,0x00000000ec480000)
  to   space 14848K, 0% used [0x00000000ef480000,0x00000000ef480000,0x00000000f0300000)
 ParOldGen       total 133120K, used 101107K [0x00000000b3200000, 0x00000000bb400000, 0x00000000e6600000)
  object space 133120K, 75% used [0x00000000b3200000,0x00000000b94bcc38,0x00000000bb400000)
 Metaspace       used 14317K, capacity 14604K, committed 14976K, reserved 1062912K
  class space    used 1540K, capacity 1622K, committed 1664K, reserved 1048576K
Event: 29.584 GC heap after
Heap after GC invocations=10 (full 0):
 PSYoungGen      total 144896K, used 64K [0x00000000e6600000, 0x00000000f0200000, 0x0000000100000000)
  eden space 131072K, 0% used [0x00000000e6600000,0x00000000e6600000,0x00000000ee600000)
  from space 13824K, 0% used [0x00000000ef480000,0x00000000ef490000,0x00000000f0200000)
  to   space 14336K, 0% used [0x00000000ee600000,0x00000000ee600000,0x00000000ef400000)
 ParOldGen       total 133120K, used 101115K [0x00000000b3200000, 0x00000000bb400000, 0x00000000e6600000)
  object space 133120K, 75% used [0x00000000b3200000,0x00000000b94bec38,0x00000000bb400000)
 Metaspace       used 14317K, capacity 14604K, committed 14976K, reserved 1062912K
  class space    used 1540K, capacity 1622K, committed 1664K, reserved 1048576K
}
Event: 30.973 GC heap before
{Heap before GC invocations=11 (full 0):
 PSYoungGen      total 144896K, used 131136K [0x00000000e6600000, 0x00000000f0200000, 0x0000000100000000)
  eden space 131072K, 100% used [0x00000000e6600000,0x00000000ee600000,0x00000000ee600000)
  from space 13824K, 0% used [0x00000000ef480000,0x00000000ef490000,0x00000000f0200000)
  to   space 14336K, 0% used [0x00000000ee600000,0x00000000ee600000,0x00000000ef400000)
 ParOldGen       total 133120K, used 101115K [0x00000000b3200000, 0x00000000bb400000, 0x00000000e6600000)
  object space 133120K, 75% used [0x00000000b3200000,0x00000000b94bec38,0x00000000bb400000)
 Metaspace       used 14333K, capacity 14604K, committed 14976K, reserved 1062912K
  class space    used 1540K, capacity 1622K, committed 1664K, reserved 1048576K
Event: 31.074 GC heap after
Heap after GC invocations=11 (full 0):
 PSYoungGen      total 145408K, used 96K [0x00000000e6600000, 0x00000000f4e00000, 0x0000000100000000)
  eden space 131072K, 0% used [0x00000000e6600000,0x00000000e6600000,0x00000000ee600000)
  from space 14336K, 0% used [0x00000000ee600000,0x00000000ee618000,0x00000000ef400000)
  to   space 13824K, 0% used [0x00000000f4080000,0x00000000f4080000,0x00000000f4e00000)
 ParOldGen       total 133120K, used 101131K [0x00000000b3200000, 0x00000000bb400000, 0x00000000e6600000)
  object space 133120K, 75% used [0x00000000b3200000,0x00000000b94c2c38,0x00000000bb400000)
 Metaspace       used 14333K, capacity 14604K, committed 14976K, reserved 1062912K
  class space    used 1540K, capacity 1622K, committed 1664K, reserved 1048576K
}
Event: 32.021 GC heap before
{Heap before GC invocations=12 (full 0):
 PSYoungGen      total 145408K, used 131168K [0x00000000e6600000, 0x00000000f4e00000, 0x0000000100000000)
  eden space 131072K, 100% used [0x00000000e6600000,0x00000000ee600000,0x00000000ee600000)
  from space 14336K, 0% used [0x00000000ee600000,0x00000000ee618000,0x00000000ef400000)
  to   space 13824K, 0% used [0x00000000f4080000,0x00000000f4080000,0x00000000f4e00000)
 ParOldGen       total 133120K, used 101131K [0x00000000b3200000, 0x00000000bb400000, 0x00000000e6600000)
  object space 133120K, 75% used [0x00000000b3200000,0x00000000b94c2c38,0x00000000bb400000)
 Metaspace       used 14350K, capacity 14604K, committed 14976K, reserved 1062912K
  class space    used 1540K, capacity 1622K, committed 1664K, reserved 1048576K
Event: 32.048 GC heap after
Heap after GC invocations=12 (full 0):
 PSYoungGen      total 222720K, used 32K [0x00000000e6600000, 0x00000000f4d00000, 0x0000000100000000)
  eden space 209920K, 0% used [0x00000000e6600000,0x00000000e6600000,0x00000000f3300000)
  from space 12800K, 0% used [0x00000000f4080000,0x00000000f4088000,0x00000000f4d00000)
  to   space 13312K, 0% used [0x00000000f3300000,0x00000000f3300000,0x00000000f4000000)
 ParOldGen       total 133120K, used 101139K [0x00000000b3200000, 0x00000000bb400000, 0x00000000e6600000)
  object space 133120K, 75% used [0x00000000b3200000,0x00000000b94c4c38,0x00000000bb400000)
 Metaspace       used 14350K, capacity 14604K, committed 14976K, reserved 1062912K
  class space    used 1540K, capacity 1622K, committed 1664K, reserved 1048576K
}
Event: 33.923 GC heap before
{Heap before GC invocations=13 (full 0):
 PSYoungGen      total 222720K, used 209952K [0x00000000e6600000, 0x00000000f4d00000, 0x0000000100000000)
  eden space 209920K, 100% used [0x00000000e6600000,0x00000000f3300000,0x00000000f3300000)
  from space 12800K, 0% used [0x00000000f4080000,0x00000000f4088000,0x00000000f4d00000)
  to   space 13312K, 0% used [0x00000000f3300000,0x00000000f3300000,0x00000000f4000000)
 ParOldGen       total 133120K, used 101139K [0x00000000b3200000, 0x00000000bb400000, 0x00000000e6600000)
  object space 133120K, 75% used [0x00000000b3200000,0x00000000b94c4c38,0x00000000bb400000)
 Metaspace       used 14356K, capacity 14604K, committed 14976K, reserved 1062912K
  class space    used 1540K, capacity 1622K, committed 1664K, reserved 1048576K

