# JRE version: OpenJDK Runtime Environment (8.0_222-b10) (build 1.8.0_222-8u222-b10-1ubuntu1~16.04.1-b10)
# Java VM: OpenJDK 64-Bit Server VM (25.222-b10 mixed mode linux-amd64 compressed oops)
Heap:
 PSYoungGen      total 58368K, used 352K [0x00000000e6600000, 0x00000000ea200000, 0x0000000100000000)
  eden space 55296K, 0% used [0x00000000e6600000,0x00000000e6600000,0x00000000e9c00000)
  from space 3072K, 11% used [0x00000000e9c00000,0x00000000e9c58000,0x00000000e9f00000)
  to   space 3072K, 0% used [0x00000000e9f00000,0x00000000e9f00000,0x00000000ea200000)
 ParOldGen       total 75264K, used 12547K [0x00000000b3200000, 0x00000000b7b80000, 0x00000000e6600000)
  object space 75264K, 16% used [0x00000000b3200000,0x00000000b3e40cd0,0x00000000b7b80000)
 Metaspace       used 13684K, capacity 13840K, committed 14208K, reserved 1062912K
  class space    used 1519K, capacity 1578K, committed 1664K, reserved 1048576K
GC Heap History (10 events):
Event: 0.735 GC heap after
Heap after GC invocations=1 (full 0):
 PSYoungGen      total 23552K, used 3057K [0x00000000e6600000, 0x00000000e9400000, 0x0000000100000000)
  eden space 20480K, 0% used [0x00000000e6600000,0x00000000e6600000,0x00000000e7a00000)
  from space 3072K, 99% used [0x00000000e7a00000,0x00000000e7cfc630,0x00000000e7d00000)
  to   space 3072K, 0% used [0x00000000e9100000,0x00000000e9100000,0x00000000e9400000)
 ParOldGen       total 53248K, used 8124K [0x00000000b3200000, 0x00000000b6600000, 0x00000000e6600000)
  object space 53248K, 15% used [0x00000000b3200000,0x00000000b39ef010,0x00000000b6600000)
 Metaspace       used 8137K, capacity 8364K, committed 8448K, reserved 1056768K
  class space    used 904K, capacity 996K, committed 1024K, reserved 1048576K
}
Event: 1.715 GC heap before
{Heap before GC invocations=2 (full 0):
 PSYoungGen      total 23552K, used 23537K [0x00000000e6600000, 0x00000000e9400000, 0x0000000100000000)
  eden space 20480K, 100% used [0x00000000e6600000,0x00000000e7a00000,0x00000000e7a00000)
  from space 3072K, 99% used [0x00000000e7a00000,0x00000000e7cfc630,0x00000000e7d00000)
  to   space 3072K, 0% used [0x00000000e9100000,0x00000000e9100000,0x00000000e9400000)
 ParOldGen       total 53248K, used 8124K [0x00000000b3200000, 0x00000000b6600000, 0x00000000e6600000)
  object space 53248K, 15% used [0x00000000b3200000,0x00000000b39ef010,0x00000000b6600000)
 Metaspace       used 12700K, capacity 12934K, committed 13056K, reserved 1060864K
  class space    used 1416K, capacity 1513K, committed 1536K, reserved 1048576K
Event: 1.759 GC heap after
Heap after GC invocations=2 (full 0):
 PSYoungGen      total 44032K, used 3053K [0x00000000e6600000, 0x00000000e9400000, 0x0000000100000000)
  eden space 40960K, 0% used [0x00000000e6600000,0x00000000e6600000,0x00000000e8e00000)
  from space 3072K, 99% used [0x00000000e9100000,0x00000000e93fb700,0x00000000e9400000)
  to   space 3072K, 0% used [0x00000000e8e00000,0x00000000e8e00000,0x00000000e9100000)
 ParOldGen       total 53248K, used 33866K [0x00000000b3200000, 0x00000000b6600000, 0x00000000e6600000)
  object space 53248K, 63% used [0x00000000b3200000,0x00000000b53128d0,0x00000000b6600000)
 Metaspace       used 12700K, capacity 12934K, committed 13056K, reserved 1060864K
  class space    used 1416K, capacity 1513K, committed 1536K, reserved 1048576K
}
Event: 1.759 GC heap before
{Heap before GC invocations=3 (full 1):
 PSYoungGen      total 44032K, used 3053K [0x00000000e6600000, 0x00000000e9400000, 0x0000000100000000)
  eden space 40960K, 0% used [0x00000000e6600000,0x00000000e6600000,0x00000000e8e00000)
  from space 3072K, 99% used [0x00000000e9100000,0x00000000e93fb700,0x00000000e9400000)
  to   space 3072K, 0% used [0x00000000e8e00000,0x00000000e8e00000,0x00000000e9100000)
 ParOldGen       total 53248K, used 33866K [0x00000000b3200000, 0x00000000b6600000, 0x00000000e6600000)
  object space 53248K, 63% used [0x00000000b3200000,0x00000000b53128d0,0x00000000b6600000)
 Metaspace       used 12700K, capacity 12934K, committed 13056K, reserved 1060864K
  class space    used 1416K, capacity 1513K, committed 1536K, reserved 1048576K
Event: 1.852 GC heap after
Heap after GC invocations=3 (full 1):
 PSYoungGen      total 44032K, used 0K [0x00000000e6600000, 0x00000000e9400000, 0x0000000100000000)
  eden space 40960K, 0% used [0x00000000e6600000,0x00000000e6600000,0x00000000e8e00000)
  from space 3072K, 0% used [0x00000000e9100000,0x00000000e9100000,0x00000000e9400000)
  to   space 3072K, 0% used [0x00000000e8e00000,0x00000000e8e00000,0x00000000e9100000)
 ParOldGen       total 75264K, used 12531K [0x00000000b3200000, 0x00000000b7b80000, 0x00000000e6600000)
  object space 75264K, 16% used [0x00000000b3200000,0x00000000b3e3ccd0,0x00000000b7b80000)
 Metaspace       used 12700K, capacity 12934K, committed 13056K, reserved 1060864K
  class space    used 1416K, capacity 1513K, committed 1536K, reserved 1048576K
}
Event: 9.448 GC heap before
{Heap before GC invocations=4 (full 1):
 PSYoungGen      total 44032K, used 40960K [0x00000000e6600000, 0x00000000e9400000, 0x0000000100000000)
  eden space 40960K, 100% used [0x00000000e6600000,0x00000000e8e00000,0x00000000e8e00000)
  from space 3072K, 0% used [0x00000000e9100000,0x00000000e9100000,0x00000000e9400000)
  to   space 3072K, 0% used [0x00000000e8e00000,0x00000000e8e00000,0x00000000e9100000)
 ParOldGen       total 75264K, used 12531K [0x00000000b3200000, 0x00000000b7b80000, 0x00000000e6600000)
  object space 75264K, 16% used [0x00000000b3200000,0x00000000b3e3ccd0,0x00000000b7b80000)
 Metaspace       used 13623K, capacity 13776K, committed 13952K, reserved 1060864K
  class space    used 1517K, capacity 1578K, committed 1664K, reserved 1048576K
Event: 9.456 GC heap after
Heap after GC invocations=4 (full 1):
 PSYoungGen      total 44032K, used 310K [0x00000000e6600000, 0x00000000ea200000, 0x0000000100000000)
  eden space 40960K, 0% used [0x00000000e6600000,0x00000000e6600000,0x00000000e8e00000)
  from space 3072K, 10% used [0x00000000e8e00000,0x00000000e8e4da10,0x00000000e9100000)
  to   space 3072K, 0% used [0x00000000e9f00000,0x00000000e9f00000,0x00000000ea200000)
 ParOldGen       total 75264K, used 12531K [0x00000000b3200000, 0x00000000b7b80000, 0x00000000e6600000)
  object space 75264K, 16% used [0x00000000b3200000,0x00000000b3e3ccd0,0x00000000b7b80000)
 Metaspace       used 13623K, capacity 13776K, committed 13952K, reserved 1060864K
  class space    used 1517K, capacity 1578K, committed 1664K, reserved 1048576K
}
Event: 9.542 GC heap before
{Heap before GC invocations=5 (full 1):
 PSYoungGen      total 44032K, used 41270K [0x00000000e6600000, 0x00000000ea200000, 0x0000000100000000)
  eden space 40960K, 100% used [0x00000000e6600000,0x00000000e8e00000,0x00000000e8e00000)
  from space 3072K, 10% used [0x00000000e8e00000,0x00000000e8e4da10,0x00000000e9100000)
  to   space 3072K, 0% used [0x00000000e9f00000,0x00000000e9f00000,0x00000000ea200000)
 ParOldGen       total 75264K, used 12531K [0x00000000b3200000, 0x00000000b7b80000, 0x00000000e6600000)
  object space 75264K, 16% used [0x00000000b3200000,0x00000000b3e3ccd0,0x00000000b7b80000)
 Metaspace       used 13671K, capacity 13840K, committed 14208K, reserved 1062912K
  class space    used 1519K, capacity 1578K, committed 1664K, reserved 1048576K
Event: 9.544 GC heap after
Heap after GC invocations=5 (full 1):
 PSYoungGen      total 58368K, used 336K [0x00000000e6600000, 0x00000000ea200000, 0x0000000100000000)
  eden space 55296K, 0% used [0x00000000e6600000,0x00000000e6600000,0x00000000e9c00000)
  from space 3072K, 10% used [0x00000000e9f00000,0x00000000e9f54010,0x00000000ea200000)
  to   space 3072K, 0% used [0x00000000e9c00000,0x00000000e9c00000,0x00000000e9f00000)
 ParOldGen       total 75264K, used 12539K [0x00000000b3200000, 0x00000000b7b80000, 0x00000000e6600000)
  object space 75264K, 16% used [0x00000000b3200000,0x00000000b3e3ecd0,0x00000000b7b80000)
 Metaspace       used 13671K, capacity 13840K, committed 14208K, reserved 1062912K
  class space    used 1519K, capacity 1578K, committed 1664K, reserved 1048576K
}
Event: 9.626 GC heap before
{Heap before GC invocations=6 (full 1):
 PSYoungGen      total 58368K, used 55632K [0x00000000e6600000, 0x00000000ea200000, 0x0000000100000000)
  eden space 55296K, 100% used [0x00000000e6600000,0x00000000e9c00000,0x00000000e9c00000)
  from space 3072K, 10% used [0x00000000e9f00000,0x00000000e9f54010,0x00000000ea200000)
  to   space 3072K, 0% used [0x00000000e9c00000,0x00000000e9c00000,0x00000000e9f00000)
 ParOldGen       total 75264K, used 12539K [0x00000000b3200000, 0x00000000b7b80000, 0x00000000e6600000)
  object space 75264K, 16% used [0x00000000b3200000,0x00000000b3e3ecd0,0x00000000b7b80000)
 Metaspace       used 13684K, capacity 13840K, committed 14208K, reserved 1062912K
  class space    used 1519K, capacity 1578K, committed 1664K, reserved 1048576K

