# JRE version: OpenJDK Runtime Environment (8.0_222-b10) (build 1.8.0_222-8u222-b10-1ubuntu1~16.04.1-b10)
# Java VM: OpenJDK 64-Bit Server VM (25.222-b10 mixed mode linux-amd64 compressed oops)
Heap:
 PSYoungGen      total 23552K, used 3071K [0x00000000e6600000, 0x00000000e8000000, 0x0000000100000000)
  eden space 20480K, 0% used [0x00000000e6600000,0x00000000e6600000,0x00000000e7a00000)
  from space 3072K, 99% used [0x00000000e7d00000,0x00000000e7fffda0,0x00000000e8000000)
  to   space 3072K, 0% used [0x00000000e7a00000,0x00000000e7a00000,0x00000000e7d00000)
 ParOldGen       total 53248K, used 8650K [0x00000000b3200000, 0x00000000b6600000, 0x00000000e6600000)
  object space 53248K, 16% used [0x00000000b3200000,0x00000000b3a72a40,0x00000000b6600000)
 Metaspace       used 12705K, capacity 12902K, committed 13056K, reserved 1060864K
  class space    used 1411K, capacity 1481K, committed 1536K, reserved 1048576K
GC Heap History (3 events):
Event: 2.256 GC heap before
{Heap before GC invocations=1 (full 0):
 PSYoungGen      total 23552K, used 18456K [0x00000000e6600000, 0x00000000e8000000, 0x0000000100000000)
  eden space 20480K, 90% used [0x00000000e6600000,0x00000000e78062a8,0x00000000e7a00000)
  from space 3072K, 0% used [0x00000000e7d00000,0x00000000e7d00000,0x00000000e8000000)
  to   space 3072K, 0% used [0x00000000e7a00000,0x00000000e7a00000,0x00000000e7d00000)
 ParOldGen       total 53248K, used 0K [0x00000000b3200000, 0x00000000b6600000, 0x00000000e6600000)
  object space 53248K, 0% used [0x00000000b3200000,0x00000000b3200000,0x00000000b6600000)
 Metaspace       used 9616K, capacity 9856K, committed 10112K, reserved 1058816K
  class space    used 1055K, capacity 1128K, committed 1152K, reserved 1048576K
Event: 2.271 GC heap after
Heap after GC invocations=1 (full 0):
 PSYoungGen      total 23552K, used 3053K [0x00000000e6600000, 0x00000000e8000000, 0x0000000100000000)
  eden space 20480K, 0% used [0x00000000e6600000,0x00000000e6600000,0x00000000e7a00000)
  from space 3072K, 99% used [0x00000000e7a00000,0x00000000e7cfb580,0x00000000e7d00000)
  to   space 3072K, 0% used [0x00000000e7d00000,0x00000000e7d00000,0x00000000e8000000)
 ParOldGen       total 53248K, used 4009K [0x00000000b3200000, 0x00000000b6600000, 0x00000000e6600000)
  object space 53248K, 7% used [0x00000000b3200000,0x00000000b35ea420,0x00000000b6600000)
 Metaspace       used 9616K, capacity 9856K, committed 10112K, reserved 1058816K
  class space    used 1055K, capacity 1128K, committed 1152K, reserved 1048576K
}
Event: 4.860 GC heap before
{Heap before GC invocations=2 (full 0):
 PSYoungGen      total 23552K, used 23313K [0x00000000e6600000, 0x00000000e8000000, 0x0000000100000000)
  eden space 20480K, 98% used [0x00000000e6600000,0x00000000e79c9000,0x00000000e7a00000)
  from space 3072K, 99% used [0x00000000e7a00000,0x00000000e7cfb580,0x00000000e7d00000)
  to   space 3072K, 0% used [0x00000000e7d00000,0x00000000e7d00000,0x00000000e8000000)
 ParOldGen       total 53248K, used 4009K [0x00000000b3200000, 0x00000000b6600000, 0x00000000e6600000)
  object space 53248K, 7% used [0x00000000b3200000,0x00000000b35ea420,0x00000000b6600000)
 Metaspace       used 12705K, capacity 12902K, committed 13056K, reserved 1060864K
  class space    used 1411K, capacity 1481K, committed 1536K, reserved 1048576K

