# JRE version: OpenJDK Runtime Environment (8.0_222-b10) (build 1.8.0_222-8u222-b10-1ubuntu1~16.04.1-b10)
# Java VM: OpenJDK 64-Bit Server VM (25.222-b10 mixed mode linux-amd64 compressed oops)
Heap:
 PSYoungGen      total 171008K, used 32K [0x00000000e6600000, 0x00000000f1400000, 0x0000000100000000)
  eden space 163840K, 0% used [0x00000000e6600000,0x00000000e6600000,0x00000000f0600000)
  from space 7168K, 0% used [0x00000000f0600000,0x00000000f0608000,0x00000000f0d00000)
  to   space 2048K, 0% used [0x00000000f1200000,0x00000000f1200000,0x00000000f1400000)
 ParOldGen       total 121856K, used 52894K [0x00000000b3200000, 0x00000000ba900000, 0x00000000e6600000)
  object space 121856K, 43% used [0x00000000b3200000,0x00000000b65a7ac8,0x00000000ba900000)
 Metaspace       used 14204K, capacity 14464K, committed 14720K, reserved 1062912K
  class space    used 1539K, capacity 1622K, committed 1664K, reserved 1048576K
GC Heap History (10 events):
Event: 8.267 GC heap after
Heap after GC invocations=10 (full 2):
 PSYoungGen      total 99328K, used 64K [0x00000000e6600000, 0x00000000ed080000, 0x0000000100000000)
  eden space 89600K, 0% used [0x00000000e6600000,0x00000000e6600000,0x00000000ebd80000)
  from space 9728K, 0% used [0x00000000ec680000,0x00000000ec690000,0x00000000ed000000)
  to   space 9216K, 0% used [0x00000000ebd80000,0x00000000ebd80000,0x00000000ec680000)
 ParOldGen       total 121856K, used 52846K [0x00000000b3200000, 0x00000000ba900000, 0x00000000e6600000)
  object space 121856K, 43% used [0x00000000b3200000,0x00000000b659bac8,0x00000000ba900000)
 Metaspace       used 14098K, capacity 14336K, committed 14464K, reserved 1062912K
  class space    used 1539K, capacity 1622K, committed 1664K, reserved 1048576K
}
Event: 8.553 GC heap before
{Heap before GC invocations=11 (full 2):
 PSYoungGen      total 99328K, used 89664K [0x00000000e6600000, 0x00000000ed080000, 0x0000000100000000)
  eden space 89600K, 100% used [0x00000000e6600000,0x00000000ebd80000,0x00000000ebd80000)
  from space 9728K, 0% used [0x00000000ec680000,0x00000000ec690000,0x00000000ed000000)
  to   space 9216K, 0% used [0x00000000ebd80000,0x00000000ebd80000,0x00000000ec680000)
 ParOldGen       total 121856K, used 52846K [0x00000000b3200000, 0x00000000ba900000, 0x00000000e6600000)
  object space 121856K, 43% used [0x00000000b3200000,0x00000000b659bac8,0x00000000ba900000)
 Metaspace       used 14114K, capacity 14400K, committed 14720K, reserved 1062912K
  class space    used 1539K, capacity 1622K, committed 1664K, reserved 1048576K
Event: 8.599 GC heap after
Heap after GC invocations=11 (full 2):
 PSYoungGen      total 98816K, used 32K [0x00000000e6600000, 0x00000000ef000000, 0x0000000100000000)
  eden space 89600K, 0% used [0x00000000e6600000,0x00000000e6600000,0x00000000ebd80000)
  from space 9216K, 0% used [0x00000000ebd80000,0x00000000ebd88000,0x00000000ec680000)
  to   space 8704K, 0% used [0x00000000ee780000,0x00000000ee780000,0x00000000ef000000)
 ParOldGen       total 121856K, used 52854K [0x00000000b3200000, 0x00000000ba900000, 0x00000000e6600000)
  object space 121856K, 43% used [0x00000000b3200000,0x00000000b659dac8,0x00000000ba900000)
 Metaspace       used 14114K, capacity 14400K, committed 14720K, reserved 1062912K
  class space    used 1539K, capacity 1622K, committed 1664K, reserved 1048576K
}
Event: 8.854 GC heap before
{Heap before GC invocations=12 (full 2):
 PSYoungGen      total 98816K, used 89632K [0x00000000e6600000, 0x00000000ef000000, 0x0000000100000000)
  eden space 89600K, 100% used [0x00000000e6600000,0x00000000ebd80000,0x00000000ebd80000)
  from space 9216K, 0% used [0x00000000ebd80000,0x00000000ebd88000,0x00000000ec680000)
  to   space 8704K, 0% used [0x00000000ee780000,0x00000000ee780000,0x00000000ef000000)
 ParOldGen       total 121856K, used 52854K [0x00000000b3200000, 0x00000000ba900000, 0x00000000e6600000)
  object space 121856K, 43% used [0x00000000b3200000,0x00000000b659dac8,0x00000000ba900000)
 Metaspace       used 14136K, capacity 14400K, committed 14720K, reserved 1062912K
  class space    used 1539K, capacity 1622K, committed 1664K, reserved 1048576K
Event: 8.859 GC heap after
Heap after GC invocations=12 (full 2):
 PSYoungGen      total 127488K, used 64K [0x00000000e6600000, 0x00000000eed00000, 0x0000000100000000)
  eden space 121856K, 0% used [0x00000000e6600000,0x00000000e6600000,0x00000000edd00000)
  from space 5632K, 1% used [0x00000000ee780000,0x00000000ee790000,0x00000000eed00000)
  to   space 8192K, 0% used [0x00000000edd00000,0x00000000edd00000,0x00000000ee500000)
 ParOldGen       total 121856K, used 52862K [0x00000000b3200000, 0x00000000ba900000, 0x00000000e6600000)
  object space 121856K, 43% used [0x00000000b3200000,0x00000000b659fac8,0x00000000ba900000)
 Metaspace       used 14136K, capacity 14400K, committed 14720K, reserved 1062912K
  class space    used 1539K, capacity 1622K, committed 1664K, reserved 1048576K
}
Event: 9.235 GC heap before
{Heap before GC invocations=13 (full 2):
 PSYoungGen      total 127488K, used 121920K [0x00000000e6600000, 0x00000000eed00000, 0x0000000100000000)
  eden space 121856K, 100% used [0x00000000e6600000,0x00000000edd00000,0x00000000edd00000)
  from space 5632K, 1% used [0x00000000ee780000,0x00000000ee790000,0x00000000eed00000)
  to   space 8192K, 0% used [0x00000000edd00000,0x00000000edd00000,0x00000000ee500000)
 ParOldGen       total 121856K, used 52862K [0x00000000b3200000, 0x00000000ba900000, 0x00000000e6600000)
  object space 121856K, 43% used [0x00000000b3200000,0x00000000b659fac8,0x00000000ba900000)
 Metaspace       used 14158K, capacity 14400K, committed 14720K, reserved 1062912K
  class space    used 1539K, capacity 1622K, committed 1664K, reserved 1048576K
Event: 9.273 GC heap after
Heap after GC invocations=13 (full 2):
 PSYoungGen      total 130048K, used 32K [0x00000000e6600000, 0x00000000f1980000, 0x0000000100000000)
  eden space 121856K, 0% used [0x00000000e6600000,0x00000000e6600000,0x00000000edd00000)
  from space 8192K, 0% used [0x00000000edd00000,0x00000000edd08000,0x00000000ee500000)
  to   space 7680K, 0% used [0x00000000f1200000,0x00000000f1200000,0x00000000f1980000)
 ParOldGen       total 121856K, used 52870K [0x00000000b3200000, 0x00000000ba900000, 0x00000000e6600000)
  object space 121856K, 43% used [0x00000000b3200000,0x00000000b65a1ac8,0x00000000ba900000)
 Metaspace       used 14158K, capacity 14400K, committed 14720K, reserved 1062912K
  class space    used 1539K, capacity 1622K, committed 1664K, reserved 1048576K
}
Event: 9.583 GC heap before
{Heap before GC invocations=14 (full 2):
 PSYoungGen      total 130048K, used 121888K [0x00000000e6600000, 0x00000000f1980000, 0x0000000100000000)
  eden space 121856K, 100% used [0x00000000e6600000,0x00000000edd00000,0x00000000edd00000)
  from space 8192K, 0% used [0x00000000edd00000,0x00000000edd08000,0x00000000ee500000)
  to   space 7680K, 0% used [0x00000000f1200000,0x00000000f1200000,0x00000000f1980000)
 ParOldGen       total 121856K, used 52870K [0x00000000b3200000, 0x00000000ba900000, 0x00000000e6600000)
  object space 121856K, 43% used [0x00000000b3200000,0x00000000b65a1ac8,0x00000000ba900000)
 Metaspace       used 14170K, capacity 14464K, committed 14720K, reserved 1062912K
  class space    used 1539K, capacity 1622K, committed 1664K, reserved 1048576K
Event: 9.586 GC heap after
Heap after GC invocations=14 (full 2):
 PSYoungGen      total 165888K, used 32K [0x00000000e6600000, 0x00000000f1400000, 0x0000000100000000)
  eden space 163840K, 0% used [0x00000000e6600000,0x00000000e6600000,0x00000000f0600000)
  from space 2048K, 1% used [0x00000000f1200000,0x00000000f1208000,0x00000000f1400000)
  to   space 7168K, 0% used [0x00000000f0600000,0x00000000f0600000,0x00000000f0d00000)
 ParOldGen       total 121856K, used 52886K [0x00000000b3200000, 0x00000000ba900000, 0x00000000e6600000)
  object space 121856K, 43% used [0x00000000b3200000,0x00000000b65a5ac8,0x00000000ba900000)
 Metaspace       used 14170K, capacity 14464K, committed 14720K, reserved 1062912K
  class space    used 1539K, capacity 1622K, committed 1664K, reserved 1048576K
}
Event: 10.041 GC heap before
{Heap before GC invocations=15 (full 2):
 PSYoungGen      total 165888K, used 163872K [0x00000000e6600000, 0x00000000f1400000, 0x0000000100000000)
  eden space 163840K, 100% used [0x00000000e6600000,0x00000000f0600000,0x00000000f0600000)
  from space 2048K, 1% used [0x00000000f1200000,0x00000000f1208000,0x00000000f1400000)
  to   space 7168K, 0% used [0x00000000f0600000,0x00000000f0600000,0x00000000f0d00000)
 ParOldGen       total 121856K, used 52886K [0x00000000b3200000, 0x00000000ba900000, 0x00000000e6600000)
  object space 121856K, 43% used [0x00000000b3200000,0x00000000b65a5ac8,0x00000000ba900000)
 Metaspace       used 14204K, capacity 14464K, committed 14720K, reserved 1062912K
  class space    used 1539K, capacity 1622K, committed 1664K, reserved 1048576K

