# JRE version: OpenJDK Runtime Environment (8.0_222-b10) (build 1.8.0_222-8u222-b10-1ubuntu1~16.04.1-b10)
# Java VM: OpenJDK 64-Bit Server VM (25.222-b10 mixed mode linux-amd64 compressed oops)
Heap:
 PSYoungGen      total 44032K, used 3033K [0x00000000e6600000, 0x00000000e9400000, 0x0000000100000000)
  eden space 40960K, 0% used [0x00000000e6600000,0x00000000e6600000,0x00000000e8e00000)
  from space 3072K, 98% used [0x00000000e8e00000,0x00000000e90f6598,0x00000000e9100000)
  to   space 3072K, 0% used [0x00000000e9100000,0x00000000e9100000,0x00000000e9400000)
 ParOldGen       total 53248K, used 18876K [0x00000000b3200000, 0x00000000b6600000, 0x00000000e6600000)
  object space 53248K, 35% used [0x00000000b3200000,0x00000000b446f2c0,0x00000000b6600000)
 Metaspace       used 15765K, capacity 16000K, committed 16384K, reserved 1064960K
  class space    used 1665K, capacity 1745K, committed 1792K, reserved 1048576K
GC Heap History (9 events):
Event: 4.277 GC heap before
{Heap before GC invocations=1 (full 0):
 PSYoungGen      total 23552K, used 14125K [0x00000000e6600000, 0x00000000e8000000, 0x0000000100000000)
  eden space 20480K, 68% used [0x00000000e6600000,0x00000000e73cb418,0x00000000e7a00000)
  from space 3072K, 0% used [0x00000000e7d00000,0x00000000e7d00000,0x00000000e8000000)
  to   space 3072K, 0% used [0x00000000e7a00000,0x00000000e7a00000,0x00000000e7d00000)
 ParOldGen       total 53248K, used 0K [0x00000000b3200000, 0x00000000b6600000, 0x00000000e6600000)
  object space 53248K, 0% used [0x00000000b3200000,0x00000000b3200000,0x00000000b6600000)
 Metaspace       used 10106K, capacity 10316K, committed 10496K, reserved 1058816K
  class space    used 1070K, capacity 1159K, committed 1280K, reserved 1048576K
Event: 4.295 GC heap after
Heap after GC invocations=1 (full 0):
 PSYoungGen      total 23552K, used 3057K [0x00000000e6600000, 0x00000000e8000000, 0x0000000100000000)
  eden space 20480K, 0% used [0x00000000e6600000,0x00000000e6600000,0x00000000e7a00000)
  from space 3072K, 99% used [0x00000000e7a00000,0x00000000e7cfc630,0x00000000e7d00000)
  to   space 3072K, 0% used [0x00000000e7d00000,0x00000000e7d00000,0x00000000e8000000)
 ParOldGen       total 53248K, used 633K [0x00000000b3200000, 0x00000000b6600000, 0x00000000e6600000)
  object space 53248K, 1% used [0x00000000b3200000,0x00000000b329e488,0x00000000b6600000)
 Metaspace       used 10106K, capacity 10316K, committed 10496K, reserved 1058816K
  class space    used 1070K, capacity 1159K, committed 1280K, reserved 1048576K
}
Event: 4.792 GC heap before
{Heap before GC invocations=2 (full 0):
 PSYoungGen      total 23552K, used 23537K [0x00000000e6600000, 0x00000000e8000000, 0x0000000100000000)
  eden space 20480K, 100% used [0x00000000e6600000,0x00000000e7a00000,0x00000000e7a00000)
  from space 3072K, 99% used [0x00000000e7a00000,0x00000000e7cfc630,0x00000000e7d00000)
  to   space 3072K, 0% used [0x00000000e7d00000,0x00000000e7d00000,0x00000000e8000000)
 ParOldGen       total 53248K, used 633K [0x00000000b3200000, 0x00000000b6600000, 0x00000000e6600000)
  object space 53248K, 1% used [0x00000000b3200000,0x00000000b329e488,0x00000000b6600000)
 Metaspace       used 10450K, capacity 10656K, committed 11008K, reserved 1058816K
  class space    used 1100K, capacity 1163K, committed 1280K, reserved 1048576K
Event: 4.811 GC heap after
Heap after GC invocations=2 (full 0):
 PSYoungGen      total 23552K, used 3053K [0x00000000e6600000, 0x00000000e9400000, 0x0000000100000000)
  eden space 20480K, 0% used [0x00000000e6600000,0x00000000e6600000,0x00000000e7a00000)
  from space 3072K, 99% used [0x00000000e7d00000,0x00000000e7ffb570,0x00000000e8000000)
  to   space 3072K, 0% used [0x00000000e7a00000,0x00000000e7a00000,0x00000000e7d00000)
 ParOldGen       total 53248K, used 16857K [0x00000000b3200000, 0x00000000b6600000, 0x00000000e6600000)
  object space 53248K, 31% used [0x00000000b3200000,0x00000000b42764a8,0x00000000b6600000)
 Metaspace       used 10450K, capacity 10656K, committed 11008K, reserved 1058816K
  class space    used 1100K, capacity 1163K, committed 1280K, reserved 1048576K
}
Event: 12.831 GC heap before
{Heap before GC invocations=3 (full 0):
 PSYoungGen      total 23552K, used 23533K [0x00000000e6600000, 0x00000000e9400000, 0x0000000100000000)
  eden space 20480K, 100% used [0x00000000e6600000,0x00000000e7a00000,0x00000000e7a00000)
  from space 3072K, 99% used [0x00000000e7d00000,0x00000000e7ffb570,0x00000000e8000000)
  to   space 3072K, 0% used [0x00000000e7a00000,0x00000000e7a00000,0x00000000e7d00000)
 ParOldGen       total 53248K, used 16857K [0x00000000b3200000, 0x00000000b6600000, 0x00000000e6600000)
  object space 53248K, 31% used [0x00000000b3200000,0x00000000b42764a8,0x00000000b6600000)
 Metaspace       used 15572K, capacity 15808K, committed 16128K, reserved 1062912K
  class space    used 1644K, capacity 1745K, committed 1792K, reserved 1048576K
Event: 12.841 GC heap after
Heap after GC invocations=3 (full 0):
 PSYoungGen      total 23552K, used 3048K [0x00000000e6600000, 0x00000000e9400000, 0x0000000100000000)
  eden space 20480K, 0% used [0x00000000e6600000,0x00000000e6600000,0x00000000e7a00000)
  from space 3072K, 99% used [0x00000000e7a00000,0x00000000e7cfa1b0,0x00000000e7d00000)
  to   space 3072K, 0% used [0x00000000e9100000,0x00000000e9100000,0x00000000e9400000)
 ParOldGen       total 53248K, used 18480K [0x00000000b3200000, 0x00000000b6600000, 0x00000000e6600000)
  object space 53248K, 34% used [0x00000000b3200000,0x00000000b440c340,0x00000000b6600000)
 Metaspace       used 15572K, capacity 15808K, committed 16128K, reserved 1062912K
  class space    used 1644K, capacity 1745K, committed 1792K, reserved 1048576K
}
Event: 12.977 GC heap before
{Heap before GC invocations=4 (full 0):
 PSYoungGen      total 23552K, used 23517K [0x00000000e6600000, 0x00000000e9400000, 0x0000000100000000)
  eden space 20480K, 99% used [0x00000000e6600000,0x00000000e79fd340,0x00000000e7a00000)
  from space 3072K, 99% used [0x00000000e7a00000,0x00000000e7cfa1b0,0x00000000e7d00000)
  to   space 3072K, 0% used [0x00000000e9100000,0x00000000e9100000,0x00000000e9400000)
 ParOldGen       total 53248K, used 18480K [0x00000000b3200000, 0x00000000b6600000, 0x00000000e6600000)
  object space 53248K, 34% used [0x00000000b3200000,0x00000000b440c340,0x00000000b6600000)
 Metaspace       used 15666K, capacity 15872K, committed 16128K, reserved 1062912K
  class space    used 1652K, capacity 1745K, committed 1792K, reserved 1048576K
Event: 12.992 GC heap after
Heap after GC invocations=4 (full 0):
 PSYoungGen      total 44032K, used 3066K [0x00000000e6600000, 0x00000000e9400000, 0x0000000100000000)
  eden space 40960K, 0% used [0x00000000e6600000,0x00000000e6600000,0x00000000e8e00000)
  from space 3072K, 99% used [0x00000000e9100000,0x00000000e93fe990,0x00000000e9400000)
  to   space 3072K, 0% used [0x00000000e8e00000,0x00000000e8e00000,0x00000000e9100000)
 ParOldGen       total 53248K, used 18567K [0x00000000b3200000, 0x00000000b6600000, 0x00000000e6600000)
  object space 53248K, 34% used [0x00000000b3200000,0x00000000b4421d50,0x00000000b6600000)
 Metaspace       used 15666K, capacity 15872K, committed 16128K, reserved 1062912K
  class space    used 1652K, capacity 1745K, committed 1792K, reserved 1048576K
}
Event: 13.129 GC heap before
{Heap before GC invocations=5 (full 0):
 PSYoungGen      total 44032K, used 44026K [0x00000000e6600000, 0x00000000e9400000, 0x0000000100000000)
  eden space 40960K, 100% used [0x00000000e6600000,0x00000000e8e00000,0x00000000e8e00000)
  from space 3072K, 99% used [0x00000000e9100000,0x00000000e93fe990,0x00000000e9400000)
  to   space 3072K, 0% used [0x00000000e8e00000,0x00000000e8e00000,0x00000000e9100000)
 ParOldGen       total 53248K, used 18567K [0x00000000b3200000, 0x00000000b6600000, 0x00000000e6600000)
  object space 53248K, 34% used [0x00000000b3200000,0x00000000b4421d50,0x00000000b6600000)
 Metaspace       used 15765K, capacity 16000K, committed 16384K, reserved 1064960K
  class space    used 1665K, capacity 1745K, committed 1792K, reserved 1048576K

