# JRE version: OpenJDK Runtime Environment (8.0_222-b10) (build 1.8.0_222-8u222-b10-1ubuntu1~16.04.1-b10)
# Java VM: OpenJDK 64-Bit Server VM (25.222-b10 mixed mode linux-amd64 compressed oops)
Heap:
 PSYoungGen      total 263168K, used 45160K [0x00000000e6600000, 0x00000000fa780000, 0x0000000100000000)
  eden space 202752K, 0% used [0x00000000e6600000,0x00000000e6600000,0x00000000f2c00000)
  from space 60416K, 74% used [0x00000000f2c00000,0x00000000f581a050,0x00000000f6700000)
  to   space 58368K, 0% used [0x00000000f6700000,0x00000000f6700000,0x00000000fa000000)
 ParOldGen       total 100864K, used 21589K [0x00000000b3200000, 0x00000000b9480000, 0x00000000e6600000)
  object space 100864K, 21% used [0x00000000b3200000,0x00000000b47156d0,0x00000000b9480000)
 Metaspace       used 13056K, capacity 13242K, committed 13568K, reserved 1060864K
  class space    used 1422K, capacity 1513K, committed 1536K, reserved 1048576K
GC Heap History (10 events):
Event: 3.587 GC heap after
Heap after GC invocations=9 (full 3):
 PSYoungGen      total 150528K, used 36128K [0x00000000e6600000, 0x00000000f3380000, 0x0000000100000000)
  eden space 111104K, 0% used [0x00000000e6600000,0x00000000e6600000,0x00000000ed280000)
  from space 39424K, 91% used [0x00000000f0300000,0x00000000f2648040,0x00000000f2980000)
  to   space 49664K, 0% used [0x00000000ed280000,0x00000000ed280000,0x00000000f0300000)
 ParOldGen       total 100864K, used 21549K [0x00000000b3200000, 0x00000000b9480000, 0x00000000e6600000)
  object space 100864K, 21% used [0x00000000b3200000,0x00000000b470b6d0,0x00000000b9480000)
 Metaspace       used 12857K, capacity 13046K, committed 13312K, reserved 1060864K
  class space    used 1421K, capacity 1513K, committed 1536K, reserved 1048576K
}
Event: 4.244 GC heap before
{Heap before GC invocations=10 (full 3):
 PSYoungGen      total 150528K, used 146156K [0x00000000e6600000, 0x00000000f3380000, 0x0000000100000000)
  eden space 111104K, 99% used [0x00000000e6600000,0x00000000ed173238,0x00000000ed280000)
  from space 39424K, 91% used [0x00000000f0300000,0x00000000f2648040,0x00000000f2980000)
  to   space 49664K, 0% used [0x00000000ed280000,0x00000000ed280000,0x00000000f0300000)
 ParOldGen       total 100864K, used 21549K [0x00000000b3200000, 0x00000000b9480000, 0x00000000e6600000)
  object space 100864K, 21% used [0x00000000b3200000,0x00000000b470b6d0,0x00000000b9480000)
 Metaspace       used 12920K, capacity 13110K, committed 13312K, reserved 1060864K
  class space    used 1421K, capacity 1513K, committed 1536K, reserved 1048576K
Event: 4.274 GC heap after
Heap after GC invocations=10 (full 3):
 PSYoungGen      total 160768K, used 36160K [0x00000000e6600000, 0x00000000f7580000, 0x0000000100000000)
  eden space 111104K, 0% used [0x00000000e6600000,0x00000000e6600000,0x00000000ed280000)
  from space 49664K, 72% used [0x00000000ed280000,0x00000000ef5d0040,0x00000000f0300000)
  to   space 55808K, 0% used [0x00000000f3f00000,0x00000000f3f00000,0x00000000f7580000)
 ParOldGen       total 100864K, used 21557K [0x00000000b3200000, 0x00000000b9480000, 0x00000000e6600000)
  object space 100864K, 21% used [0x00000000b3200000,0x00000000b470d6d0,0x00000000b9480000)
 Metaspace       used 12920K, capacity 13110K, committed 13312K, reserved 1060864K
  class space    used 1421K, capacity 1513K, committed 1536K, reserved 1048576K
}
Event: 4.622 GC heap before
{Heap before GC invocations=11 (full 3):
 PSYoungGen      total 160768K, used 146548K [0x00000000e6600000, 0x00000000f7580000, 0x0000000100000000)
  eden space 111104K, 99% used [0x00000000e6600000,0x00000000ed1cd038,0x00000000ed280000)
  from space 49664K, 72% used [0x00000000ed280000,0x00000000ef5d0040,0x00000000f0300000)
  to   space 55808K, 0% used [0x00000000f3f00000,0x00000000f3f00000,0x00000000f7580000)
 ParOldGen       total 100864K, used 21557K [0x00000000b3200000, 0x00000000b9480000, 0x00000000e6600000)
  object space 100864K, 21% used [0x00000000b3200000,0x00000000b470d6d0,0x00000000b9480000)
 Metaspace       used 12952K, capacity 13174K, committed 13312K, reserved 1060864K
  class space    used 1421K, capacity 1513K, committed 1536K, reserved 1048576K
Event: 4.639 GC heap after
Heap after GC invocations=11 (full 3):
 PSYoungGen      total 218624K, used 36128K [0x00000000e6600000, 0x00000000f7980000, 0x0000000100000000)
  eden space 162816K, 0% used [0x00000000e6600000,0x00000000e6600000,0x00000000f0500000)
  from space 55808K, 64% used [0x00000000f3f00000,0x00000000f6248040,0x00000000f7580000)
  to   space 59392K, 0% used [0x00000000f0500000,0x00000000f0500000,0x00000000f3f00000)
 ParOldGen       total 100864K, used 21565K [0x00000000b3200000, 0x00000000b9480000, 0x00000000e6600000)
  object space 100864K, 21% used [0x00000000b3200000,0x00000000b470f6d0,0x00000000b9480000)
 Metaspace       used 12952K, capacity 13174K, committed 13312K, reserved 1060864K
  class space    used 1421K, capacity 1513K, committed 1536K, reserved 1048576K
}
Event: 4.939 GC heap before
{Heap before GC invocations=12 (full 3):
 PSYoungGen      total 218624K, used 192520K [0x00000000e6600000, 0x00000000f7980000, 0x0000000100000000)
  eden space 162816K, 96% used [0x00000000e6600000,0x00000000efeba050,0x00000000f0500000)
  from space 55808K, 64% used [0x00000000f3f00000,0x00000000f6248040,0x00000000f7580000)
  to   space 59392K, 0% used [0x00000000f0500000,0x00000000f0500000,0x00000000f3f00000)
 ParOldGen       total 100864K, used 21565K [0x00000000b3200000, 0x00000000b9480000, 0x00000000e6600000)
  object space 100864K, 21% used [0x00000000b3200000,0x00000000b470f6d0,0x00000000b9480000)
 Metaspace       used 12980K, capacity 13174K, committed 13312K, reserved 1060864K
  class space    used 1421K, capacity 1513K, committed 1536K, reserved 1048576K
Event: 4.949 GC heap after
Heap after GC invocations=12 (full 3):
 PSYoungGen      total 222208K, used 27096K [0x00000000e6600000, 0x00000000fa000000, 0x0000000100000000)
  eden space 162816K, 0% used [0x00000000e6600000,0x00000000e6600000,0x00000000f0500000)
  from space 59392K, 45% used [0x00000000f0500000,0x00000000f1f76030,0x00000000f3f00000)
  to   space 58368K, 0% used [0x00000000f6700000,0x00000000f6700000,0x00000000fa000000)
 ParOldGen       total 100864K, used 21573K [0x00000000b3200000, 0x00000000b9480000, 0x00000000e6600000)
  object space 100864K, 21% used [0x00000000b3200000,0x00000000b47116d0,0x00000000b9480000)
 Metaspace       used 12980K, capacity 13174K, committed 13312K, reserved 1060864K
  class space    used 1421K, capacity 1513K, committed 1536K, reserved 1048576K
}
Event: 5.252 GC heap before
{Heap before GC invocations=13 (full 3):
 PSYoungGen      total 222208K, used 183417K [0x00000000e6600000, 0x00000000fa000000, 0x0000000100000000)
  eden space 162816K, 96% used [0x00000000e6600000,0x00000000efea8638,0x00000000f0500000)
  from space 59392K, 45% used [0x00000000f0500000,0x00000000f1f76030,0x00000000f3f00000)
  to   space 58368K, 0% used [0x00000000f6700000,0x00000000f6700000,0x00000000fa000000)
 ParOldGen       total 100864K, used 21573K [0x00000000b3200000, 0x00000000b9480000, 0x00000000e6600000)
  object space 100864K, 21% used [0x00000000b3200000,0x00000000b47116d0,0x00000000b9480000)
 Metaspace       used 13032K, capacity 13242K, committed 13568K, reserved 1060864K
  class space    used 1421K, capacity 1513K, committed 1536K, reserved 1048576K
Event: 5.288 GC heap after
Heap after GC invocations=13 (full 3):
 PSYoungGen      total 261120K, used 36160K [0x00000000e6600000, 0x00000000fa780000, 0x0000000100000000)
  eden space 202752K, 0% used [0x00000000e6600000,0x00000000e6600000,0x00000000f2c00000)
  from space 58368K, 61% used [0x00000000f6700000,0x00000000f8a50040,0x00000000fa000000)
  to   space 60416K, 0% used [0x00000000f2c00000,0x00000000f2c00000,0x00000000f6700000)
 ParOldGen       total 100864K, used 21581K [0x00000000b3200000, 0x00000000b9480000, 0x00000000e6600000)
  object space 100864K, 21% used [0x00000000b3200000,0x00000000b47136d0,0x00000000b9480000)
 Metaspace       used 13032K, capacity 13242K, committed 13568K, reserved 1060864K
  class space    used 1421K, capacity 1513K, committed 1536K, reserved 1048576K
}
Event: 5.797 GC heap before
{Heap before GC invocations=14 (full 3):
 PSYoungGen      total 261120K, used 238240K [0x00000000e6600000, 0x00000000fa780000, 0x0000000100000000)
  eden space 202752K, 99% used [0x00000000e6600000,0x00000000f2b58160,0x00000000f2c00000)
  from space 58368K, 61% used [0x00000000f6700000,0x00000000f8a50040,0x00000000fa000000)
  to   space 60416K, 0% used [0x00000000f2c00000,0x00000000f2c00000,0x00000000f6700000)
 ParOldGen       total 100864K, used 21581K [0x00000000b3200000, 0x00000000b9480000, 0x00000000e6600000)
  object space 100864K, 21% used [0x00000000b3200000,0x00000000b47136d0,0x00000000b9480000)
 Metaspace       used 13056K, capacity 13242K, committed 13568K, reserved 1060864K
  class space    used 1422K, capacity 1513K, committed 1536K, reserved 1048576K

