# JRE version: OpenJDK Runtime Environment (8.0_222-b10) (build 1.8.0_222-8u222-b10-1ubuntu1~16.04.1-b10)
# Java VM: OpenJDK 64-Bit Server VM (25.222-b10 mixed mode linux-amd64 compressed oops)
Heap:
 PSYoungGen      total 185856K, used 96K [0x00000000e6600000, 0x00000000f3680000, 0x0000000100000000)
  eden space 158208K, 0% used [0x00000000e6600000,0x00000000e6600000,0x00000000f0080000)
  from space 27648K, 0% used [0x00000000f0080000,0x00000000f0098000,0x00000000f1b80000)
  to   space 22528K, 0% used [0x00000000f2080000,0x00000000f2080000,0x00000000f3680000)
 ParOldGen       total 89600K, used 13043K [0x00000000b3200000, 0x00000000b8980000, 0x00000000e6600000)
  object space 89600K, 14% used [0x00000000b3200000,0x00000000b3ebcf88,0x00000000b8980000)
 Metaspace       used 13628K, capacity 13800K, committed 14208K, reserved 1062912K
  class space    used 1470K, capacity 1546K, committed 1664K, reserved 1048576K
GC Heap History (10 events):
Event: 6.167 GC heap after
Heap after GC invocations=9 (full 1):
 PSYoungGen      total 110592K, used 96K [0x00000000e6600000, 0x00000000ef700000, 0x0000000100000000)
  eden space 78848K, 0% used [0x00000000e6600000,0x00000000e6600000,0x00000000eb300000)
  from space 31744K, 0% used [0x00000000ed800000,0x00000000ed818000,0x00000000ef700000)
  to   space 34816K, 0% used [0x00000000eb300000,0x00000000eb300000,0x00000000ed500000)
 ParOldGen       total 89600K, used 12947K [0x00000000b3200000, 0x00000000b8980000, 0x00000000e6600000)
  object space 89600K, 14% used [0x00000000b3200000,0x00000000b3ea4f88,0x00000000b8980000)
 Metaspace       used 13546K, capacity 13736K, committed 13952K, reserved 1060864K
  class space    used 1470K, capacity 1546K, committed 1664K, reserved 1048576K
}
Event: 6.392 GC heap before
{Heap before GC invocations=10 (full 1):
 PSYoungGen      total 110592K, used 78944K [0x00000000e6600000, 0x00000000ef700000, 0x0000000100000000)
  eden space 78848K, 100% used [0x00000000e6600000,0x00000000eb300000,0x00000000eb300000)
  from space 31744K, 0% used [0x00000000ed800000,0x00000000ed818000,0x00000000ef700000)
  to   space 34816K, 0% used [0x00000000eb300000,0x00000000eb300000,0x00000000ed500000)
 ParOldGen       total 89600K, used 12947K [0x00000000b3200000, 0x00000000b8980000, 0x00000000e6600000)
  object space 89600K, 14% used [0x00000000b3200000,0x00000000b3ea4f88,0x00000000b8980000)
 Metaspace       used 13566K, capacity 13736K, committed 13952K, reserved 1060864K
  class space    used 1470K, capacity 1546K, committed 1664K, reserved 1048576K
Event: 6.395 GC heap after
Heap after GC invocations=10 (full 1):
 PSYoungGen      total 113664K, used 128K [0x00000000e6600000, 0x00000000f1280000, 0x0000000100000000)
  eden space 78848K, 0% used [0x00000000e6600000,0x00000000e6600000,0x00000000eb300000)
  from space 34816K, 0% used [0x00000000eb300000,0x00000000eb320000,0x00000000ed500000)
  to   space 32768K, 0% used [0x00000000ef280000,0x00000000ef280000,0x00000000f1280000)
 ParOldGen       total 89600K, used 13003K [0x00000000b3200000, 0x00000000b8980000, 0x00000000e6600000)
  object space 89600K, 14% used [0x00000000b3200000,0x00000000b3eb2f88,0x00000000b8980000)
 Metaspace       used 13566K, capacity 13736K, committed 13952K, reserved 1060864K
  class space    used 1470K, capacity 1546K, committed 1664K, reserved 1048576K
}
Event: 6.583 GC heap before
{Heap before GC invocations=11 (full 1):
 PSYoungGen      total 113664K, used 78976K [0x00000000e6600000, 0x00000000f1280000, 0x0000000100000000)
  eden space 78848K, 100% used [0x00000000e6600000,0x00000000eb300000,0x00000000eb300000)
  from space 34816K, 0% used [0x00000000eb300000,0x00000000eb320000,0x00000000ed500000)
  to   space 32768K, 0% used [0x00000000ef280000,0x00000000ef280000,0x00000000f1280000)
 ParOldGen       total 89600K, used 13003K [0x00000000b3200000, 0x00000000b8980000, 0x00000000e6600000)
  object space 89600K, 14% used [0x00000000b3200000,0x00000000b3eb2f88,0x00000000b8980000)
 Metaspace       used 13578K, capacity 13800K, committed 14208K, reserved 1062912K
  class space    used 1470K, capacity 1546K, committed 1664K, reserved 1048576K
Event: 6.602 GC heap after
Heap after GC invocations=11 (full 1):
 PSYoungGen      total 145408K, used 64K [0x00000000e6600000, 0x00000000f1280000, 0x0000000100000000)
  eden space 112640K, 0% used [0x00000000e6600000,0x00000000e6600000,0x00000000ed400000)
  from space 32768K, 0% used [0x00000000ef280000,0x00000000ef290000,0x00000000f1280000)
  to   space 31232K, 0% used [0x00000000ed400000,0x00000000ed400000,0x00000000ef280000)
 ParOldGen       total 89600K, used 13011K [0x00000000b3200000, 0x00000000b8980000, 0x00000000e6600000)
  object space 89600K, 14% used [0x00000000b3200000,0x00000000b3eb4f88,0x00000000b8980000)
 Metaspace       used 13578K, capacity 13800K, committed 14208K, reserved 1062912K
  class space    used 1470K, capacity 1546K, committed 1664K, reserved 1048576K
}
Event: 6.889 GC heap before
{Heap before GC invocations=12 (full 1):
 PSYoungGen      total 145408K, used 112704K [0x00000000e6600000, 0x00000000f1280000, 0x0000000100000000)
  eden space 112640K, 100% used [0x00000000e6600000,0x00000000ed400000,0x00000000ed400000)
  from space 32768K, 0% used [0x00000000ef280000,0x00000000ef290000,0x00000000f1280000)
  to   space 31232K, 0% used [0x00000000ed400000,0x00000000ed400000,0x00000000ef280000)
 ParOldGen       total 89600K, used 13011K [0x00000000b3200000, 0x00000000b8980000, 0x00000000e6600000)
  object space 89600K, 14% used [0x00000000b3200000,0x00000000b3eb4f88,0x00000000b8980000)
 Metaspace       used 13608K, capacity 13800K, committed 14208K, reserved 1062912K
  class space    used 1470K, capacity 1546K, committed 1664K, reserved 1048576K
Event: 6.900 GC heap after
Heap after GC invocations=12 (full 1):
 PSYoungGen      total 143872K, used 32K [0x00000000e6600000, 0x00000000f3d80000, 0x0000000100000000)
  eden space 112640K, 0% used [0x00000000e6600000,0x00000000e6600000,0x00000000ed400000)
  from space 31232K, 0% used [0x00000000ed400000,0x00000000ed408000,0x00000000ef280000)
  to   space 29696K, 0% used [0x00000000f2080000,0x00000000f2080000,0x00000000f3d80000)
 ParOldGen       total 89600K, used 13019K [0x00000000b3200000, 0x00000000b8980000, 0x00000000e6600000)
  object space 89600K, 14% used [0x00000000b3200000,0x00000000b3eb6f88,0x00000000b8980000)
 Metaspace       used 13608K, capacity 13800K, committed 14208K, reserved 1062912K
  class space    used 1470K, capacity 1546K, committed 1664K, reserved 1048576K
}
Event: 7.174 GC heap before
{Heap before GC invocations=13 (full 1):
 PSYoungGen      total 143872K, used 112672K [0x00000000e6600000, 0x00000000f3d80000, 0x0000000100000000)
  eden space 112640K, 100% used [0x00000000e6600000,0x00000000ed400000,0x00000000ed400000)
  from space 31232K, 0% used [0x00000000ed400000,0x00000000ed408000,0x00000000ef280000)
  to   space 29696K, 0% used [0x00000000f2080000,0x00000000f2080000,0x00000000f3d80000)
 ParOldGen       total 89600K, used 13019K [0x00000000b3200000, 0x00000000b8980000, 0x00000000e6600000)
  object space 89600K, 14% used [0x00000000b3200000,0x00000000b3eb6f88,0x00000000b8980000)
 Metaspace       used 13619K, capacity 13800K, committed 14208K, reserved 1062912K
  class space    used 1470K, capacity 1546K, committed 1664K, reserved 1048576K
Event: 7.177 GC heap after
Heap after GC invocations=13 (full 1):
 PSYoungGen      total 180736K, used 64K [0x00000000e6600000, 0x00000000f3680000, 0x0000000100000000)
  eden space 158208K, 0% used [0x00000000e6600000,0x00000000e6600000,0x00000000f0080000)
  from space 22528K, 0% used [0x00000000f2080000,0x00000000f2090000,0x00000000f3680000)
  to   space 27648K, 0% used [0x00000000f0080000,0x00000000f0080000,0x00000000f1b80000)
 ParOldGen       total 89600K, used 13027K [0x00000000b3200000, 0x00000000b8980000, 0x00000000e6600000)
  object space 89600K, 14% used [0x00000000b3200000,0x00000000b3eb8f88,0x00000000b8980000)
 Metaspace       used 13619K, capacity 13800K, committed 14208K, reserved 1062912K
  class space    used 1470K, capacity 1546K, committed 1664K, reserved 1048576K
}
Event: 8.286 GC heap before
{Heap before GC invocations=14 (full 1):
 PSYoungGen      total 180736K, used 158272K [0x00000000e6600000, 0x00000000f3680000, 0x0000000100000000)
  eden space 158208K, 100% used [0x00000000e6600000,0x00000000f0080000,0x00000000f0080000)
  from space 22528K, 0% used [0x00000000f2080000,0x00000000f2090000,0x00000000f3680000)
  to   space 27648K, 0% used [0x00000000f0080000,0x00000000f0080000,0x00000000f1b80000)
 ParOldGen       total 89600K, used 13027K [0x00000000b3200000, 0x00000000b8980000, 0x00000000e6600000)
  object space 89600K, 14% used [0x00000000b3200000,0x00000000b3eb8f88,0x00000000b8980000)
 Metaspace       used 13628K, capacity 13800K, committed 14208K, reserved 1062912K
  class space    used 1470K, capacity 1546K, committed 1664K, reserved 1048576K

