# JRE version: OpenJDK Runtime Environment (8.0_222-b10) (build 1.8.0_222-8u222-b10-1ubuntu1~16.04.1-b10)
# Java VM: OpenJDK 64-Bit Server VM (25.222-b10 mixed mode linux-amd64 compressed oops)
Heap:
 PSYoungGen      total 178688K, used 96K [0x00000000e6600000, 0x00000000f2300000, 0x0000000100000000)
  eden space 163840K, 0% used [0x00000000e6600000,0x00000000e6600000,0x00000000f0600000)
  from space 14848K, 0% used [0x00000000f0600000,0x00000000f0618000,0x00000000f1480000)
  to   space 14848K, 0% used [0x00000000f1480000,0x00000000f1480000,0x00000000f2300000)
 ParOldGen       total 133120K, used 101336K [0x00000000b3200000, 0x00000000bb400000, 0x00000000e6600000)
  object space 133120K, 76% used [0x00000000b3200000,0x00000000b94f63a8,0x00000000bb400000)
 Metaspace       used 14781K, capacity 15084K, committed 15360K, reserved 1062912K
  class space    used 1614K, capacity 1718K, committed 1792K, reserved 1048576K
GC Heap History (10 events):
Event: 21.693 GC heap after
Heap after GC invocations=4 (full 0):
 PSYoungGen      total 44032K, used 3055K [0x00000000e6600000, 0x00000000ebc00000, 0x0000000100000000)
  eden space 40960K, 0% used [0x00000000e6600000,0x00000000e6600000,0x00000000e8e00000)
  from space 3072K, 99% used [0x00000000e9100000,0x00000000e93fbcf8,0x00000000e9400000)
  to   space 3072K, 0% used [0x00000000e8e00000,0x00000000e8e00000,0x00000000e9100000)
 ParOldGen       total 133120K, used 98059K [0x00000000b3200000, 0x00000000bb400000, 0x00000000e6600000)
  object space 133120K, 73% used [0x00000000b3200000,0x00000000b91c2d88,0x00000000bb400000)
 Metaspace       used 14275K, capacity 14540K, committed 14720K, reserved 1062912K
  class space    used 1538K, capacity 1622K, committed 1664K, reserved 1048576K
}
Event: 22.049 GC heap before
{Heap before GC invocations=5 (full 0):
 PSYoungGen      total 44032K, used 44015K [0x00000000e6600000, 0x00000000ebc00000, 0x0000000100000000)
  eden space 40960K, 100% used [0x00000000e6600000,0x00000000e8e00000,0x00000000e8e00000)
  from space 3072K, 99% used [0x00000000e9100000,0x00000000e93fbcf8,0x00000000e9400000)
  to   space 3072K, 0% used [0x00000000e8e00000,0x00000000e8e00000,0x00000000e9100000)
 ParOldGen       total 133120K, used 98059K [0x00000000b3200000, 0x00000000bb400000, 0x00000000e6600000)
  object space 133120K, 73% used [0x00000000b3200000,0x00000000b91c2d88,0x00000000bb400000)
 Metaspace       used 14289K, capacity 14540K, committed 14720K, reserved 1062912K
  class space    used 1538K, capacity 1622K, committed 1664K, reserved 1048576K
Event: 22.065 GC heap after
Heap after GC invocations=5 (full 0):
 PSYoungGen      total 44032K, used 3025K [0x00000000e6600000, 0x00000000ed400000, 0x0000000100000000)
  eden space 40960K, 0% used [0x00000000e6600000,0x00000000e6600000,0x00000000e8e00000)
  from space 3072K, 98% used [0x00000000e8e00000,0x00000000e90f44a8,0x00000000e9100000)
  to   space 15360K, 0% used [0x00000000ec500000,0x00000000ec500000,0x00000000ed400000)
 ParOldGen       total 133120K, used 98207K [0x00000000b3200000, 0x00000000bb400000, 0x00000000e6600000)
  object space 133120K, 73% used [0x00000000b3200000,0x00000000b91e7d98,0x00000000bb400000)
 Metaspace       used 14289K, capacity 14540K, committed 14720K, reserved 1062912K
  class space    used 1538K, capacity 1622K, committed 1664K, reserved 1048576K
}
Event: 23.226 GC heap before
{Heap before GC invocations=6 (full 0):
 PSYoungGen      total 44032K, used 43985K [0x00000000e6600000, 0x00000000ed400000, 0x0000000100000000)
  eden space 40960K, 100% used [0x00000000e6600000,0x00000000e8e00000,0x00000000e8e00000)
  from space 3072K, 98% used [0x00000000e8e00000,0x00000000e90f44a8,0x00000000e9100000)
  to   space 15360K, 0% used [0x00000000ec500000,0x00000000ec500000,0x00000000ed400000)
 ParOldGen       total 133120K, used 98207K [0x00000000b3200000, 0x00000000bb400000, 0x00000000e6600000)
  object space 133120K, 73% used [0x00000000b3200000,0x00000000b91e7d98,0x00000000bb400000)
 Metaspace       used 14574K, capacity 14860K, committed 15104K, reserved 1062912K
  class space    used 1592K, capacity 1686K, committed 1792K, reserved 1048576K
Event: 23.260 GC heap after
Heap after GC invocations=6 (full 0):
 PSYoungGen      total 96256K, used 3025K [0x00000000e6600000, 0x00000000ed300000, 0x0000000100000000)
  eden space 81920K, 0% used [0x00000000e6600000,0x00000000e6600000,0x00000000eb600000)
  from space 14336K, 21% used [0x00000000ec500000,0x00000000ec7f44a8,0x00000000ed300000)
  to   space 14848K, 0% used [0x00000000eb600000,0x00000000eb600000,0x00000000ec480000)
 ParOldGen       total 133120K, used 98207K [0x00000000b3200000, 0x00000000bb400000, 0x00000000e6600000)
  object space 133120K, 73% used [0x00000000b3200000,0x00000000b91e7d98,0x00000000bb400000)
 Metaspace       used 14574K, capacity 14860K, committed 15104K, reserved 1062912K
  class space    used 1592K, capacity 1686K, committed 1792K, reserved 1048576K
}
Event: 24.251 GC heap before
{Heap before GC invocations=7 (full 0):
 PSYoungGen      total 96256K, used 84945K [0x00000000e6600000, 0x00000000ed300000, 0x0000000100000000)
  eden space 81920K, 100% used [0x00000000e6600000,0x00000000eb600000,0x00000000eb600000)
  from space 14336K, 21% used [0x00000000ec500000,0x00000000ec7f44a8,0x00000000ed300000)
  to   space 14848K, 0% used [0x00000000eb600000,0x00000000eb600000,0x00000000ec480000)
 ParOldGen       total 133120K, used 98207K [0x00000000b3200000, 0x00000000bb400000, 0x00000000e6600000)
  object space 133120K, 73% used [0x00000000b3200000,0x00000000b91e7d98,0x00000000bb400000)
 Metaspace       used 14702K, capacity 15020K, committed 15360K, reserved 1062912K
  class space    used 1611K, capacity 1718K, committed 1792K, reserved 1048576K
Event: 24.285 GC heap after
Heap after GC invocations=7 (full 0):
 PSYoungGen      total 96768K, used 580K [0x00000000e6600000, 0x00000000f2300000, 0x0000000100000000)
  eden space 81920K, 0% used [0x00000000e6600000,0x00000000e6600000,0x00000000eb600000)
  from space 14848K, 3% used [0x00000000eb600000,0x00000000eb691338,0x00000000ec480000)
  to   space 14848K, 0% used [0x00000000f1480000,0x00000000f1480000,0x00000000f2300000)
 ParOldGen       total 133120K, used 100824K [0x00000000b3200000, 0x00000000bb400000, 0x00000000e6600000)
  object space 133120K, 75% used [0x00000000b3200000,0x00000000b9476020,0x00000000bb400000)
 Metaspace       used 14702K, capacity 15020K, committed 15360K, reserved 1062912K
  class space    used 1611K, capacity 1718K, committed 1792K, reserved 1048576K
}
Event: 25.085 GC heap before
{Heap before GC invocations=8 (full 0):
 PSYoungGen      total 96768K, used 82500K [0x00000000e6600000, 0x00000000f2300000, 0x0000000100000000)
  eden space 81920K, 100% used [0x00000000e6600000,0x00000000eb600000,0x00000000eb600000)
  from space 14848K, 3% used [0x00000000eb600000,0x00000000eb691338,0x00000000ec480000)
  to   space 14848K, 0% used [0x00000000f1480000,0x00000000f1480000,0x00000000f2300000)
 ParOldGen       total 133120K, used 100824K [0x00000000b3200000, 0x00000000bb400000, 0x00000000e6600000)
  object space 133120K, 75% used [0x00000000b3200000,0x00000000b9476020,0x00000000bb400000)
 Metaspace       used 14730K, capacity 15020K, committed 15360K, reserved 1062912K
  class space    used 1612K, capacity 1718K, committed 1792K, reserved 1048576K
Event: 25.117 GC heap after
Heap after GC invocations=8 (full 0):
 PSYoungGen      total 178688K, used 118K [0x00000000e6600000, 0x00000000f2300000, 0x0000000100000000)
  eden space 163840K, 0% used [0x00000000e6600000,0x00000000e6600000,0x00000000f0600000)
  from space 14848K, 0% used [0x00000000f1480000,0x00000000f149da10,0x00000000f2300000)
  to   space 14848K, 0% used [0x00000000f0600000,0x00000000f0600000,0x00000000f1480000)
 ParOldGen       total 133120K, used 101288K [0x00000000b3200000, 0x00000000bb400000, 0x00000000e6600000)
  object space 133120K, 76% used [0x00000000b3200000,0x00000000b94ea3a8,0x00000000bb400000)
 Metaspace       used 14730K, capacity 15020K, committed 15360K, reserved 1062912K
  class space    used 1612K, capacity 1718K, committed 1792K, reserved 1048576K
}
Event: 26.493 GC heap before
{Heap before GC invocations=9 (full 0):
 PSYoungGen      total 178688K, used 163958K [0x00000000e6600000, 0x00000000f2300000, 0x0000000100000000)
  eden space 163840K, 100% used [0x00000000e6600000,0x00000000f0600000,0x00000000f0600000)
  from space 14848K, 0% used [0x00000000f1480000,0x00000000f149da10,0x00000000f2300000)
  to   space 14848K, 0% used [0x00000000f0600000,0x00000000f0600000,0x00000000f1480000)
 ParOldGen       total 133120K, used 101288K [0x00000000b3200000, 0x00000000bb400000, 0x00000000e6600000)
  object space 133120K, 76% used [0x00000000b3200000,0x00000000b94ea3a8,0x00000000bb400000)
 Metaspace       used 14781K, capacity 15084K, committed 15360K, reserved 1062912K
  class space    used 1614K, capacity 1718K, committed 1792K, reserved 1048576K

