# JRE version: OpenJDK Runtime Environment (8.0_222-b10) (build 1.8.0_222-8u222-b10-1ubuntu1~16.04.1-b10)
# Java VM: OpenJDK 64-Bit Server VM (25.222-b10 mixed mode linux-amd64 compressed oops)
Heap:
 PSYoungGen      total 84992K, used 3013K [0x00000000e6600000, 0x00000000ebc00000, 0x0000000100000000)
  eden space 81920K, 0% used [0x00000000e6600000,0x00000000e6600000,0x00000000eb600000)
  from space 3072K, 98% used [0x00000000eb600000,0x00000000eb8f1620,0x00000000eb900000)
  to   space 3072K, 0% used [0x00000000eb900000,0x00000000eb900000,0x00000000ebc00000)
 ParOldGen       total 133120K, used 99625K [0x00000000b3200000, 0x00000000bb400000, 0x00000000e6600000)
  object space 133120K, 74% used [0x00000000b3200000,0x00000000b934a6e0,0x00000000bb400000)
 Metaspace       used 14110K, capacity 14396K, committed 14720K, reserved 1062912K
  class space    used 1535K, capacity 1622K, committed 1664K, reserved 1048576K
GC Heap History (9 events):
Event: 1.424 GC heap before
{Heap before GC invocations=1 (full 0):
 PSYoungGen      total 23552K, used 14162K [0x00000000e6600000, 0x00000000e8000000, 0x0000000100000000)
  eden space 20480K, 69% used [0x00000000e6600000,0x00000000e73d48e0,0x00000000e7a00000)
  from space 3072K, 0% used [0x00000000e7d00000,0x00000000e7d00000,0x00000000e8000000)
  to   space 3072K, 0% used [0x00000000e7a00000,0x00000000e7a00000,0x00000000e7d00000)
 ParOldGen       total 53248K, used 0K [0x00000000b3200000, 0x00000000b6600000, 0x00000000e6600000)
  object space 53248K, 0% used [0x00000000b3200000,0x00000000b3200000,0x00000000b6600000)
 Metaspace       used 8144K, capacity 8348K, committed 8448K, reserved 1056768K
  class space    used 902K, capacity 996K, committed 1024K, reserved 1048576K
Event: 1.443 GC heap after
Heap after GC invocations=1 (full 0):
 PSYoungGen      total 23552K, used 3041K [0x00000000e6600000, 0x00000000e9400000, 0x0000000100000000)
  eden space 20480K, 0% used [0x00000000e6600000,0x00000000e6600000,0x00000000e7a00000)
  from space 3072K, 99% used [0x00000000e7a00000,0x00000000e7cf8620,0x00000000e7d00000)
  to   space 3072K, 0% used [0x00000000e9100000,0x00000000e9100000,0x00000000e9400000)
 ParOldGen       total 53248K, used 8140K [0x00000000b3200000, 0x00000000b6600000, 0x00000000e6600000)
  object space 53248K, 15% used [0x00000000b3200000,0x00000000b39f3020,0x00000000b6600000)
 Metaspace       used 8144K, capacity 8348K, committed 8448K, reserved 1056768K
  class space    used 902K, capacity 996K, committed 1024K, reserved 1048576K
}
Event: 3.889 GC heap before
{Heap before GC invocations=2 (full 0):
 PSYoungGen      total 23552K, used 23521K [0x00000000e6600000, 0x00000000e9400000, 0x0000000100000000)
  eden space 20480K, 100% used [0x00000000e6600000,0x00000000e7a00000,0x00000000e7a00000)
  from space 3072K, 99% used [0x00000000e7a00000,0x00000000e7cf8620,0x00000000e7d00000)
  to   space 3072K, 0% used [0x00000000e9100000,0x00000000e9100000,0x00000000e9400000)
 ParOldGen       total 53248K, used 8140K [0x00000000b3200000, 0x00000000b6600000, 0x00000000e6600000)
  object space 53248K, 15% used [0x00000000b3200000,0x00000000b39f3020,0x00000000b6600000)
 Metaspace       used 10660K, capacity 10870K, committed 11008K, reserved 1058816K
  class space    used 1160K, capacity 1257K, committed 1280K, reserved 1048576K
Event: 3.950 GC heap after
Heap after GC invocations=2 (full 0):
 PSYoungGen      total 44032K, used 3066K [0x00000000e6600000, 0x00000000e9400000, 0x0000000100000000)
  eden space 40960K, 0% used [0x00000000e6600000,0x00000000e6600000,0x00000000e8e00000)
  from space 3072K, 99% used [0x00000000e9100000,0x00000000e93fe990,0x00000000e9400000)
  to   space 3072K, 0% used [0x00000000e8e00000,0x00000000e8e00000,0x00000000e9100000)
 ParOldGen       total 53248K, used 18999K [0x00000000b3200000, 0x00000000b6600000, 0x00000000e6600000)
  object space 53248K, 35% used [0x00000000b3200000,0x00000000b448dc30,0x00000000b6600000)
 Metaspace       used 10660K, capacity 10870K, committed 11008K, reserved 1058816K
  class space    used 1160K, capacity 1257K, committed 1280K, reserved 1048576K
}
Event: 7.011 GC heap before
{Heap before GC invocations=3 (full 0):
 PSYoungGen      total 44032K, used 44026K [0x00000000e6600000, 0x00000000e9400000, 0x0000000100000000)
  eden space 40960K, 100% used [0x00000000e6600000,0x00000000e8e00000,0x00000000e8e00000)
  from space 3072K, 99% used [0x00000000e9100000,0x00000000e93fe990,0x00000000e9400000)
  to   space 3072K, 0% used [0x00000000e8e00000,0x00000000e8e00000,0x00000000e9100000)
 ParOldGen       total 133120K, used 98585K [0x00000000b3200000, 0x00000000bb400000, 0x00000000e6600000)
  object space 133120K, 74% used [0x00000000b3200000,0x00000000b9246580,0x00000000bb400000)
 Metaspace       used 14055K, capacity 14332K, committed 14720K, reserved 1062912K
  class space    used 1534K, capacity 1622K, committed 1664K, reserved 1048576K
Event: 7.137 GC heap after
Heap after GC invocations=3 (full 0):
 PSYoungGen      total 44032K, used 3061K [0x00000000e6600000, 0x00000000ebc00000, 0x0000000100000000)
  eden space 40960K, 0% used [0x00000000e6600000,0x00000000e6600000,0x00000000e8e00000)
  from space 3072K, 99% used [0x00000000e8e00000,0x00000000e90fd640,0x00000000e9100000)
  to   space 3072K, 0% used [0x00000000eb900000,0x00000000eb900000,0x00000000ebc00000)
 ParOldGen       total 133120K, used 99545K [0x00000000b3200000, 0x00000000bb400000, 0x00000000e6600000)
  object space 133120K, 74% used [0x00000000b3200000,0x00000000b93366d0,0x00000000bb400000)
 Metaspace       used 14055K, capacity 14332K, committed 14720K, reserved 1062912K
  class space    used 1534K, capacity 1622K, committed 1664K, reserved 1048576K
}
Event: 7.332 GC heap before
{Heap before GC invocations=4 (full 0):
 PSYoungGen      total 44032K, used 44021K [0x00000000e6600000, 0x00000000ebc00000, 0x0000000100000000)
  eden space 40960K, 100% used [0x00000000e6600000,0x00000000e8e00000,0x00000000e8e00000)
  from space 3072K, 99% used [0x00000000e8e00000,0x00000000e90fd640,0x00000000e9100000)
  to   space 3072K, 0% used [0x00000000eb900000,0x00000000eb900000,0x00000000ebc00000)
 ParOldGen       total 133120K, used 99545K [0x00000000b3200000, 0x00000000bb400000, 0x00000000e6600000)
  object space 133120K, 74% used [0x00000000b3200000,0x00000000b93366d0,0x00000000bb400000)
 Metaspace       used 14083K, capacity 14332K, committed 14720K, reserved 1062912K
  class space    used 1535K, capacity 1622K, committed 1664K, reserved 1048576K
Event: 7.377 GC heap after
Heap after GC invocations=4 (full 0):
 PSYoungGen      total 84992K, used 3025K [0x00000000e6600000, 0x00000000ebc00000, 0x0000000100000000)
  eden space 81920K, 0% used [0x00000000e6600000,0x00000000e6600000,0x00000000eb600000)
  from space 3072K, 98% used [0x00000000eb900000,0x00000000ebbf4440,0x00000000ebc00000)
  to   space 3072K, 0% used [0x00000000eb600000,0x00000000eb600000,0x00000000eb900000)
 ParOldGen       total 133120K, used 99617K [0x00000000b3200000, 0x00000000bb400000, 0x00000000e6600000)
  object space 133120K, 74% used [0x00000000b3200000,0x00000000b93486e0,0x00000000bb400000)
 Metaspace       used 14083K, capacity 14332K, committed 14720K, reserved 1062912K
  class space    used 1535K, capacity 1622K, committed 1664K, reserved 1048576K
}
Event: 7.702 GC heap before
{Heap before GC invocations=5 (full 0):
 PSYoungGen      total 84992K, used 84945K [0x00000000e6600000, 0x00000000ebc00000, 0x0000000100000000)
  eden space 81920K, 100% used [0x00000000e6600000,0x00000000eb600000,0x00000000eb600000)
  from space 3072K, 98% used [0x00000000eb900000,0x00000000ebbf4440,0x00000000ebc00000)
  to   space 3072K, 0% used [0x00000000eb600000,0x00000000eb600000,0x00000000eb900000)
 ParOldGen       total 133120K, used 99617K [0x00000000b3200000, 0x00000000bb400000, 0x00000000e6600000)
  object space 133120K, 74% used [0x00000000b3200000,0x00000000b93486e0,0x00000000bb400000)
 Metaspace       used 14110K, capacity 14396K, committed 14720K, reserved 1062912K
  class space    used 1535K, capacity 1622K, committed 1664K, reserved 1048576K

