# JRE version: OpenJDK Runtime Environment (8.0_222-b10) (build 1.8.0_222-8u222-b10-1ubuntu1~16.04.1-b10)
# Java VM: OpenJDK 64-Bit Server VM (25.222-b10 mixed mode linux-amd64 compressed oops)
Heap:
 PSYoungGen      total 252416K, used 27128K [0x00000000e6600000, 0x00000000fa000000, 0x0000000100000000)
  eden space 183296K, 0% used [0x00000000e6600000,0x00000000e6600000,0x00000000f1900000)
  from space 69120K, 39% used [0x00000000f1900000,0x00000000f337e030,0x00000000f5c80000)
  to   space 62976K, 0% used [0x00000000f6280000,0x00000000f6280000,0x00000000fa000000)
 ParOldGen       total 124928K, used 39590K [0x00000000b3200000, 0x00000000bac00000, 0x00000000e6600000)
  object space 124928K, 31% used [0x00000000b3200000,0x00000000b58a99f0,0x00000000bac00000)
 Metaspace       used 13065K, capacity 13246K, committed 13568K, reserved 1060864K
  class space    used 1422K, capacity 1513K, committed 1536K, reserved 1048576K
GC Heap History (10 events):
Event: 5.003 GC heap after
Heap after GC invocations=9 (full 3):
 PSYoungGen      total 133120K, used 36160K [0x00000000e6600000, 0x00000000f2180000, 0x0000000100000000)
  eden space 93696K, 0% used [0x00000000e6600000,0x00000000e6600000,0x00000000ec180000)
  from space 39424K, 91% used [0x00000000ef580000,0x00000000f18d0040,0x00000000f1c00000)
  to   space 49152K, 0% used [0x00000000ec180000,0x00000000ec180000,0x00000000ef180000)
 ParOldGen       total 124928K, used 30550K [0x00000000b3200000, 0x00000000bac00000, 0x00000000e6600000)
  object space 124928K, 24% used [0x00000000b3200000,0x00000000b4fd59e0,0x00000000bac00000)
 Metaspace       used 12881K, capacity 13114K, committed 13312K, reserved 1060864K
  class space    used 1422K, capacity 1513K, committed 1536K, reserved 1048576K
}
Event: 5.294 GC heap before
{Heap before GC invocations=10 (full 3):
 PSYoungGen      total 133120K, used 127871K [0x00000000e6600000, 0x00000000f2180000, 0x0000000100000000)
  eden space 93696K, 97% used [0x00000000e6600000,0x00000000ebf8ffb8,0x00000000ec180000)
  from space 39424K, 91% used [0x00000000ef580000,0x00000000f18d0040,0x00000000f1c00000)
  to   space 49152K, 0% used [0x00000000ec180000,0x00000000ec180000,0x00000000ef180000)
 ParOldGen       total 124928K, used 30550K [0x00000000b3200000, 0x00000000bac00000, 0x00000000e6600000)
  object space 124928K, 24% used [0x00000000b3200000,0x00000000b4fd59e0,0x00000000bac00000)
 Metaspace       used 12917K, capacity 13114K, committed 13312K, reserved 1060864K
  class space    used 1422K, capacity 1513K, committed 1536K, reserved 1048576K
Event: 5.388 GC heap after
Heap after GC invocations=10 (full 3):
 PSYoungGen      total 142848K, used 45160K [0x00000000e6600000, 0x00000000f6a80000, 0x0000000100000000)
  eden space 93696K, 0% used [0x00000000e6600000,0x00000000e6600000,0x00000000ec180000)
  from space 49152K, 91% used [0x00000000ec180000,0x00000000eed9a050,0x00000000ef180000)
  to   space 59904K, 0% used [0x00000000f3000000,0x00000000f3000000,0x00000000f6a80000)
 ParOldGen       total 124928K, used 30558K [0x00000000b3200000, 0x00000000bac00000, 0x00000000e6600000)
  object space 124928K, 24% used [0x00000000b3200000,0x00000000b4fd79e0,0x00000000bac00000)
 Metaspace       used 12917K, capacity 13114K, committed 13312K, reserved 1060864K
  class space    used 1422K, capacity 1513K, committed 1536K, reserved 1048576K
}
Event: 5.701 GC heap before
{Heap before GC invocations=11 (full 3):
 PSYoungGen      total 142848K, used 137313K [0x00000000e6600000, 0x00000000f6a80000, 0x0000000100000000)
  eden space 93696K, 98% used [0x00000000e6600000,0x00000000ebffe3b0,0x00000000ec180000)
  from space 49152K, 91% used [0x00000000ec180000,0x00000000eed9a050,0x00000000ef180000)
  to   space 59904K, 0% used [0x00000000f3000000,0x00000000f3000000,0x00000000f6a80000)
 ParOldGen       total 124928K, used 30558K [0x00000000b3200000, 0x00000000bac00000, 0x00000000e6600000)
  object space 124928K, 24% used [0x00000000b3200000,0x00000000b4fd79e0,0x00000000bac00000)
 Metaspace       used 12958K, capacity 13178K, committed 13312K, reserved 1060864K
  class space    used 1422K, capacity 1513K, committed 1536K, reserved 1048576K
Event: 5.788 GC heap after
Heap after GC invocations=11 (full 3):
 PSYoungGen      total 200192K, used 45160K [0x00000000e6600000, 0x00000000f7a00000, 0x0000000100000000)
  eden space 140288K, 0% used [0x00000000e6600000,0x00000000e6600000,0x00000000eef00000)
  from space 59904K, 75% used [0x00000000f3000000,0x00000000f5c1a050,0x00000000f6a80000)
  to   space 66560K, 0% used [0x00000000eef00000,0x00000000eef00000,0x00000000f3000000)
 ParOldGen       total 124928K, used 30566K [0x00000000b3200000, 0x00000000bac00000, 0x00000000e6600000)
  object space 124928K, 24% used [0x00000000b3200000,0x00000000b4fd99e0,0x00000000bac00000)
 Metaspace       used 12958K, capacity 13178K, committed 13312K, reserved 1060864K
  class space    used 1422K, capacity 1513K, committed 1536K, reserved 1048576K
}
Event: 6.159 GC heap before
{Heap before GC invocations=12 (full 3):
 PSYoungGen      total 200192K, used 183216K [0x00000000e6600000, 0x00000000f7a00000, 0x0000000100000000)
  eden space 140288K, 98% used [0x00000000e6600000,0x00000000eecd2100,0x00000000eef00000)
  from space 59904K, 75% used [0x00000000f3000000,0x00000000f5c1a050,0x00000000f6a80000)
  to   space 66560K, 0% used [0x00000000eef00000,0x00000000eef00000,0x00000000f3000000)
 ParOldGen       total 124928K, used 30566K [0x00000000b3200000, 0x00000000bac00000, 0x00000000e6600000)
  object space 124928K, 24% used [0x00000000b3200000,0x00000000b4fd99e0,0x00000000bac00000)
 Metaspace       used 13010K, capacity 13242K, committed 13568K, reserved 1060864K
  class space    used 1422K, capacity 1513K, committed 1536K, reserved 1048576K
Event: 6.183 GC heap after
Heap after GC invocations=12 (full 3):
 PSYoungGen      total 206848K, used 45160K [0x00000000e6600000, 0x00000000fa800000, 0x0000000100000000)
  eden space 140288K, 0% used [0x00000000e6600000,0x00000000e6600000,0x00000000eef00000)
  from space 66560K, 67% used [0x00000000eef00000,0x00000000f1b1a050,0x00000000f3000000)
  to   space 71168K, 0% used [0x00000000f6280000,0x00000000f6280000,0x00000000fa800000)
 ParOldGen       total 124928K, used 30574K [0x00000000b3200000, 0x00000000bac00000, 0x00000000e6600000)
  object space 124928K, 24% used [0x00000000b3200000,0x00000000b4fdb9e0,0x00000000bac00000)
 Metaspace       used 13010K, capacity 13242K, committed 13568K, reserved 1060864K
  class space    used 1422K, capacity 1513K, committed 1536K, reserved 1048576K
}
Event: 6.482 GC heap before
{Heap before GC invocations=13 (full 3):
 PSYoungGen      total 206848K, used 183039K [0x00000000e6600000, 0x00000000fa800000, 0x0000000100000000)
  eden space 140288K, 98% used [0x00000000e6600000,0x00000000eeca5ee8,0x00000000eef00000)
  from space 66560K, 67% used [0x00000000eef00000,0x00000000f1b1a050,0x00000000f3000000)
  to   space 71168K, 0% used [0x00000000f6280000,0x00000000f6280000,0x00000000fa800000)
 ParOldGen       total 124928K, used 30574K [0x00000000b3200000, 0x00000000bac00000, 0x00000000e6600000)
  object space 124928K, 24% used [0x00000000b3200000,0x00000000b4fdb9e0,0x00000000bac00000)
 Metaspace       used 13036K, capacity 13242K, committed 13568K, reserved 1060864K
  class space    used 1422K, capacity 1513K, committed 1536K, reserved 1048576K
Event: 6.497 GC heap after
Heap after GC invocations=13 (full 3):
 PSYoungGen      total 246272K, used 9064K [0x00000000e6600000, 0x00000000fa000000, 0x0000000100000000)
  eden space 183296K, 0% used [0x00000000e6600000,0x00000000e6600000,0x00000000f1900000)
  from space 62976K, 14% used [0x00000000f6280000,0x00000000f6b5a010,0x00000000fa000000)
  to   space 69120K, 0% used [0x00000000f1900000,0x00000000f1900000,0x00000000f5c80000)
 ParOldGen       total 124928K, used 39582K [0x00000000b3200000, 0x00000000bac00000, 0x00000000e6600000)
  object space 124928K, 31% used [0x00000000b3200000,0x00000000b58a79f0,0x00000000bac00000)
 Metaspace       used 13036K, capacity 13242K, committed 13568K, reserved 1060864K
  class space    used 1422K, capacity 1513K, committed 1536K, reserved 1048576K
}
Event: 6.847 GC heap before
{Heap before GC invocations=14 (full 3):
 PSYoungGen      total 246272K, used 183768K [0x00000000e6600000, 0x00000000fa000000, 0x0000000100000000)
  eden space 183296K, 95% used [0x00000000e6600000,0x00000000f109c0e8,0x00000000f1900000)
  from space 62976K, 14% used [0x00000000f6280000,0x00000000f6b5a010,0x00000000fa000000)
  to   space 69120K, 0% used [0x00000000f1900000,0x00000000f1900000,0x00000000f5c80000)
 ParOldGen       total 124928K, used 39582K [0x00000000b3200000, 0x00000000bac00000, 0x00000000e6600000)
  object space 124928K, 31% used [0x00000000b3200000,0x00000000b58a79f0,0x00000000bac00000)
 Metaspace       used 13065K, capacity 13246K, committed 13568K, reserved 1060864K
  class space    used 1422K, capacity 1513K, committed 1536K, reserved 1048576K

