# JRE version: OpenJDK Runtime Environment (8.0_222-b10) (build 1.8.0_222-8u222-b10-1ubuntu1~16.04.1-b10)
# Java VM: OpenJDK 64-Bit Server VM (25.222-b10 mixed mode linux-amd64 compressed oops)
Heap:
 PSYoungGen      total 59904K, used 724K [0x00000000e6600000, 0x00000000eaf00000, 0x0000000100000000)
  eden space 56832K, 0% used [0x00000000e6600000,0x00000000e6600000,0x00000000e9d80000)
  from space 3072K, 23% used [0x00000000e9d80000,0x00000000e9e35348,0x00000000ea080000)
  to   space 3072K, 0% used [0x00000000ea080000,0x00000000ea080000,0x00000000ea380000)
 ParOldGen       total 84480K, used 12384K [0x00000000b3200000, 0x00000000b8480000, 0x00000000e6600000)
  object space 84480K, 14% used [0x00000000b3200000,0x00000000b3e18188,0x00000000b8480000)
 Metaspace       used 13530K, capacity 13728K, committed 13952K, reserved 1060864K
  class space    used 1469K, capacity 1546K, committed 1664K, reserved 1048576K
GC Heap History (10 events):
Event: 1.679 GC heap after
Heap after GC invocations=1 (full 0):
 PSYoungGen      total 23552K, used 3041K [0x00000000e6600000, 0x00000000e9400000, 0x0000000100000000)
  eden space 20480K, 0% used [0x00000000e6600000,0x00000000e6600000,0x00000000e7a00000)
  from space 3072K, 99% used [0x00000000e7a00000,0x00000000e7cf8620,0x00000000e7d00000)
  to   space 3072K, 0% used [0x00000000e9100000,0x00000000e9100000,0x00000000e9400000)
 ParOldGen       total 53248K, used 8132K [0x00000000b3200000, 0x00000000b6600000, 0x00000000e6600000)
  object space 53248K, 15% used [0x00000000b3200000,0x00000000b39f1010,0x00000000b6600000)
 Metaspace       used 8165K, capacity 8412K, committed 8448K, reserved 1056768K
  class space    used 902K, capacity 996K, committed 1024K, reserved 1048576K
}
Event: 2.975 GC heap before
{Heap before GC invocations=2 (full 0):
 PSYoungGen      total 23552K, used 23516K [0x00000000e6600000, 0x00000000e9400000, 0x0000000100000000)
  eden space 20480K, 99% used [0x00000000e6600000,0x00000000e79fea38,0x00000000e7a00000)
  from space 3072K, 99% used [0x00000000e7a00000,0x00000000e7cf8620,0x00000000e7d00000)
  to   space 3072K, 0% used [0x00000000e9100000,0x00000000e9100000,0x00000000e9400000)
 ParOldGen       total 53248K, used 8132K [0x00000000b3200000, 0x00000000b6600000, 0x00000000e6600000)
  object space 53248K, 15% used [0x00000000b3200000,0x00000000b39f1010,0x00000000b6600000)
 Metaspace       used 10671K, capacity 10934K, committed 11264K, reserved 1058816K
  class space    used 1160K, capacity 1257K, committed 1280K, reserved 1048576K
Event: 3.000 GC heap after
Heap after GC invocations=2 (full 0):
 PSYoungGen      total 44032K, used 3063K [0x00000000e6600000, 0x00000000e9400000, 0x0000000100000000)
  eden space 40960K, 0% used [0x00000000e6600000,0x00000000e6600000,0x00000000e8e00000)
  from space 3072K, 99% used [0x00000000e9100000,0x00000000e93fdef0,0x00000000e9400000)
  to   space 3072K, 0% used [0x00000000e8e00000,0x00000000e8e00000,0x00000000e9100000)
 ParOldGen       total 53248K, used 41723K [0x00000000b3200000, 0x00000000b6600000, 0x00000000e6600000)
  object space 53248K, 78% used [0x00000000b3200000,0x00000000b5abef40,0x00000000b6600000)
 Metaspace       used 10671K, capacity 10934K, committed 11264K, reserved 1058816K
  class space    used 1160K, capacity 1257K, committed 1280K, reserved 1048576K
}
Event: 3.000 GC heap before
{Heap before GC invocations=3 (full 1):
 PSYoungGen      total 44032K, used 3063K [0x00000000e6600000, 0x00000000e9400000, 0x0000000100000000)
  eden space 40960K, 0% used [0x00000000e6600000,0x00000000e6600000,0x00000000e8e00000)
  from space 3072K, 99% used [0x00000000e9100000,0x00000000e93fdef0,0x00000000e9400000)
  to   space 3072K, 0% used [0x00000000e8e00000,0x00000000e8e00000,0x00000000e9100000)
 ParOldGen       total 53248K, used 41723K [0x00000000b3200000, 0x00000000b6600000, 0x00000000e6600000)
  object space 53248K, 78% used [0x00000000b3200000,0x00000000b5abef40,0x00000000b6600000)
 Metaspace       used 10671K, capacity 10934K, committed 11264K, reserved 1058816K
  class space    used 1160K, capacity 1257K, committed 1280K, reserved 1048576K
Event: 3.054 GC heap after
Heap after GC invocations=3 (full 1):
 PSYoungGen      total 44032K, used 0K [0x00000000e6600000, 0x00000000e9400000, 0x0000000100000000)
  eden space 40960K, 0% used [0x00000000e6600000,0x00000000e6600000,0x00000000e8e00000)
  from space 3072K, 0% used [0x00000000e9100000,0x00000000e9100000,0x00000000e9400000)
  to   space 3072K, 0% used [0x00000000e8e00000,0x00000000e8e00000,0x00000000e9100000)
 ParOldGen       total 84480K, used 12296K [0x00000000b3200000, 0x00000000b8480000, 0x00000000e6600000)
  object space 84480K, 14% used [0x00000000b3200000,0x00000000b3e02178,0x00000000b8480000)
 Metaspace       used 10671K, capacity 10934K, committed 11264K, reserved 1058816K
  class space    used 1160K, capacity 1257K, committed 1280K, reserved 1048576K
}
Event: 5.036 GC heap before
{Heap before GC invocations=4 (full 1):
 PSYoungGen      total 44032K, used 40960K [0x00000000e6600000, 0x00000000e9400000, 0x0000000100000000)
  eden space 40960K, 100% used [0x00000000e6600000,0x00000000e8e00000,0x00000000e8e00000)
  from space 3072K, 0% used [0x00000000e9100000,0x00000000e9100000,0x00000000e9400000)
  to   space 3072K, 0% used [0x00000000e8e00000,0x00000000e8e00000,0x00000000e9100000)
 ParOldGen       total 84480K, used 12296K [0x00000000b3200000, 0x00000000b8480000, 0x00000000e6600000)
  object space 84480K, 14% used [0x00000000b3200000,0x00000000b3e02178,0x00000000b8480000)
 Metaspace       used 13517K, capacity 13728K, committed 13952K, reserved 1060864K
  class space    used 1469K, capacity 1546K, committed 1664K, reserved 1048576K
Event: 5.040 GC heap after
Heap after GC invocations=4 (full 1):
 PSYoungGen      total 44032K, used 686K [0x00000000e6600000, 0x00000000ea380000, 0x0000000100000000)
  eden space 40960K, 0% used [0x00000000e6600000,0x00000000e6600000,0x00000000e8e00000)
  from space 3072K, 22% used [0x00000000e8e00000,0x00000000e8eab940,0x00000000e9100000)
  to   space 3072K, 0% used [0x00000000ea080000,0x00000000ea080000,0x00000000ea380000)
 ParOldGen       total 84480K, used 12368K [0x00000000b3200000, 0x00000000b8480000, 0x00000000e6600000)
  object space 84480K, 14% used [0x00000000b3200000,0x00000000b3e14188,0x00000000b8480000)
 Metaspace       used 13517K, capacity 13728K, committed 13952K, reserved 1060864K
  class space    used 1469K, capacity 1546K, committed 1664K, reserved 1048576K
}
Event: 5.171 GC heap before
{Heap before GC invocations=5 (full 1):
 PSYoungGen      total 44032K, used 41645K [0x00000000e6600000, 0x00000000ea380000, 0x0000000100000000)
  eden space 40960K, 99% used [0x00000000e6600000,0x00000000e8dffae0,0x00000000e8e00000)
  from space 3072K, 22% used [0x00000000e8e00000,0x00000000e8eab940,0x00000000e9100000)
  to   space 3072K, 0% used [0x00000000ea080000,0x00000000ea080000,0x00000000ea380000)
 ParOldGen       total 84480K, used 12368K [0x00000000b3200000, 0x00000000b8480000, 0x00000000e6600000)
  object space 84480K, 14% used [0x00000000b3200000,0x00000000b3e14188,0x00000000b8480000)
 Metaspace       used 13522K, capacity 13728K, committed 13952K, reserved 1060864K
  class space    used 1469K, capacity 1546K, committed 1664K, reserved 1048576K
Event: 5.187 GC heap after
Heap after GC invocations=5 (full 1):
 PSYoungGen      total 59904K, used 686K [0x00000000e6600000, 0x00000000eaf00000, 0x0000000100000000)
  eden space 56832K, 0% used [0x00000000e6600000,0x00000000e6600000,0x00000000e9d80000)
  from space 3072K, 22% used [0x00000000ea080000,0x00000000ea12b920,0x00000000ea380000)
  to   space 3072K, 0% used [0x00000000e9d80000,0x00000000e9d80000,0x00000000ea080000)
 ParOldGen       total 84480K, used 12376K [0x00000000b3200000, 0x00000000b8480000, 0x00000000e6600000)
  object space 84480K, 14% used [0x00000000b3200000,0x00000000b3e16188,0x00000000b8480000)
 Metaspace       used 13522K, capacity 13728K, committed 13952K, reserved 1060864K
  class space    used 1469K, capacity 1546K, committed 1664K, reserved 1048576K
}
Event: 5.337 GC heap before
{Heap before GC invocations=6 (full 1):
 PSYoungGen      total 59904K, used 57518K [0x00000000e6600000, 0x00000000eaf00000, 0x0000000100000000)
  eden space 56832K, 100% used [0x00000000e6600000,0x00000000e9d80000,0x00000000e9d80000)
  from space 3072K, 22% used [0x00000000ea080000,0x00000000ea12b920,0x00000000ea380000)
  to   space 3072K, 0% used [0x00000000e9d80000,0x00000000e9d80000,0x00000000ea080000)
 ParOldGen       total 84480K, used 12376K [0x00000000b3200000, 0x00000000b8480000, 0x00000000e6600000)
  object space 84480K, 14% used [0x00000000b3200000,0x00000000b3e16188,0x00000000b8480000)
 Metaspace       used 13530K, capacity 13728K, committed 13952K, reserved 1060864K
  class space    used 1469K, capacity 1546K, committed 1664K, reserved 1048576K

