# JRE version: OpenJDK Runtime Environment (8.0_222-b10) (build 1.8.0_222-8u222-b10-1ubuntu1~16.04.1-b10)
# Java VM: OpenJDK 64-Bit Server VM (25.222-b10 mixed mode linux-amd64 compressed oops)
Heap:
 PSYoungGen      total 370176K, used 18288K [0x00000000e6600000, 0x00000000ff800000, 0x0000000100000000)
  eden space 329216K, 0% used [0x00000000e6600000,0x00000000e6600000,0x00000000fa780000)
  from space 40960K, 44% used [0x00000000fa780000,0x00000000fb95c020,0x00000000fcf80000)
  to   space 40960K, 0% used [0x00000000fcf80000,0x00000000fcf80000,0x00000000ff780000)
 ParOldGen       total 99840K, used 39733K [0x00000000b3200000, 0x00000000b9380000, 0x00000000e6600000)
  object space 99840K, 39% used [0x00000000b3200000,0x00000000b58cd738,0x00000000b9380000)
 Metaspace       used 14094K, capacity 14272K, committed 14464K, reserved 1062912K
  class space    used 1508K, capacity 1578K, committed 1664K, reserved 1048576K
GC Heap History (10 events):
Event: 13.301 GC heap after
Heap after GC invocations=22 (full 2):
 PSYoungGen      total 304640K, used 18096K [0x00000000e6600000, 0x00000000fc300000, 0x0000000100000000)
  eden space 261632K, 0% used [0x00000000e6600000,0x00000000e6600000,0x00000000f6580000)
  from space 43008K, 42% used [0x00000000f8e00000,0x00000000f9fac020,0x00000000fb800000)
  to   space 41472K, 0% used [0x00000000f6580000,0x00000000f6580000,0x00000000f8e00000)
 ParOldGen       total 99840K, used 39661K [0x00000000b3200000, 0x00000000b9380000, 0x00000000e6600000)
  object space 99840K, 39% used [0x00000000b3200000,0x00000000b58bb738,0x00000000b9380000)
 Metaspace       used 13216K, capacity 13434K, committed 13568K, reserved 1060864K
  class space    used 1422K, capacity 1513K, committed 1536K, reserved 1048576K
}
Event: 34.953 GC heap before
{Heap before GC invocations=23 (full 2):
 PSYoungGen      total 304640K, used 279728K [0x00000000e6600000, 0x00000000fc300000, 0x0000000100000000)
  eden space 261632K, 100% used [0x00000000e6600000,0x00000000f6580000,0x00000000f6580000)
  from space 43008K, 42% used [0x00000000f8e00000,0x00000000f9fac020,0x00000000fb800000)
  to   space 41472K, 0% used [0x00000000f6580000,0x00000000f6580000,0x00000000f8e00000)
 ParOldGen       total 99840K, used 39661K [0x00000000b3200000, 0x00000000b9380000, 0x00000000e6600000)
  object space 99840K, 39% used [0x00000000b3200000,0x00000000b58bb738,0x00000000b9380000)
 Metaspace       used 13930K, capacity 14144K, committed 14464K, reserved 1062912K
  class space    used 1508K, capacity 1578K, committed 1664K, reserved 1048576K
Event: 34.996 GC heap after
Heap after GC invocations=23 (full 2):
 PSYoungGen      total 303104K, used 18352K [0x00000000e6600000, 0x00000000fd800000, 0x0000000100000000)
  eden space 261632K, 0% used [0x00000000e6600000,0x00000000e6600000,0x00000000f6580000)
  from space 41472K, 44% used [0x00000000f6580000,0x00000000f776c020,0x00000000f8e00000)
  to   space 39936K, 0% used [0x00000000fb100000,0x00000000fb100000,0x00000000fd800000)
 ParOldGen       total 99840K, used 39677K [0x00000000b3200000, 0x00000000b9380000, 0x00000000e6600000)
  object space 99840K, 39% used [0x00000000b3200000,0x00000000b58bf738,0x00000000b9380000)
 Metaspace       used 13930K, capacity 14144K, committed 14464K, reserved 1062912K
  class space    used 1508K, capacity 1578K, committed 1664K, reserved 1048576K
}
Event: 35.707 GC heap before
{Heap before GC invocations=24 (full 2):
 PSYoungGen      total 303104K, used 279984K [0x00000000e6600000, 0x00000000fd800000, 0x0000000100000000)
  eden space 261632K, 100% used [0x00000000e6600000,0x00000000f6580000,0x00000000f6580000)
  from space 41472K, 44% used [0x00000000f6580000,0x00000000f776c020,0x00000000f8e00000)
  to   space 39936K, 0% used [0x00000000fb100000,0x00000000fb100000,0x00000000fd800000)
 ParOldGen       total 99840K, used 39677K [0x00000000b3200000, 0x00000000b9380000, 0x00000000e6600000)
  object space 99840K, 39% used [0x00000000b3200000,0x00000000b58bf738,0x00000000b9380000)
 Metaspace       used 13989K, capacity 14144K, committed 14464K, reserved 1062912K
  class space    used 1508K, capacity 1578K, committed 1664K, reserved 1048576K
Event: 35.759 GC heap after
Heap after GC invocations=24 (full 2):
 PSYoungGen      total 333824K, used 27278K [0x00000000e6600000, 0x00000000fd600000, 0x0000000100000000)
  eden space 295936K, 0% used [0x00000000e6600000,0x00000000e6600000,0x00000000f8700000)
  from space 37888K, 71% used [0x00000000fb100000,0x00000000fcba3a40,0x00000000fd600000)
  to   space 40448K, 0% used [0x00000000f8700000,0x00000000f8700000,0x00000000fae80000)
 ParOldGen       total 99840K, used 39693K [0x00000000b3200000, 0x00000000b9380000, 0x00000000e6600000)
  object space 99840K, 39% used [0x00000000b3200000,0x00000000b58c3738,0x00000000b9380000)
 Metaspace       used 13989K, capacity 14144K, committed 14464K, reserved 1062912K
  class space    used 1508K, capacity 1578K, committed 1664K, reserved 1048576K
}
Event: 36.218 GC heap before
{Heap before GC invocations=25 (full 2):
 PSYoungGen      total 333824K, used 323214K [0x00000000e6600000, 0x00000000fd600000, 0x0000000100000000)
  eden space 295936K, 100% used [0x00000000e6600000,0x00000000f8700000,0x00000000f8700000)
  from space 37888K, 71% used [0x00000000fb100000,0x00000000fcba3a40,0x00000000fd600000)
  to   space 40448K, 0% used [0x00000000f8700000,0x00000000f8700000,0x00000000fae80000)
 ParOldGen       total 99840K, used 39693K [0x00000000b3200000, 0x00000000b9380000, 0x00000000e6600000)
  object space 99840K, 39% used [0x00000000b3200000,0x00000000b58c3738,0x00000000b9380000)
 Metaspace       used 14039K, capacity 14208K, committed 14464K, reserved 1062912K
  class space    used 1508K, capacity 1578K, committed 1664K, reserved 1048576K
Event: 36.227 GC heap after
Heap after GC invocations=25 (full 2):
 PSYoungGen      total 336384K, used 27288K [0x00000000e6600000, 0x00000000ff780000, 0x0000000100000000)
  eden space 295936K, 0% used [0x00000000e6600000,0x00000000e6600000,0x00000000f8700000)
  from space 40448K, 67% used [0x00000000f8700000,0x00000000fa1a6030,0x00000000fae80000)
  to   space 40960K, 0% used [0x00000000fcf80000,0x00000000fcf80000,0x00000000ff780000)
 ParOldGen       total 99840K, used 39709K [0x00000000b3200000, 0x00000000b9380000, 0x00000000e6600000)
  object space 99840K, 39% used [0x00000000b3200000,0x00000000b58c7738,0x00000000b9380000)
 Metaspace       used 14039K, capacity 14208K, committed 14464K, reserved 1062912K
  class space    used 1508K, capacity 1578K, committed 1664K, reserved 1048576K
}
Event: 36.670 GC heap before
{Heap before GC invocations=26 (full 2):
 PSYoungGen      total 336384K, used 323224K [0x00000000e6600000, 0x00000000ff780000, 0x0000000100000000)
  eden space 295936K, 100% used [0x00000000e6600000,0x00000000f8700000,0x00000000f8700000)
  from space 40448K, 67% used [0x00000000f8700000,0x00000000fa1a6030,0x00000000fae80000)
  to   space 40960K, 0% used [0x00000000fcf80000,0x00000000fcf80000,0x00000000ff780000)
 ParOldGen       total 99840K, used 39709K [0x00000000b3200000, 0x00000000b9380000, 0x00000000e6600000)
  object space 99840K, 39% used [0x00000000b3200000,0x00000000b58c7738,0x00000000b9380000)
 Metaspace       used 14060K, capacity 14272K, committed 14464K, reserved 1062912K
  class space    used 1508K, capacity 1578K, committed 1664K, reserved 1048576K
Event: 36.712 GC heap after
Heap after GC invocations=26 (full 2):
 PSYoungGen      total 370176K, used 27256K [0x00000000e6600000, 0x00000000ff800000, 0x0000000100000000)
  eden space 329216K, 0% used [0x00000000e6600000,0x00000000e6600000,0x00000000fa780000)
  from space 40960K, 66% used [0x00000000fcf80000,0x00000000fea1e030,0x00000000ff780000)
  to   space 40960K, 0% used [0x00000000fa780000,0x00000000fa780000,0x00000000fcf80000)
 ParOldGen       total 99840K, used 39717K [0x00000000b3200000, 0x00000000b9380000, 0x00000000e6600000)
  object space 99840K, 39% used [0x00000000b3200000,0x00000000b58c9738,0x00000000b9380000)
 Metaspace       used 14060K, capacity 14272K, committed 14464K, reserved 1062912K
  class space    used 1508K, capacity 1578K, committed 1664K, reserved 1048576K
}
Event: 37.314 GC heap before
{Heap before GC invocations=27 (full 2):
 PSYoungGen      total 370176K, used 356472K [0x00000000e6600000, 0x00000000ff800000, 0x0000000100000000)
  eden space 329216K, 100% used [0x00000000e6600000,0x00000000fa780000,0x00000000fa780000)
  from space 40960K, 66% used [0x00000000fcf80000,0x00000000fea1e030,0x00000000ff780000)
  to   space 40960K, 0% used [0x00000000fa780000,0x00000000fa780000,0x00000000fcf80000)
 ParOldGen       total 99840K, used 39717K [0x00000000b3200000, 0x00000000b9380000, 0x00000000e6600000)
  object space 99840K, 39% used [0x00000000b3200000,0x00000000b58c9738,0x00000000b9380000)
 Metaspace       used 14094K, capacity 14272K, committed 14464K, reserved 1062912K
  class space    used 1508K, capacity 1578K, committed 1664K, reserved 1048576K

